#
# There is insufficient memory for the Java Runtime Environment to continue.
# Native memory allocation (malloc) failed to allocate 1263376 bytes for Chunk::new
# Possible reasons:
#   The system is out of physical RAM or swap space
#   The process is running with CompressedOops enabled, and the Java Heap may be blocking the growth of the native heap
# Possible solutions:
#   Reduce memory load on the system
#   Increase physical memory or swap space
#   Check if swap backing store is full
#   Decrease Java heap size (-Xmx/-Xms)
#   Decrease number of Java threads
#   Decrease Java thread stack sizes (-Xss)
#   Set larger code cache with -XX:ReservedCodeCacheSize=
#   JVM is running with Unscaled Compressed Oops mode in which the Java heap is
#     placed in the first 4GB address space. The Java Heap base address is the
#     maximum limit for the native heap growth. Please use -XX:HeapBaseMinAddress
#     to set the Java Heap base and to place the Java Heap above 4GB virtual address.
# This output file may be truncated or incomplete.
#
#  Out of Memory Error (./src/hotspot/share/memory/arena.cpp:197), pid=11012, tid=5380
#
# JRE version: OpenJDK Runtime Environment (11.0.13) (build 11.0.13+0-b1751.21-8125866)
# Java VM: OpenJDK 64-Bit Server VM (11.0.13+0-b1751.21-8125866, mixed mode, tiered, compressed oops, g1 gc, windows-amd64)
# No core dump will be written. Minidumps are not enabled by default on client versions of Windows
#

---------------  S U M M A R Y ------------

Command Line: --add-opens=java.base/java.util=ALL-UNNAMED --add-opens=java.base/java.lang=ALL-UNNAMED --add-opens=java.base/java.lang.invoke=ALL-UNNAMED --add-opens=java.base/java.util=ALL-UNNAMED --add-opens=java.prefs/java.util.prefs=ALL-UNNAMED --add-opens=java.prefs/java.util.prefs=ALL-UNNAMED --add-opens=java.base/java.nio.charset=ALL-UNNAMED --add-opens=java.base/java.net=ALL-UNNAMED --add-opens=java.base/java.util.concurrent.atomic=ALL-UNNAMED -Xmx1536M -Dfile.encoding=windows-1252 -Duser.country=US -Duser.language=en -Duser.variant org.gradle.launcher.daemon.bootstrap.GradleDaemon 7.4

Host: Intel(R) Core(TM) i5-6300U CPU @ 2.40GHz, 4 cores, 7G,  Windows 10 , 64 bit Build 19041 (10.0.19041.2913)
Time: Wed May 31 22:50:22 2023 Pakistan Standard Time elapsed time: 12.378437 seconds (0d 0h 0m 12s)

---------------  T H R E A D  ---------------

Current thread (0x000001547ee03000):  JavaThread "C2 CompilerThread0" daemon [_thread_in_native, id=5380, stack(0x00000025a0300000,0x00000025a0400000)]


Current CompileTask:
C2:  12378 3255   !   4       jdk.internal.loader.URLClassPath$JarLoader::getResource (353 bytes)

Stack: [0x00000025a0300000,0x00000025a0400000]
Native frames: (J=compiled Java code, j=interpreted, Vv=VM code, C=native code)
V  [jvm.dll+0x6100fa]
V  [jvm.dll+0x747090]
V  [jvm.dll+0x7486ad]
V  [jvm.dll+0x748d83]
V  [jvm.dll+0x24ab48]
V  [jvm.dll+0xc04dc]
V  [jvm.dll+0xc0a0c]
V  [jvm.dll+0x35eb5b]
V  [jvm.dll+0x32b833]
V  [jvm.dll+0x32ad2a]
V  [jvm.dll+0x2032b2]
V  [jvm.dll+0x202437]
V  [jvm.dll+0x188e01]
V  [jvm.dll+0x21106b]
V  [jvm.dll+0x20f8c1]
V  [jvm.dll+0x70de0f]
V  [jvm.dll+0x706a75]
V  [jvm.dll+0x60ed66]
C  [ucrtbase.dll+0x21bb2]
C  [KERNEL32.DLL+0x17614]
C  [ntdll.dll+0x526a1]


---------------  P R O C E S S  ---------------

Threads class SMR info:
_java_thread_list=0x0000015416a093d0, length=31, elements={
0x000001547a4e0000, 0x000001547eddd000, 0x000001547edde000, 0x000001547edfc000,
0x000001547edfe800, 0x000001547ee00000, 0x000001547ee03000, 0x000001547ee08000,
0x000001547f7c1000, 0x000001547f8b0800, 0x00000154164ba800, 0x0000015415303000,
0x0000015415a25800, 0x0000015415043800, 0x0000015414103800, 0x0000015414d6d800,
0x0000015414b3f000, 0x00000154154b2800, 0x0000015416238000, 0x0000015414b86800,
0x00000154146fe800, 0x00000154146fb000, 0x00000154146fc000, 0x00000154146fc800,
0x00000154146fd800, 0x00000154146ff000, 0x0000015414700000, 0x00000154146fa000,
0x0000015414700800, 0x0000015416d3f000, 0x0000015416cf6800
}

Java Threads: ( => current thread )
  0x000001547a4e0000 JavaThread "main" [_thread_blocked, id=8676, stack(0x000000259f700000,0x000000259f800000)]
  0x000001547eddd000 JavaThread "Reference Handler" daemon [_thread_blocked, id=1812, stack(0x000000259fe00000,0x000000259ff00000)]
  0x000001547edde000 JavaThread "Finalizer" daemon [_thread_blocked, id=13704, stack(0x000000259ff00000,0x00000025a0000000)]
  0x000001547edfc000 JavaThread "Signal Dispatcher" daemon [_thread_blocked, id=13872, stack(0x00000025a0000000,0x00000025a0100000)]
  0x000001547edfe800 JavaThread "Attach Listener" daemon [_thread_blocked, id=8012, stack(0x00000025a0100000,0x00000025a0200000)]
  0x000001547ee00000 JavaThread "Service Thread" daemon [_thread_blocked, id=12140, stack(0x00000025a0200000,0x00000025a0300000)]
=>0x000001547ee03000 JavaThread "C2 CompilerThread0" daemon [_thread_in_native, id=5380, stack(0x00000025a0300000,0x00000025a0400000)]
  0x000001547ee08000 JavaThread "C1 CompilerThread0" daemon [_thread_blocked, id=8352, stack(0x00000025a0400000,0x00000025a0500000)]
  0x000001547f7c1000 JavaThread "Sweeper thread" daemon [_thread_blocked, id=7624, stack(0x00000025a0500000,0x00000025a0600000)]
  0x000001547f8b0800 JavaThread "Common-Cleaner" daemon [_thread_blocked, id=13804, stack(0x00000025a0600000,0x00000025a0700000)]
  0x00000154164ba800 JavaThread "Daemon health stats" [_thread_blocked, id=1144, stack(0x00000025a0b00000,0x00000025a0c00000)]
  0x0000015415303000 JavaThread "Incoming local TCP Connector on port 57518" [_thread_in_native, id=3632, stack(0x00000025a0800000,0x00000025a0900000)]
  0x0000015415a25800 JavaThread "Daemon periodic checks" [_thread_blocked, id=13536, stack(0x00000025a0d00000,0x00000025a0e00000)]
  0x0000015415043800 JavaThread "Daemon" [_thread_blocked, id=11200, stack(0x00000025a0e00000,0x00000025a0f00000)]
  0x0000015414103800 JavaThread "Handler for socket connection from /127.0.0.1:57518 to /127.0.0.1:57519" [_thread_in_native, id=13516, stack(0x00000025a0f00000,0x00000025a1000000)]
  0x0000015414d6d800 JavaThread "Cancel handler" [_thread_blocked, id=7628, stack(0x00000025a1000000,0x00000025a1100000)]
  0x0000015414b3f000 JavaThread "Daemon worker" [_thread_in_vm, id=13688, stack(0x00000025a1200000,0x00000025a1300000)]
  0x00000154154b2800 JavaThread "Asynchronous log dispatcher for DefaultDaemonConnection: socket connection from /127.0.0.1:57518 to /127.0.0.1:57519" [_thread_blocked, id=8144, stack(0x00000025a1300000,0x00000025a1400000)]
  0x0000015416238000 JavaThread "Stdin handler" [_thread_blocked, id=11980, stack(0x00000025a1400000,0x00000025a1500000)]
  0x0000015414b86800 JavaThread "Daemon client event forwarder" [_thread_blocked, id=12432, stack(0x00000025a1500000,0x00000025a1600000)]
  0x00000154146fe800 JavaThread "Cache worker for journal cache (C:\Users\wiz tech\.gradle\caches\journal-1)" [_thread_blocked, id=8672, stack(0x00000025a1100000,0x00000025a1200000)]
  0x00000154146fb000 JavaThread "File lock request listener" [_thread_in_native, id=11692, stack(0x00000025a1600000,0x00000025a1700000)]
  0x00000154146fc000 JavaThread "Cache worker for file hash cache (C:\Users\wiz tech\.gradle\caches\7.4\fileHashes)" [_thread_blocked, id=13792, stack(0x00000025a1700000,0x00000025a1800000)]
  0x00000154146fc800 JavaThread "File watcher server" daemon [_thread_in_native, id=8164, stack(0x00000025a1800000,0x00000025a1900000)]
  0x00000154146fd800 JavaThread "File watcher consumer" daemon [_thread_blocked, id=7156, stack(0x00000025a1900000,0x00000025a1a00000)]
  0x00000154146ff000 JavaThread "Cache worker for checksums cache (D:\Projects\Flutter Projects\GateKepeerApp-2-27-2023-main\android\.gradle\7.4\checksums)" [_thread_blocked, id=5432, stack(0x00000025a1a00000,0x00000025a1b00000)]
  0x0000015414700000 JavaThread "Cache worker for cache directory md-rule (C:\Users\wiz tech\.gradle\caches\7.4\md-rule)" [_thread_blocked, id=10040, stack(0x00000025a1b00000,0x00000025a1c00000)]
  0x00000154146fa000 JavaThread "Cache worker for file hash cache (D:\Projects\Flutter Projects\GateKepeerApp-2-27-2023-main\android\.gradle\7.4\fileHashes)" [_thread_blocked, id=8532, stack(0x00000025a1c00000,0x00000025a1d00000)]
  0x0000015414700800 JavaThread "Cache worker for cache directory md-supplier (C:\Users\wiz tech\.gradle\caches\7.4\md-supplier)" [_thread_blocked, id=2504, stack(0x00000025a1d00000,0x00000025a1e00000)]
  0x0000015416d3f000 JavaThread "Cache worker for execution history cache (C:\Users\wiz tech\.gradle\caches\7.4\executionHistory)" [_thread_blocked, id=9432, stack(0x00000025a1f00000,0x00000025a2000000)]
  0x0000015416cf6800 JavaThread "C2 CompilerThread1" daemon [_thread_in_native, id=4408, stack(0x00000025a1e00000,0x00000025a1f00000)]

Other Threads:
  0x000001547edb8800 VMThread "VM Thread" [stack: 0x000000259fd00000,0x000000259fe00000] [id=13888]
  0x000001547f8ef000 WatcherThread [stack: 0x00000025a0700000,0x00000025a0800000] [id=2840]
  0x000001547a4fa800 GCTaskThread "GC Thread#0" [stack: 0x000000259f800000,0x000000259f900000] [id=3772]
  0x00000154143cb800 GCTaskThread "GC Thread#1" [stack: 0x00000025a0900000,0x00000025a0a00000] [id=7804]
  0x00000154145a3800 GCTaskThread "GC Thread#2" [stack: 0x00000025a0a00000,0x00000025a0b00000] [id=2344]
  0x00000154167a0800 GCTaskThread "GC Thread#3" [stack: 0x00000025a0c00000,0x00000025a0d00000] [id=4644]
  0x000001547a51f000 ConcurrentGCThread "G1 Main Marker" [stack: 0x000000259f900000,0x000000259fa00000] [id=9768]
  0x000001547a520800 ConcurrentGCThread "G1 Conc#0" [stack: 0x000000259fa00000,0x000000259fb00000] [id=8968]
  0x000001547a5ae000 ConcurrentGCThread "G1 Refine#0" [stack: 0x000000259fb00000,0x000000259fc00000] [id=8188]
  0x000001547a5af000 ConcurrentGCThread "G1 Young RemSet Sampling" [stack: 0x000000259fc00000,0x000000259fd00000] [id=8132]

Threads with active compile tasks:
C2 CompilerThread0  12426 3255   !   4       jdk.internal.loader.URLClassPath$JarLoader::getResource (353 bytes)
C2 CompilerThread1  12426 3271       4       jdk.internal.util.jar.JarIndex::get (49 bytes)

VM state:not at safepoint (normal execution)

VM Mutex/Monitor currently owned by a thread: None

Heap address: 0x00000000a0000000, size: 1536 MB, Compressed Oops mode: 32-bit
Narrow klass base: 0x0000000000000000, Narrow klass shift: 3
Compressed class space size: 1073741824 Address: 0x0000000100000000

Heap:
 garbage-first heap   total 131072K, used 50613K [0x00000000a0000000, 0x0000000100000000)
  region size 1024K, 35 young (35840K), 7 survivors (7168K)
 Metaspace       used 37168K, capacity 38056K, committed 38224K, reserved 1083392K
  class space    used 4694K, capacity 5035K, committed 5120K, reserved 1048576K
Heap Regions: E=young(eden), S=young(survivor), O=old, HS=humongous(starts), HC=humongous(continues), CS=collection set, F=free, A=archive, TAMS=top-at-mark-start (previous, next)
|   0|0x00000000a0000000, 0x00000000a0100000, 0x00000000a0100000|100%|HS|  |TAMS 0x00000000a0100000, 0x00000000a0000000| Complete 
|   1|0x00000000a0100000, 0x00000000a0200000, 0x00000000a0200000|100%|HC|  |TAMS 0x00000000a0200000, 0x00000000a0100000| Complete 
|   2|0x00000000a0200000, 0x00000000a0300000, 0x00000000a0300000|100%|HC|  |TAMS 0x00000000a0300000, 0x00000000a0200000| Complete 
|   3|0x00000000a0300000, 0x00000000a0400000, 0x00000000a0400000|100%| O|  |TAMS 0x00000000a0400000, 0x00000000a0300000| Untracked 
|   4|0x00000000a0400000, 0x00000000a0500000, 0x00000000a0500000|100%| O|  |TAMS 0x00000000a0500000, 0x00000000a0400000| Untracked 
|   5|0x00000000a0500000, 0x00000000a0600000, 0x00000000a0600000|100%| O|  |TAMS 0x00000000a0600000, 0x00000000a0500000| Untracked 
|   6|0x00000000a0600000, 0x00000000a0700000, 0x00000000a0700000|100%| O|  |TAMS 0x00000000a0700000, 0x00000000a0600000| Untracked 
|   7|0x00000000a0700000, 0x00000000a0800000, 0x00000000a0800000|100%| O|  |TAMS 0x00000000a0800000, 0x00000000a0700000| Untracked 
|   8|0x00000000a0800000, 0x00000000a0900000, 0x00000000a0900000|100%| O|  |TAMS 0x00000000a0900000, 0x00000000a0800000| Untracked 
|   9|0x00000000a0900000, 0x00000000a0a00000, 0x00000000a0a00000|100%| O|  |TAMS 0x00000000a0a00000, 0x00000000a0900000| Untracked 
|  10|0x00000000a0a00000, 0x00000000a0b00000, 0x00000000a0b00000|100%| O|  |TAMS 0x00000000a0b00000, 0x00000000a0a00000| Untracked 
|  11|0x00000000a0b00000, 0x00000000a0c00000, 0x00000000a0c00000|100%| O|  |TAMS 0x00000000a0c00000, 0x00000000a0b00000| Untracked 
|  12|0x00000000a0c00000, 0x00000000a0d00000, 0x00000000a0d00000|100%| O|  |TAMS 0x00000000a0d00000, 0x00000000a0c00000| Untracked 
|  13|0x00000000a0d00000, 0x00000000a0e00000, 0x00000000a0e00000|100%| O|  |TAMS 0x00000000a0e00000, 0x00000000a0d00000| Untracked 
|  14|0x00000000a0e00000, 0x00000000a0f00000, 0x00000000a0f00000|100%| O|  |TAMS 0x00000000a0f00000, 0x00000000a0e00000| Untracked 
|  15|0x00000000a0f00000, 0x00000000a1000000, 0x00000000a1000000|100%| O|  |TAMS 0x00000000a1000000, 0x00000000a0f00000| Untracked 
|  16|0x00000000a1000000, 0x00000000a100c600, 0x00000000a1100000|  4%| O|  |TAMS 0x00000000a100c600, 0x00000000a1000000| Untracked 
|  17|0x00000000a1100000, 0x00000000a1100000, 0x00000000a1200000|  0%| F|  |TAMS 0x00000000a1100000, 0x00000000a1100000| Untracked 
|  18|0x00000000a1200000, 0x00000000a1200000, 0x00000000a1300000|  0%| F|  |TAMS 0x00000000a1200000, 0x00000000a1200000| Untracked 
|  19|0x00000000a1300000, 0x00000000a1300000, 0x00000000a1400000|  0%| F|  |TAMS 0x00000000a1300000, 0x00000000a1300000| Untracked 
|  20|0x00000000a1400000, 0x00000000a1400000, 0x00000000a1500000|  0%| F|  |TAMS 0x00000000a1400000, 0x00000000a1400000| Untracked 
|  21|0x00000000a1500000, 0x00000000a1500000, 0x00000000a1600000|  0%| F|  |TAMS 0x00000000a1500000, 0x00000000a1500000| Untracked 
|  22|0x00000000a1600000, 0x00000000a1600000, 0x00000000a1700000|  0%| F|  |TAMS 0x00000000a1600000, 0x00000000a1600000| Untracked 
|  23|0x00000000a1700000, 0x00000000a1700000, 0x00000000a1800000|  0%| F|  |TAMS 0x00000000a1700000, 0x00000000a1700000| Untracked 
|  24|0x00000000a1800000, 0x00000000a1800000, 0x00000000a1900000|  0%| F|  |TAMS 0x00000000a1800000, 0x00000000a1800000| Untracked 
|  25|0x00000000a1900000, 0x00000000a1900000, 0x00000000a1a00000|  0%| F|  |TAMS 0x00000000a1900000, 0x00000000a1900000| Untracked 
|  26|0x00000000a1a00000, 0x00000000a1a00000, 0x00000000a1b00000|  0%| F|  |TAMS 0x00000000a1a00000, 0x00000000a1a00000| Untracked 
|  27|0x00000000a1b00000, 0x00000000a1b00000, 0x00000000a1c00000|  0%| F|  |TAMS 0x00000000a1b00000, 0x00000000a1b00000| Untracked 
|  28|0x00000000a1c00000, 0x00000000a1c00000, 0x00000000a1d00000|  0%| F|  |TAMS 0x00000000a1c00000, 0x00000000a1c00000| Untracked 
|  29|0x00000000a1d00000, 0x00000000a1d00000, 0x00000000a1e00000|  0%| F|  |TAMS 0x00000000a1d00000, 0x00000000a1d00000| Untracked 
|  30|0x00000000a1e00000, 0x00000000a1e00000, 0x00000000a1f00000|  0%| F|  |TAMS 0x00000000a1e00000, 0x00000000a1e00000| Untracked 
|  31|0x00000000a1f00000, 0x00000000a1f00000, 0x00000000a2000000|  0%| F|  |TAMS 0x00000000a1f00000, 0x00000000a1f00000| Untracked 
|  32|0x00000000a2000000, 0x00000000a2000000, 0x00000000a2100000|  0%| F|  |TAMS 0x00000000a2000000, 0x00000000a2000000| Untracked 
|  33|0x00000000a2100000, 0x00000000a2100000, 0x00000000a2200000|  0%| F|  |TAMS 0x00000000a2100000, 0x00000000a2100000| Untracked 
|  34|0x00000000a2200000, 0x00000000a2200000, 0x00000000a2300000|  0%| F|  |TAMS 0x00000000a2200000, 0x00000000a2200000| Untracked 
|  35|0x00000000a2300000, 0x00000000a2300000, 0x00000000a2400000|  0%| F|  |TAMS 0x00000000a2300000, 0x00000000a2300000| Untracked 
|  36|0x00000000a2400000, 0x00000000a2400000, 0x00000000a2500000|  0%| F|  |TAMS 0x00000000a2400000, 0x00000000a2400000| Untracked 
|  37|0x00000000a2500000, 0x00000000a2500000, 0x00000000a2600000|  0%| F|  |TAMS 0x00000000a2500000, 0x00000000a2500000| Untracked 
|  38|0x00000000a2600000, 0x00000000a2600000, 0x00000000a2700000|  0%| F|  |TAMS 0x00000000a2600000, 0x00000000a2600000| Untracked 
|  39|0x00000000a2700000, 0x00000000a2700000, 0x00000000a2800000|  0%| F|  |TAMS 0x00000000a2700000, 0x00000000a2700000| Untracked 
|  40|0x00000000a2800000, 0x00000000a2800000, 0x00000000a2900000|  0%| F|  |TAMS 0x00000000a2800000, 0x00000000a2800000| Untracked 
|  41|0x00000000a2900000, 0x00000000a2900000, 0x00000000a2a00000|  0%| F|  |TAMS 0x00000000a2900000, 0x00000000a2900000| Untracked 
|  42|0x00000000a2a00000, 0x00000000a2a00000, 0x00000000a2b00000|  0%| F|  |TAMS 0x00000000a2a00000, 0x00000000a2a00000| Untracked 
|  43|0x00000000a2b00000, 0x00000000a2b00000, 0x00000000a2c00000|  0%| F|  |TAMS 0x00000000a2b00000, 0x00000000a2b00000| Untracked 
|  44|0x00000000a2c00000, 0x00000000a2c00000, 0x00000000a2d00000|  0%| F|  |TAMS 0x00000000a2c00000, 0x00000000a2c00000| Untracked 
|  45|0x00000000a2d00000, 0x00000000a2d00000, 0x00000000a2e00000|  0%| F|  |TAMS 0x00000000a2d00000, 0x00000000a2d00000| Untracked 
|  46|0x00000000a2e00000, 0x00000000a2e00000, 0x00000000a2f00000|  0%| F|  |TAMS 0x00000000a2e00000, 0x00000000a2e00000| Untracked 
|  47|0x00000000a2f00000, 0x00000000a2f00000, 0x00000000a3000000|  0%| F|  |TAMS 0x00000000a2f00000, 0x00000000a2f00000| Untracked 
|  48|0x00000000a3000000, 0x00000000a3000000, 0x00000000a3100000|  0%| F|  |TAMS 0x00000000a3000000, 0x00000000a3000000| Untracked 
|  49|0x00000000a3100000, 0x00000000a3100000, 0x00000000a3200000|  0%| F|  |TAMS 0x00000000a3100000, 0x00000000a3100000| Untracked 
|  50|0x00000000a3200000, 0x00000000a3200000, 0x00000000a3300000|  0%| F|  |TAMS 0x00000000a3200000, 0x00000000a3200000| Untracked 
|  51|0x00000000a3300000, 0x00000000a3300000, 0x00000000a3400000|  0%| F|  |TAMS 0x00000000a3300000, 0x00000000a3300000| Untracked 
|  52|0x00000000a3400000, 0x00000000a3400000, 0x00000000a3500000|  0%| F|  |TAMS 0x00000000a3400000, 0x00000000a3400000| Untracked 
|  53|0x00000000a3500000, 0x00000000a3500000, 0x00000000a3600000|  0%| F|  |TAMS 0x00000000a3500000, 0x00000000a3500000| Untracked 
|  54|0x00000000a3600000, 0x00000000a3600000, 0x00000000a3700000|  0%| F|  |TAMS 0x00000000a3600000, 0x00000000a3600000| Untracked 
|  55|0x00000000a3700000, 0x00000000a3700000, 0x00000000a3800000|  0%| F|  |TAMS 0x00000000a3700000, 0x00000000a3700000| Untracked 
|  56|0x00000000a3800000, 0x00000000a3800000, 0x00000000a3900000|  0%| F|  |TAMS 0x00000000a3800000, 0x00000000a3800000| Untracked 
|  57|0x00000000a3900000, 0x00000000a3900000, 0x00000000a3a00000|  0%| F|  |TAMS 0x00000000a3900000, 0x00000000a3900000| Untracked 
|  58|0x00000000a3a00000, 0x00000000a3a00000, 0x00000000a3b00000|  0%| F|  |TAMS 0x00000000a3a00000, 0x00000000a3a00000| Untracked 
|  59|0x00000000a3b00000, 0x00000000a3b00000, 0x00000000a3c00000|  0%| F|  |TAMS 0x00000000a3b00000, 0x00000000a3b00000| Untracked 
|  60|0x00000000a3c00000, 0x00000000a3c00000, 0x00000000a3d00000|  0%| F|  |TAMS 0x00000000a3c00000, 0x00000000a3c00000| Untracked 
|  61|0x00000000a3d00000, 0x00000000a3d00000, 0x00000000a3e00000|  0%| F|  |TAMS 0x00000000a3d00000, 0x00000000a3d00000| Untracked 
|  62|0x00000000a3e00000, 0x00000000a3e00000, 0x00000000a3f00000|  0%| F|  |TAMS 0x00000000a3e00000, 0x00000000a3e00000| Untracked 
|  63|0x00000000a3f00000, 0x00000000a3f00000, 0x00000000a4000000|  0%| F|  |TAMS 0x00000000a3f00000, 0x00000000a3f00000| Untracked 
|  64|0x00000000a4000000, 0x00000000a4000000, 0x00000000a4100000|  0%| F|  |TAMS 0x00000000a4000000, 0x00000000a4000000| Untracked 
|  65|0x00000000a4100000, 0x00000000a4100000, 0x00000000a4200000|  0%| F|  |TAMS 0x00000000a4100000, 0x00000000a4100000| Untracked 
|  66|0x00000000a4200000, 0x00000000a4200000, 0x00000000a4300000|  0%| F|  |TAMS 0x00000000a4200000, 0x00000000a4200000| Untracked 
|  67|0x00000000a4300000, 0x00000000a4300000, 0x00000000a4400000|  0%| F|  |TAMS 0x00000000a4300000, 0x00000000a4300000| Untracked 
|  68|0x00000000a4400000, 0x00000000a4400000, 0x00000000a4500000|  0%| F|  |TAMS 0x00000000a4400000, 0x00000000a4400000| Untracked 
|  69|0x00000000a4500000, 0x00000000a4500000, 0x00000000a4600000|  0%| F|  |TAMS 0x00000000a4500000, 0x00000000a4500000| Untracked 
|  70|0x00000000a4600000, 0x00000000a4600000, 0x00000000a4700000|  0%| F|  |TAMS 0x00000000a4600000, 0x00000000a4600000| Untracked 
|  71|0x00000000a4700000, 0x00000000a4700000, 0x00000000a4800000|  0%| F|  |TAMS 0x00000000a4700000, 0x00000000a4700000| Untracked 
|  72|0x00000000a4800000, 0x00000000a4800000, 0x00000000a4900000|  0%| F|  |TAMS 0x00000000a4800000, 0x00000000a4800000| Untracked 
|  73|0x00000000a4900000, 0x00000000a4900000, 0x00000000a4a00000|  0%| F|  |TAMS 0x00000000a4900000, 0x00000000a4900000| Untracked 
|  74|0x00000000a4a00000, 0x00000000a4a00000, 0x00000000a4b00000|  0%| F|  |TAMS 0x00000000a4a00000, 0x00000000a4a00000| Untracked 
|  75|0x00000000a4b00000, 0x00000000a4b00000, 0x00000000a4c00000|  0%| F|  |TAMS 0x00000000a4b00000, 0x00000000a4b00000| Untracked 
|  76|0x00000000a4c00000, 0x00000000a4c00000, 0x00000000a4d00000|  0%| F|  |TAMS 0x00000000a4c00000, 0x00000000a4c00000| Untracked 
|  77|0x00000000a4d00000, 0x00000000a4d00000, 0x00000000a4e00000|  0%| F|  |TAMS 0x00000000a4d00000, 0x00000000a4d00000| Untracked 
|  78|0x00000000a4e00000, 0x00000000a4e00000, 0x00000000a4f00000|  0%| F|  |TAMS 0x00000000a4e00000, 0x00000000a4e00000| Untracked 
|  79|0x00000000a4f00000, 0x00000000a4f00000, 0x00000000a5000000|  0%| F|  |TAMS 0x00000000a4f00000, 0x00000000a4f00000| Untracked 
|  80|0x00000000a5000000, 0x00000000a5000000, 0x00000000a5100000|  0%| F|  |TAMS 0x00000000a5000000, 0x00000000a5000000| Untracked 
|  81|0x00000000a5100000, 0x00000000a5100000, 0x00000000a5200000|  0%| F|  |TAMS 0x00000000a5100000, 0x00000000a5100000| Untracked 
|  82|0x00000000a5200000, 0x00000000a5200000, 0x00000000a5300000|  0%| F|  |TAMS 0x00000000a5200000, 0x00000000a5200000| Untracked 
|  83|0x00000000a5300000, 0x00000000a5300000, 0x00000000a5400000|  0%| F|  |TAMS 0x00000000a5300000, 0x00000000a5300000| Untracked 
|  84|0x00000000a5400000, 0x00000000a5400000, 0x00000000a5500000|  0%| F|  |TAMS 0x00000000a5400000, 0x00000000a5400000| Untracked 
|  85|0x00000000a5500000, 0x00000000a5500000, 0x00000000a5600000|  0%| F|  |TAMS 0x00000000a5500000, 0x00000000a5500000| Untracked 
|  86|0x00000000a5600000, 0x00000000a5600000, 0x00000000a5700000|  0%| F|  |TAMS 0x00000000a5600000, 0x00000000a5600000| Untracked 
|  87|0x00000000a5700000, 0x00000000a5700000, 0x00000000a5800000|  0%| F|  |TAMS 0x00000000a5700000, 0x00000000a5700000| Untracked 
|  88|0x00000000a5800000, 0x00000000a5800000, 0x00000000a5900000|  0%| F|  |TAMS 0x00000000a5800000, 0x00000000a5800000| Untracked 
|  89|0x00000000a5900000, 0x00000000a5900000, 0x00000000a5a00000|  0%| F|  |TAMS 0x00000000a5900000, 0x00000000a5900000| Untracked 
|  90|0x00000000a5a00000, 0x00000000a5a00000, 0x00000000a5b00000|  0%| F|  |TAMS 0x00000000a5a00000, 0x00000000a5a00000| Untracked 
|  91|0x00000000a5b00000, 0x00000000a5b00000, 0x00000000a5c00000|  0%| F|  |TAMS 0x00000000a5b00000, 0x00000000a5b00000| Untracked 
|  92|0x00000000a5c00000, 0x00000000a5c00000, 0x00000000a5d00000|  0%| F|  |TAMS 0x00000000a5c00000, 0x00000000a5c00000| Untracked 
|  93|0x00000000a5d00000, 0x00000000a5d80800, 0x00000000a5e00000| 50%| E|  |TAMS 0x00000000a5d00000, 0x00000000a5d00000| Complete 
|  94|0x00000000a5e00000, 0x00000000a5f00000, 0x00000000a5f00000|100%| E|CS|TAMS 0x00000000a5e00000, 0x00000000a5e00000| Complete 
|  95|0x00000000a5f00000, 0x00000000a6000000, 0x00000000a6000000|100%| E|CS|TAMS 0x00000000a5f00000, 0x00000000a5f00000| Complete 
|  96|0x00000000a6000000, 0x00000000a6100000, 0x00000000a6100000|100%| E|CS|TAMS 0x00000000a6000000, 0x00000000a6000000| Complete 
|  97|0x00000000a6100000, 0x00000000a6200000, 0x00000000a6200000|100%| E|CS|TAMS 0x00000000a6100000, 0x00000000a6100000| Complete 
|  98|0x00000000a6200000, 0x00000000a6260ea0, 0x00000000a6300000| 37%| S|CS|TAMS 0x00000000a6200000, 0x00000000a6200000| Complete 
|  99|0x00000000a6300000, 0x00000000a6400000, 0x00000000a6400000|100%| S|CS|TAMS 0x00000000a6300000, 0x00000000a6300000| Complete 
| 100|0x00000000a6400000, 0x00000000a6500000, 0x00000000a6500000|100%| S|CS|TAMS 0x00000000a6400000, 0x00000000a6400000| Complete 
| 101|0x00000000a6500000, 0x00000000a6600000, 0x00000000a6600000|100%| S|CS|TAMS 0x00000000a6500000, 0x00000000a6500000| Complete 
| 102|0x00000000a6600000, 0x00000000a6700000, 0x00000000a6700000|100%| S|CS|TAMS 0x00000000a6600000, 0x00000000a6600000| Complete 
| 103|0x00000000a6700000, 0x00000000a6800000, 0x00000000a6800000|100%| S|CS|TAMS 0x00000000a6700000, 0x00000000a6700000| Complete 
| 104|0x00000000a6800000, 0x00000000a6900000, 0x00000000a6900000|100%| S|CS|TAMS 0x00000000a6800000, 0x00000000a6800000| Complete 
| 105|0x00000000a6900000, 0x00000000a6a00000, 0x00000000a6a00000|100%| E|CS|TAMS 0x00000000a6900000, 0x00000000a6900000| Complete 
| 106|0x00000000a6a00000, 0x00000000a6b00000, 0x00000000a6b00000|100%| E|CS|TAMS 0x00000000a6a00000, 0x00000000a6a00000| Complete 
| 107|0x00000000a6b00000, 0x00000000a6c00000, 0x00000000a6c00000|100%| E|CS|TAMS 0x00000000a6b00000, 0x00000000a6b00000| Complete 
| 108|0x00000000a6c00000, 0x00000000a6d00000, 0x00000000a6d00000|100%| E|CS|TAMS 0x00000000a6c00000, 0x00000000a6c00000| Complete 
| 109|0x00000000a6d00000, 0x00000000a6e00000, 0x00000000a6e00000|100%| E|CS|TAMS 0x00000000a6d00000, 0x00000000a6d00000| Complete 
| 110|0x00000000a6e00000, 0x00000000a6f00000, 0x00000000a6f00000|100%| E|CS|TAMS 0x00000000a6e00000, 0x00000000a6e00000| Complete 
| 111|0x00000000a6f00000, 0x00000000a7000000, 0x00000000a7000000|100%| E|CS|TAMS 0x00000000a6f00000, 0x00000000a6f00000| Complete 
| 112|0x00000000a7000000, 0x00000000a7100000, 0x00000000a7100000|100%| E|CS|TAMS 0x00000000a7000000, 0x00000000a7000000| Complete 
| 113|0x00000000a7100000, 0x00000000a7200000, 0x00000000a7200000|100%| E|CS|TAMS 0x00000000a7100000, 0x00000000a7100000| Complete 
| 114|0x00000000a7200000, 0x00000000a7300000, 0x00000000a7300000|100%| E|CS|TAMS 0x00000000a7200000, 0x00000000a7200000| Complete 
| 115|0x00000000a7300000, 0x00000000a7400000, 0x00000000a7400000|100%| E|CS|TAMS 0x00000000a7300000, 0x00000000a7300000| Complete 
| 116|0x00000000a7400000, 0x00000000a7500000, 0x00000000a7500000|100%| E|CS|TAMS 0x00000000a7400000, 0x00000000a7400000| Complete 
| 117|0x00000000a7500000, 0x00000000a7600000, 0x00000000a7600000|100%| E|CS|TAMS 0x00000000a7500000, 0x00000000a7500000| Complete 
| 118|0x00000000a7600000, 0x00000000a7700000, 0x00000000a7700000|100%| E|CS|TAMS 0x00000000a7600000, 0x00000000a7600000| Complete 
| 119|0x00000000a7700000, 0x00000000a7800000, 0x00000000a7800000|100%| E|CS|TAMS 0x00000000a7700000, 0x00000000a7700000| Complete 
| 120|0x00000000a7800000, 0x00000000a7900000, 0x00000000a7900000|100%| E|CS|TAMS 0x00000000a7800000, 0x00000000a7800000| Complete 
| 121|0x00000000a7900000, 0x00000000a7a00000, 0x00000000a7a00000|100%| E|CS|TAMS 0x00000000a7900000, 0x00000000a7900000| Complete 
| 122|0x00000000a7a00000, 0x00000000a7b00000, 0x00000000a7b00000|100%| E|CS|TAMS 0x00000000a7a00000, 0x00000000a7a00000| Complete 
| 123|0x00000000a7b00000, 0x00000000a7c00000, 0x00000000a7c00000|100%| E|CS|TAMS 0x00000000a7b00000, 0x00000000a7b00000| Complete 
| 124|0x00000000a7c00000, 0x00000000a7d00000, 0x00000000a7d00000|100%| E|CS|TAMS 0x00000000a7c00000, 0x00000000a7c00000| Complete 
| 125|0x00000000a7d00000, 0x00000000a7e00000, 0x00000000a7e00000|100%| E|CS|TAMS 0x00000000a7d00000, 0x00000000a7d00000| Complete 
| 126|0x00000000a7e00000, 0x00000000a7f00000, 0x00000000a7f00000|100%| E|CS|TAMS 0x00000000a7e00000, 0x00000000a7e00000| Complete 
| 127|0x00000000a7f00000, 0x00000000a8000000, 0x00000000a8000000|100%| E|CS|TAMS 0x00000000a7f00000, 0x00000000a7f00000| Complete 

Card table byte_map: [0x000001547e300000,0x000001547e600000] _byte_map_base: 0x000001547de00000

Marking Bits (Prev, Next): (CMBitMap*) 0x000001547a5183f8, (CMBitMap*) 0x000001547a518430
 Prev Bits: [0x000001540f000000, 0x0000015410800000)
 Next Bits: [0x0000015410800000, 0x0000015412000000)

Polling page: 0x0000015478690000

Metaspace:

Usage:
  Non-class:     32.25 MB capacity,    31.73 MB ( 98%) used,   444.52 KB (  1%) free+waste,    82.19 KB ( <1%) overhead. 
      Class:      4.92 MB capacity,     4.59 MB ( 93%) used,   297.00 KB (  6%) free+waste,    39.38 KB ( <1%) overhead. 
       Both:     37.17 MB capacity,    36.32 MB ( 98%) used,   741.52 KB (  2%) free+waste,   121.56 KB ( <1%) overhead. 

Virtual space:
  Non-class space:       34.00 MB reserved,      32.33 MB ( 95%) committed 
      Class space:        1.00 GB reserved,       5.00 MB ( <1%) committed 
             Both:        1.03 GB reserved,      37.33 MB (  4%) committed 

Chunk freelists:
   Non-Class:  18.00 KB
       Class:  20.00 KB
        Both:  38.00 KB

MaxMetaspaceSize: 17179869184.00 GB
CompressedClassSpaceSize: 1.00 GB
Initial GC threshold: 20.80 MB
Current GC threshold: 58.88 MB
CDS: off

CodeHeap 'non-profiled nmethods': size=120064Kb used=1745Kb max_used=1745Kb free=118318Kb
 bounds [0x0000015407ac0000, 0x0000015407d30000, 0x000001540f000000]
CodeHeap 'profiled nmethods': size=120000Kb used=6962Kb max_used=6962Kb free=113037Kb
 bounds [0x0000015400590000, 0x0000015400c60000, 0x0000015407ac0000]
CodeHeap 'non-nmethods': size=5696Kb used=1576Kb max_used=1608Kb free=4119Kb
 bounds [0x0000015400000000, 0x0000015400270000, 0x0000015400590000]
 total_blobs=3879 nmethods=3262 adapters=529
 compilation: enabled
              stopped_count=0, restarted_count=0
 full_count=0

Compilation events (20 events):
Event: 12.248 Thread 0x000001547ee08000 3258       3       sun.nio.fs.WindowsPathParser::normalize (233 bytes)
Event: 12.253 Thread 0x000001547ee08000 nmethod 3258 0x0000015400c4ad10 code [0x0000015400c4b380, 0x0000015400c4e828]
Event: 12.298 Thread 0x000001547ee08000 3261       3       java.util.concurrent.ConcurrentLinkedQueue::poll (84 bytes)
Event: 12.304 Thread 0x000001547ee08000 nmethod 3261 0x0000015400c4fb90 code [0x0000015400c501e0, 0x0000015400c53628]
Event: 12.304 Thread 0x000001547ee08000 3262       3       java.util.concurrent.ConcurrentLinkedQueue::updateHead (26 bytes)
Event: 12.306 Thread 0x000001547ee08000 nmethod 3262 0x0000015400c54510 code [0x0000015400c54880, 0x0000015400c55ce8]
Event: 12.306 Thread 0x000001547ee08000 3263       3       java.util.concurrent.locks.AbstractQueuedSynchronizer$Node::predecessor (19 bytes)
Event: 12.306 Thread 0x000001547ee08000 nmethod 3263 0x0000015400c56310 code [0x0000015400c564e0, 0x0000015400c566c8]
Event: 12.323 Thread 0x000001547ee08000 3264       3       java.util.concurrent.locks.AbstractQueuedSynchronizer$ConditionObject::awaitNanos (181 bytes)
Event: 12.326 Thread 0x000001547ee08000 nmethod 3264 0x0000015400c56790 code [0x0000015400c56ba0, 0x0000015400c58778]
Event: 12.341 Thread 0x000001547ee08000 3265       2       java.net.URLClassLoader$1::run (5 bytes)
Event: 12.341 Thread 0x000001547ee08000 nmethod 3265 0x0000015400c59310 code [0x0000015400c594c0, 0x0000015400c595c8]
Event: 12.344 Thread 0x000001547ee08000 3266       3       java.util.concurrent.locks.AbstractQueuedSynchronizer$Node::setPrevRelaxed (9 bytes)
Event: 12.345 Thread 0x000001547ee08000 nmethod 3266 0x0000015400c59690 code [0x0000015400c598e0, 0x0000015400c5a0d8]
Event: 12.345 Thread 0x000001547ee08000 3267       3       java.util.concurrent.locks.AbstractQueuedSynchronizer::compareAndSetTail (10 bytes)
Event: 12.347 Thread 0x000001547ee08000 nmethod 3267 0x0000015400c5a390 code [0x0000015400c5a620, 0x0000015400c5b0d8]
Event: 12.347 Thread 0x000001547ee08000 3268       3       java.util.concurrent.locks.AbstractQueuedSynchronizer::setHead (16 bytes)
Event: 12.347 Thread 0x000001547ee08000 nmethod 3268 0x0000015400c5b490 code [0x0000015400c5b640, 0x0000015400c5b878]
Event: 12.369 Thread 0x000001547ee08000 3269       3       jdk.internal.org.objectweb.asm.FieldWriter::visitEnd (1 bytes)
Event: 12.369 Thread 0x000001547ee08000 nmethod 3269 0x0000015400c5b990 code [0x0000015400c5bb40, 0x0000015400c5bc38]

GC Heap History (14 events):
Event: 1.175 GC heap before
{Heap before GC invocations=0 (full 0):
 garbage-first heap   total 131072K, used 16384K [0x00000000a0000000, 0x0000000100000000)
  region size 1024K, 14 young (14336K), 0 survivors (0K)
 Metaspace       used 6796K, capacity 7001K, committed 7168K, reserved 1056768K
  class space    used 576K, capacity 650K, committed 768K, reserved 1048576K
}
Event: 1.226 GC heap after
{Heap after GC invocations=1 (full 0):
 garbage-first heap   total 131072K, used 4021K [0x00000000a0000000, 0x0000000100000000)
  region size 1024K, 2 young (2048K), 2 survivors (2048K)
 Metaspace       used 6796K, capacity 7001K, committed 7168K, reserved 1056768K
  class space    used 576K, capacity 650K, committed 768K, reserved 1048576K
}
Event: 5.443 GC heap before
{Heap before GC invocations=1 (full 0):
 garbage-first heap   total 131072K, used 82869K [0x00000000a0000000, 0x0000000100000000)
  region size 1024K, 76 young (77824K), 2 survivors (2048K)
 Metaspace       used 16096K, capacity 16459K, committed 16640K, reserved 1064960K
  class space    used 1812K, capacity 1933K, committed 2048K, reserved 1048576K
}
Event: 5.470 GC heap after
{Heap after GC invocations=2 (full 0):
 garbage-first heap   total 131072K, used 15889K [0x00000000a0000000, 0x0000000100000000)
  region size 1024K, 10 young (10240K), 10 survivors (10240K)
 Metaspace       used 16096K, capacity 16459K, committed 16640K, reserved 1064960K
  class space    used 1812K, capacity 1933K, committed 2048K, reserved 1048576K
}
Event: 5.963 GC heap before
{Heap before GC invocations=2 (full 0):
 garbage-first heap   total 131072K, used 27153K [0x00000000a0000000, 0x0000000100000000)
  region size 1024K, 21 young (21504K), 10 survivors (10240K)
 Metaspace       used 17651K, capacity 18047K, committed 18176K, reserved 1064960K
  class space    used 2057K, capacity 2209K, committed 2304K, reserved 1048576K
}
Event: 5.979 GC heap after
{Heap after GC invocations=3 (full 0):
 garbage-first heap   total 131072K, used 16746K [0x00000000a0000000, 0x0000000100000000)
  region size 1024K, 1 young (1024K), 1 survivors (1024K)
 Metaspace       used 17651K, capacity 18047K, committed 18176K, reserved 1064960K
  class space    used 2057K, capacity 2209K, committed 2304K, reserved 1048576K
}
Event: 6.717 GC heap before
{Heap before GC invocations=3 (full 0):
 garbage-first heap   total 131072K, used 39274K [0x00000000a0000000, 0x0000000100000000)
  region size 1024K, 24 young (24576K), 1 survivors (1024K)
 Metaspace       used 20677K, capacity 21170K, committed 21296K, reserved 1069056K
  class space    used 2481K, capacity 2658K, committed 2688K, reserved 1048576K
}
Event: 6.726 GC heap after
{Heap after GC invocations=4 (full 0):
 garbage-first heap   total 131072K, used 17468K [0x00000000a0000000, 0x0000000100000000)
  region size 1024K, 2 young (2048K), 2 survivors (2048K)
 Metaspace       used 20677K, capacity 21170K, committed 21296K, reserved 1069056K
  class space    used 2481K, capacity 2658K, committed 2688K, reserved 1048576K
}
Event: 8.515 GC heap before
{Heap before GC invocations=5 (full 0):
 garbage-first heap   total 131072K, used 59452K [0x00000000a0000000, 0x0000000100000000)
  region size 1024K, 43 young (44032K), 2 survivors (2048K)
 Metaspace       used 24687K, capacity 25193K, committed 25264K, reserved 1071104K
  class space    used 3129K, capacity 3319K, committed 3328K, reserved 1048576K
}
Event: 8.523 GC heap after
{Heap after GC invocations=6 (full 0):
 garbage-first heap   total 131072K, used 18918K [0x00000000a0000000, 0x0000000100000000)
  region size 1024K, 3 young (3072K), 3 survivors (3072K)
 Metaspace       used 24687K, capacity 25193K, committed 25264K, reserved 1071104K
  class space    used 3129K, capacity 3319K, committed 3328K, reserved 1048576K
}
Event: 10.028 GC heap before
{Heap before GC invocations=6 (full 0):
 garbage-first heap   total 131072K, used 70118K [0x00000000a0000000, 0x0000000100000000)
  region size 1024K, 53 young (54272K), 3 survivors (3072K)
 Metaspace       used 29512K, capacity 30229K, committed 30512K, reserved 1075200K
  class space    used 3861K, capacity 4111K, committed 4224K, reserved 1048576K
}
Event: 10.035 GC heap after
{Heap after GC invocations=7 (full 0):
 garbage-first heap   total 131072K, used 20577K [0x00000000a0000000, 0x0000000100000000)
  region size 1024K, 5 young (5120K), 5 survivors (5120K)
 Metaspace       used 29512K, capacity 30229K, committed 30512K, reserved 1075200K
  class space    used 3861K, capacity 4111K, committed 4224K, reserved 1048576K
}
Event: 11.498 GC heap before
{Heap before GC invocations=7 (full 0):
 garbage-first heap   total 131072K, used 43105K [0x00000000a0000000, 0x0000000100000000)
  region size 1024K, 28 young (28672K), 5 survivors (5120K)
 Metaspace       used 35025K, capacity 35788K, committed 35920K, reserved 1081344K
  class space    used 4458K, capacity 4774K, committed 4864K, reserved 1048576K
}
Event: 11.512 GC heap after
{Heap after GC invocations=8 (full 0):
 garbage-first heap   total 131072K, used 22965K [0x00000000a0000000, 0x0000000100000000)
  region size 1024K, 7 young (7168K), 7 survivors (7168K)
 Metaspace       used 35025K, capacity 35788K, committed 35920K, reserved 1081344K
  class space    used 4458K, capacity 4774K, committed 4864K, reserved 1048576K
}

Deoptimization events (20 events):
Event: 12.035 Thread 0x00000154164ba800 Uncommon trap: trap_request=0xffffffbe fr.pc=0x0000015407c568d4 relative=0x0000000000000554
Event: 12.035 Thread 0x00000154164ba800 Uncommon trap: reason=profile_predicate action=maybe_recompile pc=0x0000015407c568d4 method=java.util.stream.ReferencePipeline.forEachWithCancel(Ljava/util/Spliterator;Ljava/util/stream/Sink;)Z @ 8 c2
Event: 12.035 Thread 0x00000154164ba800 DEOPT PACKING pc=0x0000015407c568d4 sp=0x00000025a0bfe8a0
Event: 12.035 Thread 0x0000015414b3f000 Uncommon trap: trap_request=0xffffffbe fr.pc=0x0000015407c5fbc8 relative=0x0000000000000968
Event: 12.035 Thread 0x00000154164ba800 DEOPT UNPACKING pc=0x000001540004a1af sp=0x00000025a0bfe840 mode 2
Event: 12.035 Thread 0x0000015414b3f000 Uncommon trap: reason=profile_predicate action=maybe_recompile pc=0x0000015407c5fbc8 method=jdk.internal.jimage.ImageStringsReader.charsFromByteBuffer([CLjava/nio/ByteBuffer;)V @ 6 c2
Event: 12.035 Thread 0x0000015414b3f000 DEOPT PACKING pc=0x0000015407c5fbc8 sp=0x00000025a12f8a40
Event: 12.035 Thread 0x0000015414b3f000 DEOPT UNPACKING pc=0x000001540004a1af sp=0x00000025a12f8918 mode 2
Event: 12.035 Thread 0x0000015414b3f000 Uncommon trap: trap_request=0xffffffbe fr.pc=0x0000015407c5fbc8 relative=0x0000000000000968
Event: 12.035 Thread 0x0000015414b3f000 Uncommon trap: reason=profile_predicate action=maybe_recompile pc=0x0000015407c5fbc8 method=jdk.internal.jimage.ImageStringsReader.charsFromByteBuffer([CLjava/nio/ByteBuffer;)V @ 6 c2
Event: 12.035 Thread 0x0000015414b3f000 DEOPT PACKING pc=0x0000015407c5fbc8 sp=0x00000025a12f8a40
Event: 12.035 Thread 0x0000015414b3f000 DEOPT UNPACKING pc=0x000001540004a1af sp=0x00000025a12f8918 mode 2
Event: 12.060 Thread 0x0000015414b3f000 Uncommon trap: trap_request=0xffffffbe fr.pc=0x0000015407c61ec4 relative=0x00000000000009c4
Event: 12.060 Thread 0x0000015414b3f000 Uncommon trap: reason=profile_predicate action=maybe_recompile pc=0x0000015407c61ec4 method=jdk.internal.jimage.ImageStringsReader.charsFromByteBuffer([CLjava/nio/ByteBuffer;)V @ 6 c2
Event: 12.060 Thread 0x0000015414b3f000 DEOPT PACKING pc=0x0000015407c61ec4 sp=0x00000025a12f8b20
Event: 12.060 Thread 0x0000015414b3f000 DEOPT UNPACKING pc=0x000001540004a1af sp=0x00000025a12f8928 mode 2
Event: 12.200 Thread 0x0000015414b3f000 Uncommon trap: trap_request=0xffffffbe fr.pc=0x0000015407c48824 relative=0x0000000000003c84
Event: 12.200 Thread 0x0000015414b3f000 Uncommon trap: reason=profile_predicate action=maybe_recompile pc=0x0000015407c48824 method=java.util.AbstractCollection.addAll(Ljava/util/Collection;)Z @ 15 c2
Event: 12.201 Thread 0x0000015414b3f000 DEOPT PACKING pc=0x0000015407c48824 sp=0x00000025a12fa690
Event: 12.201 Thread 0x0000015414b3f000 DEOPT UNPACKING pc=0x000001540004a1af sp=0x00000025a12fa6a8 mode 2

Classes redefined (0 events):
No events

Internal exceptions (20 events):
Event: 9.884 Thread 0x0000015414b3f000 Exception <a 'java/lang/NoSuchMethodError'{0x00000000a4f0bbb0}: 'java.lang.Object java.lang.invoke.Invokers$Holder.linkToTargetMethod(java.lang.Object, java.lang.Object, java.lang.Object, java.lang.Object, java.lang.Object, java.lang.Object, java.lang.Object)'> (0x00000000a4f0bbb0) thrown at [./src/hotspot/share/interpreter/linkResolver.cpp, line 773]
Event: 9.912 Thread 0x0000015414b3f000 Exception <a 'java/lang/IncompatibleClassChangeError'{0x00000000a4f604d8}: Found class java.lang.Object, but interface was expected> (0x00000000a4f604d8) thrown at [./src/hotspot/share/interpreter/linkResolver.cpp, line 839]
Event: 10.631 Thread 0x0000015414b3f000 Exception <a 'java/lang/NoSuchMethodError'{0x00000000a7118098}: 'void java.lang.invoke.DirectMethodHandle$Holder.invokeStaticInit(java.lang.Object, java.lang.Object, java.lang.Object)'> (0x00000000a7118098) thrown at [./src/hotspot/share/interpreter/linkResolver.cpp, line 773]
Event: 10.632 Thread 0x0000015414b3f000 Exception <a 'java/lang/NoSuchMethodError'{0x00000000a711f2f0}: 'void java.lang.invoke.DirectMethodHandle$Holder.invokeStaticInit(java.lang.Object, java.lang.Object, java.lang.Object, java.lang.Object)'> (0x00000000a711f2f0) thrown at [./src/hotspot/share/interpreter/linkResolver.cpp, line 773]
Event: 10.638 Thread 0x0000015414b3f000 Exception <a 'java/lang/NoSuchMethodError'{0x00000000a7141a28}: 'void java.lang.invoke.DirectMethodHandle$Holder.invokeStaticInit(java.lang.Object, java.lang.Object, java.lang.Object, java.lang.Object, java.lang.Object)'> (0x00000000a7141a28) thrown at [./src/hotspot/share/interpreter/linkResolver.cpp, line 773]
Event: 10.783 Thread 0x0000015414b3f000 Exception <a 'java/lang/NoSuchMethodError'{0x00000000a71a0490}: 'int java.lang.invoke.DirectMethodHandle$Holder.invokeStaticInit(java.lang.Object, java.lang.Object, java.lang.Object, java.lang.Object)'> (0x00000000a71a0490) thrown at [./src/hotspot/share/interpreter/linkResolver.cpp, line 773]
Event: 11.466 Thread 0x0000015414b3f000 Exception <a 'java/lang/NoSuchMethodError'{0x00000000a692b1e8}: 'java.lang.Object java.lang.invoke.DirectMethodHandle$Holder.invokeStatic(java.lang.Object, java.lang.Object, java.lang.Object, java.lang.Object, java.lang.Object, java.lang.Object, java.lang.Object, java.lang.Object, java.lang.Object, java.lang.Object, java.lang.Object, int)'> (0x00000000a692b1e8) thrown at [./src/hotspot/share/interpreter/linkResolver.cpp, line 773]
Event: 11.475 Thread 0x0000015414b3f000 Exception <a 'java/lang/NoSuchMethodError'{0x00000000a6949b88}: 'java.lang.Object java.lang.invoke.DirectMethodHandle$Holder.invokeStatic(java.lang.Object, java.lang.Object, java.lang.Object, java.lang.Object, java.lang.Object, java.lang.Object, java.lang.Object, java.lang.Object, java.lang.Object, java.lang.Object, java.lang.Object, int, int)'> (0x00000000a6949b88) thrown at [./src/hotspot/share/interpreter/linkResolver.cpp, line 773]
Event: 11.484 Thread 0x0000015414b3f000 Exception <a 'java/lang/NoSuchMethodError'{0x00000000a69693b8}: 'java.lang.Object java.lang.invoke.DirectMethodHandle$Holder.invokeStatic(java.lang.Object, java.lang.Object, java.lang.Object, java.lang.Object, java.lang.Object, java.lang.Object, java.lang.Object, java.lang.Object, java.lang.Object, java.lang.Object, java.lang.Object, int, int, java.lang.Object)'> (0x00000000a69693b8) thrown at [./src/hotspot/share/interpreter/linkResolver.cpp, line 773]
Event: 11.488 Thread 0x0000015414b3f000 Exception <a 'java/lang/NoSuchMethodError'{0x00000000a698a718}: 'java.lang.Object java.lang.invoke.DirectMethodHandle$Holder.invokeStatic(java.lang.Object, java.lang.Object, java.lang.Object, java.lang.Object, java.lang.Object, java.lang.Object, java.lang.Object, java.lang.Object, java.lang.Object, java.lang.Object, java.lang.Object, int, int, java.lang.Object, java.lang.Object)'> (0x00000000a698a718) thrown at [./src/hotspot/share/interpreter/linkResolver.cpp, line 773]
Event: 11.493 Thread 0x0000015414b3f000 Exception <a 'java/lang/ClassNotFoundException'{0x00000000a69ba918}: groovy/lang/ExpandoMetaClassBeanInfo> (0x00000000a69ba918) thrown at [./src/hotspot/share/classfile/systemDictionary.cpp, line 231]
Event: 11.495 Thread 0x0000015414b3f000 Exception <a 'java/lang/ClassNotFoundException'{0x00000000a69daf30}: groovy/lang/MetaClassImplBeanInfo> (0x00000000a69daf30) thrown at [./src/hotspot/share/classfile/systemDictionary.cpp, line 231]
Event: 11.495 Thread 0x0000015414b3f000 Exception <a 'java/lang/ClassNotFoundException'{0x00000000a69e4338}: java/lang/ObjectBeanInfo> (0x00000000a69e4338) thrown at [./src/hotspot/share/classfile/systemDictionary.cpp, line 231]
Event: 11.496 Thread 0x0000015414b3f000 Exception <a 'java/lang/ClassNotFoundException'{0x00000000a69efb98}: java/lang/ObjectCustomizer> (0x00000000a69efb98) thrown at [./src/hotspot/share/classfile/systemDictionary.cpp, line 231]
Event: 11.522 Thread 0x0000015414b3f000 Exception <a 'java/lang/ClassNotFoundException'{0x00000000a7f25f40}: groovy/lang/MetaClassImplCustomizer> (0x00000000a7f25f40) thrown at [./src/hotspot/share/classfile/systemDictionary.cpp, line 231]
Event: 11.532 Thread 0x0000015414b3f000 Exception <a 'java/lang/ClassNotFoundException'{0x00000000a7f66020}: groovy/lang/ExpandoMetaClassCustomizer> (0x00000000a7f66020) thrown at [./src/hotspot/share/classfile/systemDictionary.cpp, line 231]
Event: 12.193 Thread 0x0000015414b3f000 Exception <a 'java/lang/ClassNotFoundException'{0x00000000a60bc268}: org/gradle/internal/extensibility/DefaultExtraPropertiesExtensionBeanInfo> (0x00000000a60bc268) thrown at [./src/hotspot/share/classfile/systemDictionary.cpp, line 231]
Event: 12.195 Thread 0x0000015414b3f000 Exception <a 'java/lang/ClassNotFoundException'{0x00000000a60ddb30}: groovy/lang/GroovyObjectSupportBeanInfo> (0x00000000a60ddb30) thrown at [./src/hotspot/share/classfile/systemDictionary.cpp, line 231]
Event: 12.196 Thread 0x0000015414b3f000 Exception <a 'java/lang/ClassNotFoundException'{0x00000000a60ff440}: groovy/lang/GroovyObjectSupportCustomizer> (0x00000000a60ff440) thrown at [./src/hotspot/share/classfile/systemDictionary.cpp, line 231]
Event: 12.200 Thread 0x0000015414b3f000 Exception <a 'java/lang/ClassNotFoundException'{0x00000000a5f27938}: org/gradle/internal/extensibility/DefaultExtraPropertiesExtensionCustomizer> (0x00000000a5f27938) thrown at [./src/hotspot/share/classfile/systemDictionary.cpp, line 231]

Events (20 events):
Event: 12.361 loading class org/gradle/internal/classpath/CompositeTransformer
Event: 12.361 loading class org/gradle/internal/classpath/CompositeTransformer done
Event: 12.362 loading class org/gradle/internal/classpath/InstrumentingTransformer
Event: 12.362 loading class org/gradle/internal/classpath/InstrumentingTransformer done
Event: 12.363 loading class org/gradle/internal/classpath/InstrumentingBackwardsCompatibilityVisitor
Event: 12.363 loading class org/gradle/internal/classpath/InstrumentingBackwardsCompatibilityVisitor done
Event: 12.364 loading class org/gradle/internal/classpath/Instrumented
Event: 12.364 loading class org/gradle/internal/classpath/Instrumented done
Event: 12.365 loading class java/lang/invoke/SerializedLambda
Event: 12.366 loading class java/lang/invoke/SerializedLambda done
Event: 12.366 loading class org/gradle/internal/classpath/InstrumentingClasspathFileTransformer
Event: 12.366 loading class org/gradle/internal/classpath/InstrumentingClasspathFileTransformer done
Event: 12.368 loading class org/gradle/internal/classpath/ClasspathFileTransformer
Event: 12.368 loading class org/gradle/internal/classpath/ClasspathFileTransformer done
Event: 12.368 loading class org/gradle/internal/classpath/DefaultCachedClasspathTransformer
Event: 12.368 loading class org/gradle/internal/classpath/DefaultCachedClasspathTransformer done
Event: 12.368 loading class org/gradle/internal/classpath/DefaultCachedClasspathTransformer$ValueOrTransformProvider
Event: 12.368 loading class org/gradle/internal/classpath/DefaultCachedClasspathTransformer$ValueOrTransformProvider done
Event: 12.370 loading class org/gradle/internal/classpath/DefaultCachedClasspathTransformer
Event: 12.370 loading class org/gradle/internal/classpath/DefaultCachedClasspathTransformer done


Dynamic libraries:
0x00007ff673300000 - 0x00007ff67330a000 	D:\Downloads\Android-studio\jre\bin\java.exe
0x00007ff8ea630000 - 0x00007ff8ea828000 	C:\WINDOWS\SYSTEM32\ntdll.dll
0x00007ff8ea020000 - 0x00007ff8ea0df000 	C:\WINDOWS\System32\KERNEL32.DLL
0x00007ff8e7dd0000 - 0x00007ff8e80c6000 	C:\WINDOWS\System32\KERNELBASE.dll
0x00007ff8e80d0000 - 0x00007ff8e81d0000 	C:\WINDOWS\System32\ucrtbase.dll
0x00007ff8e0300000 - 0x00007ff8e0319000 	D:\Downloads\Android-studio\jre\bin\jli.dll
0x00007ff8dfe40000 - 0x00007ff8dfe57000 	D:\Downloads\Android-studio\jre\bin\VCRUNTIME140.dll
0x00007ff8e9620000 - 0x00007ff8e97bd000 	C:\WINDOWS\System32\USER32.dll
0x00007ff8e8540000 - 0x00007ff8e8562000 	C:\WINDOWS\System32\win32u.dll
0x00007ff8e8dc0000 - 0x00007ff8e8dec000 	C:\WINDOWS\System32\GDI32.dll
0x00007ff8d3ac0000 - 0x00007ff8d3d5a000 	C:\WINDOWS\WinSxS\amd64_microsoft.windows.common-controls_6595b64144ccf1df_6.0.19041.1110_none_60b5254171f9507e\COMCTL32.dll
0x00007ff8e9580000 - 0x00007ff8e961e000 	C:\WINDOWS\System32\msvcrt.dll
0x00007ff8e8570000 - 0x00007ff8e8685000 	C:\WINDOWS\System32\gdi32full.dll
0x00007ff8e8470000 - 0x00007ff8e850d000 	C:\WINDOWS\System32\msvcp_win.dll
0x00007ff8ea0e0000 - 0x00007ff8ea110000 	C:\WINDOWS\System32\IMM32.DLL
0x00007ff8cede0000 - 0x00007ff8cee7d000 	D:\Downloads\Android-studio\jre\bin\msvcp140.dll
0x00007ff8841b0000 - 0x00007ff884cb2000 	D:\Downloads\Android-studio\jre\bin\server\jvm.dll
0x00007ff8e8c00000 - 0x00007ff8e8caf000 	C:\WINDOWS\System32\ADVAPI32.dll
0x00007ff8e8b60000 - 0x00007ff8e8bfc000 	C:\WINDOWS\System32\sechost.dll
0x00007ff8e8df0000 - 0x00007ff8e8f16000 	C:\WINDOWS\System32\RPCRT4.dll
0x00007ff8e9430000 - 0x00007ff8e9438000 	C:\WINDOWS\System32\PSAPI.DLL
0x00007ff8e0360000 - 0x00007ff8e0369000 	C:\WINDOWS\SYSTEM32\WSOCK32.dll
0x00007ff8ea500000 - 0x00007ff8ea56b000 	C:\WINDOWS\System32\WS2_32.dll
0x00007ff8bdfe0000 - 0x00007ff8be007000 	C:\WINDOWS\SYSTEM32\WINMM.dll
0x00007ff8dc450000 - 0x00007ff8dc45a000 	C:\WINDOWS\SYSTEM32\VERSION.dll
0x00007ff8e6560000 - 0x00007ff8e6572000 	C:\WINDOWS\SYSTEM32\kernel.appcore.dll
0x00007ff8deeb0000 - 0x00007ff8deec1000 	D:\Downloads\Android-studio\jre\bin\verify.dll
0x00007ff8e5ba0000 - 0x00007ff8e5d84000 	C:\WINDOWS\SYSTEM32\DBGHELP.DLL
0x00007ff8cb810000 - 0x00007ff8cb844000 	C:\WINDOWS\SYSTEM32\dbgcore.DLL
0x00007ff8e81d0000 - 0x00007ff8e8252000 	C:\WINDOWS\System32\bcryptPrimitives.dll
0x00007ff8dee40000 - 0x00007ff8dee69000 	D:\Downloads\Android-studio\jre\bin\java.dll
0x00007ff8dfe30000 - 0x00007ff8dfe3b000 	D:\Downloads\Android-studio\jre\bin\jimage.dll
0x00007ff8dee20000 - 0x00007ff8dee38000 	D:\Downloads\Android-studio\jre\bin\zip.dll
0x00007ff8e98d0000 - 0x00007ff8ea014000 	C:\WINDOWS\System32\SHELL32.dll
0x00007ff8e5d90000 - 0x00007ff8e6523000 	C:\WINDOWS\SYSTEM32\windows.storage.dll
0x00007ff8ea110000 - 0x00007ff8ea464000 	C:\WINDOWS\System32\combase.dll
0x00007ff8e7700000 - 0x00007ff8e772e000 	C:\WINDOWS\SYSTEM32\Wldp.dll
0x00007ff8e8d10000 - 0x00007ff8e8dbd000 	C:\WINDOWS\System32\SHCORE.dll
0x00007ff8e8cb0000 - 0x00007ff8e8d05000 	C:\WINDOWS\System32\shlwapi.dll
0x00007ff8e7c50000 - 0x00007ff8e7c6f000 	C:\WINDOWS\SYSTEM32\profapi.dll
0x00007ff8d2d10000 - 0x00007ff8d2d2a000 	D:\Downloads\Android-studio\jre\bin\net.dll
0x00007ff8d6a60000 - 0x00007ff8d6b6a000 	C:\WINDOWS\SYSTEM32\WINHTTP.dll
0x00007ff8e7460000 - 0x00007ff8e74ca000 	C:\WINDOWS\system32\mswsock.dll
0x00007ff8d2820000 - 0x00007ff8d2834000 	D:\Downloads\Android-studio\jre\bin\nio.dll
0x00007ff8dedd0000 - 0x00007ff8dedf7000 	C:\Users\wiz tech\.gradle\native\e1d6ef7f7dcc3fd88c89a11ec53ec762bb8ba0a96d01ffa2cd45eb1d1d8dd5c5\windows-amd64\native-platform.dll
0x00007ff8c77f0000 - 0x00007ff8c7934000 	C:\Users\wiz tech\.gradle\native\0d407fdbe67a94daf76414ababcb853783967236a71b16ec16e742cd7a986fd3\windows-amd64\native-platform-file-events.dll
0x00007ff8dedc0000 - 0x00007ff8dedca000 	D:\Downloads\Android-studio\jre\bin\management.dll
0x00007ff8dec10000 - 0x00007ff8dec1d000 	D:\Downloads\Android-studio\jre\bin\management_ext.dll
0x00007ff8e7650000 - 0x00007ff8e7668000 	C:\WINDOWS\SYSTEM32\CRYPTSP.dll
0x00007ff8e6d80000 - 0x00007ff8e6db4000 	C:\WINDOWS\system32\rsaenh.dll
0x00007ff8e8510000 - 0x00007ff8e8537000 	C:\WINDOWS\System32\bcrypt.dll
0x00007ff8e7c10000 - 0x00007ff8e7c3e000 	C:\WINDOWS\SYSTEM32\USERENV.dll
0x00007ff8e7670000 - 0x00007ff8e767c000 	C:\WINDOWS\SYSTEM32\CRYPTBASE.dll
0x00007ff8e7150000 - 0x00007ff8e718c000 	C:\WINDOWS\SYSTEM32\IPHLPAPI.DLL
0x00007ff8e9570000 - 0x00007ff8e9578000 	C:\WINDOWS\System32\NSI.dll
0x00007ff8da3d0000 - 0x00007ff8da3e7000 	C:\WINDOWS\SYSTEM32\dhcpcsvc6.DLL
0x00007ff8da530000 - 0x00007ff8da54d000 	C:\WINDOWS\SYSTEM32\dhcpcsvc.DLL
0x00007ff8e7190000 - 0x00007ff8e725b000 	C:\WINDOWS\SYSTEM32\DNSAPI.dll

dbghelp: loaded successfully - version: 4.0.5 - missing functions: none
symbol engine: initialized successfully - sym options: 0x614 - pdb path: .;D:\Downloads\Android-studio\jre\bin;C:\WINDOWS\SYSTEM32;C:\WINDOWS\WinSxS\amd64_microsoft.windows.common-controls_6595b64144ccf1df_6.0.19041.1110_none_60b5254171f9507e;D:\Downloads\Android-studio\jre\bin\server;C:\Users\wiz tech\.gradle\native\e1d6ef7f7dcc3fd88c89a11ec53ec762bb8ba0a96d01ffa2cd45eb1d1d8dd5c5\windows-amd64;C:\Users\wiz tech\.gradle\native\0d407fdbe67a94daf76414ababcb853783967236a71b16ec16e742cd7a986fd3\windows-amd64

VM Arguments:
jvm_args: --add-opens=java.base/java.util=ALL-UNNAMED --add-opens=java.base/java.lang=ALL-UNNAMED --add-opens=java.base/java.lang.invoke=ALL-UNNAMED --add-opens=java.base/java.util=ALL-UNNAMED --add-opens=java.prefs/java.util.prefs=ALL-UNNAMED --add-opens=java.prefs/java.util.prefs=ALL-UNNAMED --add-opens=java.base/java.nio.charset=ALL-UNNAMED --add-opens=java.base/java.net=ALL-UNNAMED --add-opens=java.base/java.util.concurrent.atomic=ALL-UNNAMED -Xmx1536M -Dfile.encoding=windows-1252 -Duser.country=US -Duser.language=en -Duser.variant 
java_command: org.gradle.launcher.daemon.bootstrap.GradleDaemon 7.4
java_class_path (initial): C:\Users\wiz tech\.gradle\wrapper\dists\gradle-7.4-all\aadb4xli5jkdsnukm30eibyiu\gradle-7.4\lib\gradle-launcher-7.4.jar
Launcher Type: SUN_STANDARD

[Global flags]
     intx CICompilerCount                          = 3                                         {product} {ergonomic}
     uint ConcGCThreads                            = 1                                         {product} {ergonomic}
     uint G1ConcRefinementThreads                  = 4                                         {product} {ergonomic}
   size_t G1HeapRegionSize                         = 1048576                                   {product} {ergonomic}
    uintx GCDrainStackTargetSize                   = 64                                        {product} {ergonomic}
   size_t InitialHeapSize                          = 134217728                                 {product} {ergonomic}
   size_t MarkStackSize                            = 4194304                                   {product} {ergonomic}
   size_t MaxHeapSize                              = 1610612736                                {product} {command line}
   size_t MaxNewSize                               = 965738496                                 {product} {ergonomic}
   size_t MinHeapDeltaBytes                        = 1048576                                   {product} {ergonomic}
    uintx NonNMethodCodeHeapSize                   = 5830732                                {pd product} {ergonomic}
    uintx NonProfiledCodeHeapSize                  = 122913754                              {pd product} {ergonomic}
    uintx ProfiledCodeHeapSize                     = 122913754                              {pd product} {ergonomic}
    uintx ReservedCodeCacheSize                    = 251658240                              {pd product} {ergonomic}
     bool SegmentedCodeCache                       = true                                      {product} {ergonomic}
     bool UseCompressedClassPointers               = true                                 {lp64_product} {ergonomic}
     bool UseCompressedOops                        = true                                 {lp64_product} {ergonomic}
     bool UseG1GC                                  = true                                      {product} {ergonomic}
     bool UseLargePagesIndividualAllocation        = false                                  {pd product} {ergonomic}

Logging:
Log output configuration:
 #0: stdout all=warning uptime,level,tags
 #1: stderr all=off uptime,level,tags

Environment Variables:
JAVA_HOME=D:\Downloads\Android-studio\jre
CLASSPATH=D:\Projects\Flutter Projects\GateKepeerApp-2-27-2023-main\android\\gradle\wrapper\gradle-wrapper.jar
PATH=C:\Program Files\Common Files\Oracle\Java\javapath;C:\WINDOWS\system32;C:\WINDOWS;C:\WINDOWS\System32\Wbem;C:\WINDOWS\System32\WindowsPowerShell\v1.0\;C:\WINDOWS\System32\OpenSSH\;C:\Program Files (x86)\Intel\Intel(R) Management Engine Components\DAL;C:\Program Files\Intel\Intel(R) Management Engine Components\DAL;D:\Downloads\xamp setup\php;C:\ProgramData\ComposerSetup\bin;C:\Users\wiz tech\AppData\Local\Microsoft\WindowsApps;D:\Downloads\flutter\bin;D:\Downloads\bin;D:\Downloads\visual studio\vscode\bin;D:\Downloads\Visual studio\bin;D:\Downloads\visual studio\visualcodesetup\bin;D:\Downloads\android-sdk\platform-tools;C:\Users\wiz tech\AppData\Local\Pub\Cache\bin;C:\Users\wiz tech\AppData\Local\Pub\Cache\bin;C:\Users\wiz tech\AppData\Roaming\Composer\vendor\bin;D:\Downloads\flutter\bin\mingit\cmd
USERNAME=Zarish
OS=Windows_NT
PROCESSOR_IDENTIFIER=Intel64 Family 6 Model 78 Stepping 3, GenuineIntel



---------------  S Y S T E M  ---------------

OS: Windows 10 , 64 bit Build 19041 (10.0.19041.2913)
OS uptime: 0 days 1:17 hours

CPU:total 4 (initial active 4) (2 cores per cpu, 2 threads per core) family 6 model 78 stepping 3 microcode 0xf0, cmov, cx8, fxsr, mmx, sse, sse2, sse3, ssse3, sse4.1, sse4.2, popcnt, avx, avx2, aes, clmul, erms, rtm, 3dnowpref, lzcnt, ht, tsc, tscinvbit, bmi1, bmi2, adx, fma

Memory: 4k page, system-wide physical 8072M (788M free)
TotalPageFile size 8072M (AvailPageFile size 5M)
current process WorkingSet (physical memory assigned to process): 248M, peak: 248M
current process commit charge ("private bytes"): 304M, peak: 306M

vm_info: OpenJDK 64-Bit Server VM (11.0.13+0-b1751.21-8125866) for windows-amd64 JRE (11.0.13+0-b1751.21-8125866), built on Feb  2 2022 03:00:22 by "builder" with MS VC++ 14.0 (VS2015)

END.
