#
# There is insufficient memory for the Java Runtime Environment to continue.
# Native memory allocation (malloc) failed to allocate 647216 bytes for Chunk::new
# Possible reasons:
#   The system is out of physical RAM or swap space
#   The process is running with CompressedOops enabled, and the Java Heap may be blocking the growth of the native heap
# Possible solutions:
#   Reduce memory load on the system
#   Increase physical memory or swap space
#   Check if swap backing store is full
#   Decrease Java heap size (-Xmx/-Xms)
#   Decrease number of Java threads
#   Decrease Java thread stack sizes (-Xss)
#   Set larger code cache with -XX:ReservedCodeCacheSize=
#   JVM is running with Unscaled Compressed Oops mode in which the Java heap is
#     placed in the first 4GB address space. The Java Heap base address is the
#     maximum limit for the native heap growth. Please use -XX:HeapBaseMinAddress
#     to set the Java Heap base and to place the Java Heap above 4GB virtual address.
# This output file may be truncated or incomplete.
#
#  Out of Memory Error (./src/hotspot/share/memory/arena.cpp:197), pid=3160, tid=3900
#
# JRE version: OpenJDK Runtime Environment (11.0.13) (build 11.0.13+0-b1751.21-8125866)
# Java VM: OpenJDK 64-Bit Server VM (11.0.13+0-b1751.21-8125866, mixed mode, tiered, compressed oops, g1 gc, windows-amd64)
# No core dump will be written. Minidumps are not enabled by default on client versions of Windows
#

---------------  S U M M A R Y ------------

Command Line: --add-opens=java.base/java.util=ALL-UNNAMED --add-opens=java.base/java.lang=ALL-UNNAMED --add-opens=java.base/java.lang.invoke=ALL-UNNAMED --add-opens=java.base/java.util=ALL-UNNAMED --add-opens=java.prefs/java.util.prefs=ALL-UNNAMED --add-opens=java.prefs/java.util.prefs=ALL-UNNAMED --add-opens=java.base/java.nio.charset=ALL-UNNAMED --add-opens=java.base/java.net=ALL-UNNAMED --add-opens=java.base/java.util.concurrent.atomic=ALL-UNNAMED -Xmx1536M -Dfile.encoding=windows-1252 -Duser.country=US -Duser.language=en -Duser.variant org.gradle.launcher.daemon.bootstrap.GradleDaemon 7.4

Host: Intel(R) Core(TM) i5-6300U CPU @ 2.40GHz, 4 cores, 7G,  Windows 10 , 64 bit Build 19041 (10.0.19041.2913)
Time: Thu Jun  1 16:47:36 2023 Pakistan Standard Time elapsed time: 13.967738 seconds (0d 0h 0m 13s)

---------------  T H R E A D  ---------------

Current thread (0x0000013946041800):  JavaThread "C2 CompilerThread0" daemon [_thread_in_native, id=3900, stack(0x0000002279100000,0x0000002279200000)]


Current CompileTask:
C2:  13967 2334   !   4       java.net.URL::<init> (543 bytes)

Stack: [0x0000002279100000,0x0000002279200000]
Native frames: (J=compiled Java code, j=interpreted, Vv=VM code, C=native code)
V  [jvm.dll+0x6100fa]
V  [jvm.dll+0x747090]
V  [jvm.dll+0x7486ad]
V  [jvm.dll+0x748d83]
V  [jvm.dll+0x24ab48]
V  [jvm.dll+0xc04dc]
V  [jvm.dll+0xc0a0c]
V  [jvm.dll+0x2bfab4]
V  [jvm.dll+0x524238]
V  [jvm.dll+0x20b193]
V  [jvm.dll+0x204ca0]
V  [jvm.dll+0x2023c2]
V  [jvm.dll+0x188e01]
V  [jvm.dll+0x21106b]
V  [jvm.dll+0x20f8c1]
V  [jvm.dll+0x70de0f]
V  [jvm.dll+0x706a75]
V  [jvm.dll+0x60ed66]
C  [ucrtbase.dll+0x21bb2]
C  [KERNEL32.DLL+0x17614]
C  [ntdll.dll+0x526a1]


---------------  P R O C E S S  ---------------

Threads class SMR info:
_java_thread_list=0x0000013949253980, length=27, elements={
0x000001392d71f000, 0x000001394601c000, 0x000001394601d800, 0x000001394603c000,
0x000001394603c800, 0x000001394603e000, 0x0000013946041800, 0x0000013946049000,
0x000001394605c800, 0x0000013946af0000, 0x0000013948cdc800, 0x00000139495f8800,
0x0000013948e46800, 0x00000139489ee800, 0x0000013947dcc000, 0x00000139482f2800,
0x0000013947d3c000, 0x0000013948094800, 0x00000139480eb800, 0x0000013948a36800,
0x0000013947dc8800, 0x0000013947dca800, 0x0000013947dc8000, 0x0000013947dc9800,
0x000001394900f800, 0x000001394900d000, 0x000001394900b800
}

Java Threads: ( => current thread )
  0x000001392d71f000 JavaThread "main" [_thread_blocked, id=11996, stack(0x0000002278500000,0x0000002278600000)]
  0x000001394601c000 JavaThread "Reference Handler" daemon [_thread_blocked, id=11276, stack(0x0000002278c00000,0x0000002278d00000)]
  0x000001394601d800 JavaThread "Finalizer" daemon [_thread_blocked, id=6052, stack(0x0000002278d00000,0x0000002278e00000)]
  0x000001394603c000 JavaThread "Signal Dispatcher" daemon [_thread_blocked, id=6560, stack(0x0000002278e00000,0x0000002278f00000)]
  0x000001394603c800 JavaThread "Attach Listener" daemon [_thread_blocked, id=13160, stack(0x0000002278f00000,0x0000002279000000)]
  0x000001394603e000 JavaThread "Service Thread" daemon [_thread_blocked, id=2652, stack(0x0000002279000000,0x0000002279100000)]
=>0x0000013946041800 JavaThread "C2 CompilerThread0" daemon [_thread_in_native, id=3900, stack(0x0000002279100000,0x0000002279200000)]
  0x0000013946049000 JavaThread "C1 CompilerThread0" daemon [_thread_blocked, id=5780, stack(0x0000002279200000,0x0000002279300000)]
  0x000001394605c800 JavaThread "Sweeper thread" daemon [_thread_blocked, id=13296, stack(0x0000002279300000,0x0000002279400000)]
  0x0000013946af0000 JavaThread "Common-Cleaner" daemon [_thread_blocked, id=11100, stack(0x0000002279400000,0x0000002279500000)]
  0x0000013948cdc800 JavaThread "Daemon health stats" [_thread_blocked, id=1400, stack(0x0000002279900000,0x0000002279a00000)]
  0x00000139495f8800 JavaThread "Incoming local TCP Connector on port 50532" [_thread_in_native, id=9332, stack(0x0000002279600000,0x0000002279700000)]
  0x0000013948e46800 JavaThread "Daemon periodic checks" [_thread_blocked, id=12664, stack(0x0000002279a00000,0x0000002279b00000)]
  0x00000139489ee800 JavaThread "Daemon" [_thread_blocked, id=8500, stack(0x0000002279b00000,0x0000002279c00000)]
  0x0000013947dcc000 JavaThread "Handler for socket connection from /127.0.0.1:50532 to /127.0.0.1:50533" [_thread_in_native, id=8332, stack(0x0000002279c00000,0x0000002279d00000)]
  0x00000139482f2800 JavaThread "Cancel handler" [_thread_blocked, id=4692, stack(0x0000002279d00000,0x0000002279e00000)]
  0x0000013947d3c000 JavaThread "Daemon worker" [_thread_in_Java, id=5568, stack(0x0000002279e00000,0x0000002279f00000)]
  0x0000013948094800 JavaThread "Asynchronous log dispatcher for DefaultDaemonConnection: socket connection from /127.0.0.1:50532 to /127.0.0.1:50533" [_thread_blocked, id=12688, stack(0x0000002279f00000,0x000000227a000000)]
  0x00000139480eb800 JavaThread "Stdin handler" [_thread_blocked, id=2428, stack(0x000000227a000000,0x000000227a100000)]
  0x0000013948a36800 JavaThread "Daemon client event forwarder" [_thread_blocked, id=8684, stack(0x000000227a100000,0x000000227a200000)]
  0x0000013947dc8800 JavaThread "Cache worker for journal cache (C:\Users\wiz tech\.gradle\caches\journal-1)" [_thread_blocked, id=824, stack(0x000000227a300000,0x000000227a400000)]
  0x0000013947dca800 JavaThread "File lock request listener" [_thread_in_native, id=8732, stack(0x000000227a400000,0x000000227a500000)]
  0x0000013947dc8000 JavaThread "Cache worker for file hash cache (C:\Users\wiz tech\.gradle\caches\7.4\fileHashes)" [_thread_blocked, id=11168, stack(0x000000227a500000,0x000000227a600000)]
  0x0000013947dc9800 JavaThread "File watcher server" daemon [_thread_in_native, id=9468, stack(0x000000227a700000,0x000000227a800000)]
  0x000001394900f800 JavaThread "File watcher consumer" daemon [_thread_blocked, id=10484, stack(0x000000227a800000,0x000000227a900000)]
  0x000001394900d000 JavaThread "Cache worker for checksums cache (D:\Projects\Flutter Projects\GateKepeerApp-2-27-2023-main\android\.gradle\7.4\checksums)" [_thread_blocked, id=988, stack(0x000000227a600000,0x000000227a700000)]
  0x000001394900b800 JavaThread "Cache worker for cache directory md-rule (C:\Users\wiz tech\.gradle\caches\7.4\md-rule)" [_thread_blocked, id=4108, stack(0x000000227a900000,0x000000227aa00000)]

Other Threads:
  0x0000013945ff7000 VMThread "VM Thread" [stack: 0x0000002278b00000,0x0000002278c00000] [id=6632]
  0x0000013946af1800 WatcherThread [stack: 0x0000002279500000,0x0000002279600000] [id=2520]
  0x000001392d739000 GCTaskThread "GC Thread#0" [stack: 0x0000002278600000,0x0000002278700000] [id=5636]
  0x0000013947215800 GCTaskThread "GC Thread#1" [stack: 0x0000002279700000,0x0000002279800000] [id=1292]
  0x0000013947412800 GCTaskThread "GC Thread#2" [stack: 0x0000002279800000,0x0000002279900000] [id=2492]
  0x0000013946d31800 GCTaskThread "GC Thread#3" [stack: 0x000000227a200000,0x000000227a300000] [id=7408]
  0x000001392d75e800 ConcurrentGCThread "G1 Main Marker" [stack: 0x0000002278700000,0x0000002278800000] [id=1548]
  0x000001392d760000 ConcurrentGCThread "G1 Conc#0" [stack: 0x0000002278800000,0x0000002278900000] [id=8944]
  0x000001392d7ec800 ConcurrentGCThread "G1 Refine#0" [stack: 0x0000002278900000,0x0000002278a00000] [id=7604]
  0x000001392d7ed800 ConcurrentGCThread "G1 Young RemSet Sampling" [stack: 0x0000002278a00000,0x0000002278b00000] [id=9548]

Threads with active compile tasks:
C2 CompilerThread0  14003 2334   !   4       java.net.URL::<init> (543 bytes)
C1 CompilerThread0  14003 2401       3       org.objectweb.asm.MethodWriter::visitLabel (328 bytes)

VM state:not at safepoint (normal execution)

VM Mutex/Monitor currently owned by a thread: None

Heap address: 0x00000000a0000000, size: 1536 MB, Compressed Oops mode: 32-bit
Narrow klass base: 0x0000000000000000, Narrow klass shift: 3
Compressed class space size: 1073741824 Address: 0x0000000100000000

Heap:
 garbage-first heap   total 131072K, used 42021K [0x00000000a0000000, 0x0000000100000000)
  region size 1024K, 29 young (29696K), 6 survivors (6144K)
 Metaspace       used 28039K, capacity 28627K, committed 28720K, reserved 1077248K
  class space    used 3630K, capacity 3877K, committed 3968K, reserved 1048576K
Heap Regions: E=young(eden), S=young(survivor), O=old, HS=humongous(starts), HC=humongous(continues), CS=collection set, F=free, A=archive, TAMS=top-at-mark-start (previous, next)
|   0|0x00000000a0000000, 0x00000000a0100000, 0x00000000a0100000|100%|HS|  |TAMS 0x00000000a0100000, 0x00000000a0000000| Complete 
|   1|0x00000000a0100000, 0x00000000a0200000, 0x00000000a0200000|100%|HC|  |TAMS 0x00000000a0200000, 0x00000000a0100000| Complete 
|   2|0x00000000a0200000, 0x00000000a0300000, 0x00000000a0300000|100%|HC|  |TAMS 0x00000000a0300000, 0x00000000a0200000| Complete 
|   3|0x00000000a0300000, 0x00000000a0400000, 0x00000000a0400000|100%| O|  |TAMS 0x00000000a0400000, 0x00000000a0300000| Untracked 
|   4|0x00000000a0400000, 0x00000000a0500000, 0x00000000a0500000|100%| O|  |TAMS 0x00000000a0500000, 0x00000000a0400000| Untracked 
|   5|0x00000000a0500000, 0x00000000a0600000, 0x00000000a0600000|100%| O|  |TAMS 0x00000000a0600000, 0x00000000a0500000| Untracked 
|   6|0x00000000a0600000, 0x00000000a0700000, 0x00000000a0700000|100%| O|  |TAMS 0x00000000a0700000, 0x00000000a0600000| Untracked 
|   7|0x00000000a0700000, 0x00000000a0800000, 0x00000000a0800000|100%| O|  |TAMS 0x00000000a0800000, 0x00000000a0700000| Untracked 
|   8|0x00000000a0800000, 0x00000000a0900000, 0x00000000a0900000|100%| O|  |TAMS 0x00000000a0900000, 0x00000000a0800000| Untracked 
|   9|0x00000000a0900000, 0x00000000a0a00000, 0x00000000a0a00000|100%| O|  |TAMS 0x00000000a0a00000, 0x00000000a0900000| Untracked 
|  10|0x00000000a0a00000, 0x00000000a0b00000, 0x00000000a0b00000|100%| O|  |TAMS 0x00000000a0b00000, 0x00000000a0a00000| Untracked 
|  11|0x00000000a0b00000, 0x00000000a0c00000, 0x00000000a0c00000|100%| O|  |TAMS 0x00000000a0c00000, 0x00000000a0b00000| Untracked 
|  12|0x00000000a0c00000, 0x00000000a0d00000, 0x00000000a0d00000|100%| O|  |TAMS 0x00000000a0d00000, 0x00000000a0c00000| Untracked 
|  13|0x00000000a0d00000, 0x00000000a0dbca00, 0x00000000a0e00000| 73%| O|  |TAMS 0x00000000a0dbca00, 0x00000000a0d00000| Untracked 
|  14|0x00000000a0e00000, 0x00000000a0e00000, 0x00000000a0f00000|  0%| F|  |TAMS 0x00000000a0e00000, 0x00000000a0e00000| Untracked 
|  15|0x00000000a0f00000, 0x00000000a0f00000, 0x00000000a1000000|  0%| F|  |TAMS 0x00000000a0f00000, 0x00000000a0f00000| Untracked 
|  16|0x00000000a1000000, 0x00000000a1000000, 0x00000000a1100000|  0%| F|  |TAMS 0x00000000a1000000, 0x00000000a1000000| Untracked 
|  17|0x00000000a1100000, 0x00000000a1100000, 0x00000000a1200000|  0%| F|  |TAMS 0x00000000a1100000, 0x00000000a1100000| Untracked 
|  18|0x00000000a1200000, 0x00000000a1200000, 0x00000000a1300000|  0%| F|  |TAMS 0x00000000a1200000, 0x00000000a1200000| Untracked 
|  19|0x00000000a1300000, 0x00000000a1300000, 0x00000000a1400000|  0%| F|  |TAMS 0x00000000a1300000, 0x00000000a1300000| Untracked 
|  20|0x00000000a1400000, 0x00000000a1400000, 0x00000000a1500000|  0%| F|  |TAMS 0x00000000a1400000, 0x00000000a1400000| Untracked 
|  21|0x00000000a1500000, 0x00000000a1500000, 0x00000000a1600000|  0%| F|  |TAMS 0x00000000a1500000, 0x00000000a1500000| Untracked 
|  22|0x00000000a1600000, 0x00000000a1600000, 0x00000000a1700000|  0%| F|  |TAMS 0x00000000a1600000, 0x00000000a1600000| Untracked 
|  23|0x00000000a1700000, 0x00000000a1700000, 0x00000000a1800000|  0%| F|  |TAMS 0x00000000a1700000, 0x00000000a1700000| Untracked 
|  24|0x00000000a1800000, 0x00000000a1800000, 0x00000000a1900000|  0%| F|  |TAMS 0x00000000a1800000, 0x00000000a1800000| Untracked 
|  25|0x00000000a1900000, 0x00000000a1900000, 0x00000000a1a00000|  0%| F|  |TAMS 0x00000000a1900000, 0x00000000a1900000| Untracked 
|  26|0x00000000a1a00000, 0x00000000a1a00000, 0x00000000a1b00000|  0%| F|  |TAMS 0x00000000a1a00000, 0x00000000a1a00000| Untracked 
|  27|0x00000000a1b00000, 0x00000000a1b00000, 0x00000000a1c00000|  0%| F|  |TAMS 0x00000000a1b00000, 0x00000000a1b00000| Untracked 
|  28|0x00000000a1c00000, 0x00000000a1c00000, 0x00000000a1d00000|  0%| F|  |TAMS 0x00000000a1c00000, 0x00000000a1c00000| Untracked 
|  29|0x00000000a1d00000, 0x00000000a1d00000, 0x00000000a1e00000|  0%| F|  |TAMS 0x00000000a1d00000, 0x00000000a1d00000| Untracked 
|  30|0x00000000a1e00000, 0x00000000a1e00000, 0x00000000a1f00000|  0%| F|  |TAMS 0x00000000a1e00000, 0x00000000a1e00000| Untracked 
|  31|0x00000000a1f00000, 0x00000000a1f00000, 0x00000000a2000000|  0%| F|  |TAMS 0x00000000a1f00000, 0x00000000a1f00000| Untracked 
|  32|0x00000000a2000000, 0x00000000a2000000, 0x00000000a2100000|  0%| F|  |TAMS 0x00000000a2000000, 0x00000000a2000000| Untracked 
|  33|0x00000000a2100000, 0x00000000a2100000, 0x00000000a2200000|  0%| F|  |TAMS 0x00000000a2100000, 0x00000000a2100000| Untracked 
|  34|0x00000000a2200000, 0x00000000a2200000, 0x00000000a2300000|  0%| F|  |TAMS 0x00000000a2200000, 0x00000000a2200000| Untracked 
|  35|0x00000000a2300000, 0x00000000a2300000, 0x00000000a2400000|  0%| F|  |TAMS 0x00000000a2300000, 0x00000000a2300000| Untracked 
|  36|0x00000000a2400000, 0x00000000a2400000, 0x00000000a2500000|  0%| F|  |TAMS 0x00000000a2400000, 0x00000000a2400000| Untracked 
|  37|0x00000000a2500000, 0x00000000a2500000, 0x00000000a2600000|  0%| F|  |TAMS 0x00000000a2500000, 0x00000000a2500000| Untracked 
|  38|0x00000000a2600000, 0x00000000a2600000, 0x00000000a2700000|  0%| F|  |TAMS 0x00000000a2600000, 0x00000000a2600000| Untracked 
|  39|0x00000000a2700000, 0x00000000a2700000, 0x00000000a2800000|  0%| F|  |TAMS 0x00000000a2700000, 0x00000000a2700000| Untracked 
|  40|0x00000000a2800000, 0x00000000a2800000, 0x00000000a2900000|  0%| F|  |TAMS 0x00000000a2800000, 0x00000000a2800000| Untracked 
|  41|0x00000000a2900000, 0x00000000a2900000, 0x00000000a2a00000|  0%| F|  |TAMS 0x00000000a2900000, 0x00000000a2900000| Untracked 
|  42|0x00000000a2a00000, 0x00000000a2a00000, 0x00000000a2b00000|  0%| F|  |TAMS 0x00000000a2a00000, 0x00000000a2a00000| Untracked 
|  43|0x00000000a2b00000, 0x00000000a2b00000, 0x00000000a2c00000|  0%| F|  |TAMS 0x00000000a2b00000, 0x00000000a2b00000| Untracked 
|  44|0x00000000a2c00000, 0x00000000a2c00000, 0x00000000a2d00000|  0%| F|  |TAMS 0x00000000a2c00000, 0x00000000a2c00000| Untracked 
|  45|0x00000000a2d00000, 0x00000000a2d00000, 0x00000000a2e00000|  0%| F|  |TAMS 0x00000000a2d00000, 0x00000000a2d00000| Untracked 
|  46|0x00000000a2e00000, 0x00000000a2e00000, 0x00000000a2f00000|  0%| F|  |TAMS 0x00000000a2e00000, 0x00000000a2e00000| Untracked 
|  47|0x00000000a2f00000, 0x00000000a2f00000, 0x00000000a3000000|  0%| F|  |TAMS 0x00000000a2f00000, 0x00000000a2f00000| Untracked 
|  48|0x00000000a3000000, 0x00000000a3000000, 0x00000000a3100000|  0%| F|  |TAMS 0x00000000a3000000, 0x00000000a3000000| Untracked 
|  49|0x00000000a3100000, 0x00000000a3100000, 0x00000000a3200000|  0%| F|  |TAMS 0x00000000a3100000, 0x00000000a3100000| Untracked 
|  50|0x00000000a3200000, 0x00000000a3200000, 0x00000000a3300000|  0%| F|  |TAMS 0x00000000a3200000, 0x00000000a3200000| Untracked 
|  51|0x00000000a3300000, 0x00000000a3300000, 0x00000000a3400000|  0%| F|  |TAMS 0x00000000a3300000, 0x00000000a3300000| Untracked 
|  52|0x00000000a3400000, 0x00000000a3400000, 0x00000000a3500000|  0%| F|  |TAMS 0x00000000a3400000, 0x00000000a3400000| Untracked 
|  53|0x00000000a3500000, 0x00000000a3500000, 0x00000000a3600000|  0%| F|  |TAMS 0x00000000a3500000, 0x00000000a3500000| Untracked 
|  54|0x00000000a3600000, 0x00000000a3600000, 0x00000000a3700000|  0%| F|  |TAMS 0x00000000a3600000, 0x00000000a3600000| Untracked 
|  55|0x00000000a3700000, 0x00000000a3700000, 0x00000000a3800000|  0%| F|  |TAMS 0x00000000a3700000, 0x00000000a3700000| Untracked 
|  56|0x00000000a3800000, 0x00000000a3800000, 0x00000000a3900000|  0%| F|  |TAMS 0x00000000a3800000, 0x00000000a3800000| Untracked 
|  57|0x00000000a3900000, 0x00000000a3900000, 0x00000000a3a00000|  0%| F|  |TAMS 0x00000000a3900000, 0x00000000a3900000| Untracked 
|  58|0x00000000a3a00000, 0x00000000a3a00000, 0x00000000a3b00000|  0%| F|  |TAMS 0x00000000a3a00000, 0x00000000a3a00000| Untracked 
|  59|0x00000000a3b00000, 0x00000000a3b00000, 0x00000000a3c00000|  0%| F|  |TAMS 0x00000000a3b00000, 0x00000000a3b00000| Untracked 
|  60|0x00000000a3c00000, 0x00000000a3c00000, 0x00000000a3d00000|  0%| F|  |TAMS 0x00000000a3c00000, 0x00000000a3c00000| Untracked 
|  61|0x00000000a3d00000, 0x00000000a3d00000, 0x00000000a3e00000|  0%| F|  |TAMS 0x00000000a3d00000, 0x00000000a3d00000| Untracked 
|  62|0x00000000a3e00000, 0x00000000a3e00000, 0x00000000a3f00000|  0%| F|  |TAMS 0x00000000a3e00000, 0x00000000a3e00000| Untracked 
|  63|0x00000000a3f00000, 0x00000000a3f00000, 0x00000000a4000000|  0%| F|  |TAMS 0x00000000a3f00000, 0x00000000a3f00000| Untracked 
|  64|0x00000000a4000000, 0x00000000a4000000, 0x00000000a4100000|  0%| F|  |TAMS 0x00000000a4000000, 0x00000000a4000000| Untracked 
|  65|0x00000000a4100000, 0x00000000a4100000, 0x00000000a4200000|  0%| F|  |TAMS 0x00000000a4100000, 0x00000000a4100000| Untracked 
|  66|0x00000000a4200000, 0x00000000a4200000, 0x00000000a4300000|  0%| F|  |TAMS 0x00000000a4200000, 0x00000000a4200000| Untracked 
|  67|0x00000000a4300000, 0x00000000a4300000, 0x00000000a4400000|  0%| F|  |TAMS 0x00000000a4300000, 0x00000000a4300000| Untracked 
|  68|0x00000000a4400000, 0x00000000a444cb20, 0x00000000a4500000| 29%| E|CS|TAMS 0x00000000a4400000, 0x00000000a444cb20| Complete 
|  69|0x00000000a4500000, 0x00000000a4600000, 0x00000000a4600000|100%| E|CS|TAMS 0x00000000a4500000, 0x00000000a4600000| Complete 
|  70|0x00000000a4600000, 0x00000000a4700000, 0x00000000a4700000|100%| E|CS|TAMS 0x00000000a4600000, 0x00000000a4700000| Complete 
|  71|0x00000000a4700000, 0x00000000a4800000, 0x00000000a4800000|100%| E|CS|TAMS 0x00000000a4700000, 0x00000000a4800000| Complete 
|  72|0x00000000a4800000, 0x00000000a4900000, 0x00000000a4900000|100%| E|CS|TAMS 0x00000000a4800000, 0x00000000a4900000| Complete 
|  73|0x00000000a4900000, 0x00000000a4a00000, 0x00000000a4a00000|100%| E|CS|TAMS 0x00000000a4900000, 0x00000000a4a00000| Complete 
|  74|0x00000000a4a00000, 0x00000000a4a00000, 0x00000000a4b00000|  0%| F|  |TAMS 0x00000000a4a00000, 0x00000000a4a00000| Untracked 
|  75|0x00000000a4b00000, 0x00000000a4b00000, 0x00000000a4c00000|  0%| F|  |TAMS 0x00000000a4b00000, 0x00000000a4b00000| Untracked 
|  76|0x00000000a4c00000, 0x00000000a4c00000, 0x00000000a4d00000|  0%| F|  |TAMS 0x00000000a4c00000, 0x00000000a4c00000| Untracked 
|  77|0x00000000a4d00000, 0x00000000a4d00000, 0x00000000a4e00000|  0%| F|  |TAMS 0x00000000a4d00000, 0x00000000a4d00000| Untracked 
|  78|0x00000000a4e00000, 0x00000000a4e00000, 0x00000000a4f00000|  0%| F|  |TAMS 0x00000000a4e00000, 0x00000000a4e00000| Untracked 
|  79|0x00000000a4f00000, 0x00000000a4f00000, 0x00000000a5000000|  0%| F|  |TAMS 0x00000000a4f00000, 0x00000000a4f00000| Untracked 
|  80|0x00000000a5000000, 0x00000000a5000000, 0x00000000a5100000|  0%| F|  |TAMS 0x00000000a5000000, 0x00000000a5000000| Untracked 
|  81|0x00000000a5100000, 0x00000000a5100000, 0x00000000a5200000|  0%| F|  |TAMS 0x00000000a5100000, 0x00000000a5100000| Untracked 
|  82|0x00000000a5200000, 0x00000000a5200000, 0x00000000a5300000|  0%| F|  |TAMS 0x00000000a5200000, 0x00000000a5200000| Untracked 
|  83|0x00000000a5300000, 0x00000000a5300000, 0x00000000a5400000|  0%| F|  |TAMS 0x00000000a5300000, 0x00000000a5300000| Untracked 
|  84|0x00000000a5400000, 0x00000000a5400000, 0x00000000a5500000|  0%| F|  |TAMS 0x00000000a5400000, 0x00000000a5400000| Untracked 
|  85|0x00000000a5500000, 0x00000000a5500000, 0x00000000a5600000|  0%| F|  |TAMS 0x00000000a5500000, 0x00000000a5500000| Untracked 
|  86|0x00000000a5600000, 0x00000000a5600000, 0x00000000a5700000|  0%| F|  |TAMS 0x00000000a5600000, 0x00000000a5600000| Untracked 
|  87|0x00000000a5700000, 0x00000000a5700000, 0x00000000a5800000|  0%| F|  |TAMS 0x00000000a5700000, 0x00000000a5700000| Untracked 
|  88|0x00000000a5800000, 0x00000000a5800000, 0x00000000a5900000|  0%| F|  |TAMS 0x00000000a5800000, 0x00000000a5800000| Untracked 
|  89|0x00000000a5900000, 0x00000000a5900000, 0x00000000a5a00000|  0%| F|  |TAMS 0x00000000a5900000, 0x00000000a5900000| Untracked 
|  90|0x00000000a5a00000, 0x00000000a5a00000, 0x00000000a5b00000|  0%| F|  |TAMS 0x00000000a5a00000, 0x00000000a5a00000| Untracked 
|  91|0x00000000a5b00000, 0x00000000a5b00000, 0x00000000a5c00000|  0%| F|  |TAMS 0x00000000a5b00000, 0x00000000a5b00000| Untracked 
|  92|0x00000000a5c00000, 0x00000000a5c00000, 0x00000000a5d00000|  0%| F|  |TAMS 0x00000000a5c00000, 0x00000000a5c00000| Untracked 
|  93|0x00000000a5d00000, 0x00000000a5d00000, 0x00000000a5e00000|  0%| F|  |TAMS 0x00000000a5d00000, 0x00000000a5d00000| Untracked 
|  94|0x00000000a5e00000, 0x00000000a5e00000, 0x00000000a5f00000|  0%| F|  |TAMS 0x00000000a5e00000, 0x00000000a5e00000| Untracked 
|  95|0x00000000a5f00000, 0x00000000a5f00000, 0x00000000a6000000|  0%| F|  |TAMS 0x00000000a5f00000, 0x00000000a5f00000| Untracked 
|  96|0x00000000a6000000, 0x00000000a6000000, 0x00000000a6100000|  0%| F|  |TAMS 0x00000000a6000000, 0x00000000a6000000| Untracked 
|  97|0x00000000a6100000, 0x00000000a6100000, 0x00000000a6200000|  0%| F|  |TAMS 0x00000000a6100000, 0x00000000a6100000| Untracked 
|  98|0x00000000a6200000, 0x00000000a6200000, 0x00000000a6300000|  0%| F|  |TAMS 0x00000000a6200000, 0x00000000a6200000| Untracked 
|  99|0x00000000a6300000, 0x00000000a6300000, 0x00000000a6400000|  0%| F|  |TAMS 0x00000000a6300000, 0x00000000a6300000| Untracked 
| 100|0x00000000a6400000, 0x00000000a6400000, 0x00000000a6500000|  0%| F|  |TAMS 0x00000000a6400000, 0x00000000a6400000| Untracked 
| 101|0x00000000a6500000, 0x00000000a6500000, 0x00000000a6600000|  0%| F|  |TAMS 0x00000000a6500000, 0x00000000a6500000| Untracked 
| 102|0x00000000a6600000, 0x00000000a6600000, 0x00000000a6700000|  0%| F|  |TAMS 0x00000000a6600000, 0x00000000a6600000| Untracked 
| 103|0x00000000a6700000, 0x00000000a6700000, 0x00000000a6800000|  0%| F|  |TAMS 0x00000000a6700000, 0x00000000a6700000| Untracked 
| 104|0x00000000a6800000, 0x00000000a68e82e0, 0x00000000a6900000| 90%| S|  |TAMS 0x00000000a6800000, 0x00000000a6800000| Complete 
| 105|0x00000000a6900000, 0x00000000a6a00000, 0x00000000a6a00000|100%| E|CS|TAMS 0x00000000a6900000, 0x00000000a6a00000| Complete 
| 106|0x00000000a6a00000, 0x00000000a6b00000, 0x00000000a6b00000|100%| E|CS|TAMS 0x00000000a6a00000, 0x00000000a6b00000| Complete 
| 107|0x00000000a6b00000, 0x00000000a6c00000, 0x00000000a6c00000|100%| E|CS|TAMS 0x00000000a6b00000, 0x00000000a6c00000| Complete 
| 108|0x00000000a6c00000, 0x00000000a6d00000, 0x00000000a6d00000|100%| E|CS|TAMS 0x00000000a6c00000, 0x00000000a6d00000| Complete 
| 109|0x00000000a6d00000, 0x00000000a6e00000, 0x00000000a6e00000|100%| E|CS|TAMS 0x00000000a6d00000, 0x00000000a6e00000| Complete 
| 110|0x00000000a6e00000, 0x00000000a6f00000, 0x00000000a6f00000|100%| E|CS|TAMS 0x00000000a6e00000, 0x00000000a6f00000| Complete 
| 111|0x00000000a6f00000, 0x00000000a7000000, 0x00000000a7000000|100%| E|CS|TAMS 0x00000000a6f00000, 0x00000000a7000000| Complete 
| 112|0x00000000a7000000, 0x00000000a7100000, 0x00000000a7100000|100%| E|CS|TAMS 0x00000000a7000000, 0x00000000a7100000| Complete 
| 113|0x00000000a7100000, 0x00000000a7200000, 0x00000000a7200000|100%| E|CS|TAMS 0x00000000a7100000, 0x00000000a7200000| Complete 
| 114|0x00000000a7200000, 0x00000000a7300000, 0x00000000a7300000|100%| E|CS|TAMS 0x00000000a7200000, 0x00000000a7300000| Complete 
| 115|0x00000000a7300000, 0x00000000a7400000, 0x00000000a7400000|100%| E|CS|TAMS 0x00000000a7300000, 0x00000000a7400000| Complete 
| 116|0x00000000a7400000, 0x00000000a7500000, 0x00000000a7500000|100%| E|CS|TAMS 0x00000000a7400000, 0x00000000a7500000| Complete 
| 117|0x00000000a7500000, 0x00000000a7600000, 0x00000000a7600000|100%| E|CS|TAMS 0x00000000a7500000, 0x00000000a7600000| Complete 
| 118|0x00000000a7600000, 0x00000000a7700000, 0x00000000a7700000|100%| E|CS|TAMS 0x00000000a7600000, 0x00000000a7700000| Complete 
| 119|0x00000000a7700000, 0x00000000a7800000, 0x00000000a7800000|100%| E|CS|TAMS 0x00000000a7700000, 0x00000000a7800000| Complete 
| 120|0x00000000a7800000, 0x00000000a7900000, 0x00000000a7900000|100%| E|CS|TAMS 0x00000000a7800000, 0x00000000a7900000| Complete 
| 121|0x00000000a7900000, 0x00000000a7a00000, 0x00000000a7a00000|100%| E|CS|TAMS 0x00000000a7900000, 0x00000000a7a00000| Complete 
| 122|0x00000000a7a00000, 0x00000000a7b00000, 0x00000000a7b00000|100%| E|CS|TAMS 0x00000000a7a00000, 0x00000000a7b00000| Complete 
| 123|0x00000000a7b00000, 0x00000000a7c00000, 0x00000000a7c00000|100%| E|CS|TAMS 0x00000000a7b00000, 0x00000000a7c00000| Complete 
| 124|0x00000000a7c00000, 0x00000000a7d00000, 0x00000000a7d00000|100%| E|CS|TAMS 0x00000000a7c00000, 0x00000000a7d00000| Complete 
| 125|0x00000000a7d00000, 0x00000000a7e00000, 0x00000000a7e00000|100%| E|CS|TAMS 0x00000000a7d00000, 0x00000000a7e00000| Complete 
| 126|0x00000000a7e00000, 0x00000000a7f00000, 0x00000000a7f00000|100%| E|CS|TAMS 0x00000000a7e00000, 0x00000000a7f00000| Complete 
| 127|0x00000000a7f00000, 0x00000000a8000000, 0x00000000a8000000|100%| E|CS|TAMS 0x00000000a7f00000, 0x00000000a8000000| Complete 

Card table byte_map: [0x0000013940540000,0x0000013940840000] _byte_map_base: 0x0000013940040000

Marking Bits (Prev, Next): (CMBitMap*) 0x000001392d757ef0, (CMBitMap*) 0x000001392d757eb8
 Prev Bits: [0x0000013942340000, 0x0000013943b40000)
 Next Bits: [0x0000013940b40000, 0x0000013942340000)

Polling page: 0x000001392b670000

Metaspace:

Usage:
  Non-class:     24.17 MB capacity,    23.84 MB ( 99%) used,   283.90 KB (  1%) free+waste,    54.19 KB ( <1%) overhead. 
      Class:      3.79 MB capacity,     3.55 MB ( 94%) used,   219.20 KB (  6%) free+waste,    27.19 KB ( <1%) overhead. 
       Both:     27.96 MB capacity,    27.39 MB ( 98%) used,   503.10 KB (  2%) free+waste,    81.38 KB ( <1%) overhead. 

Virtual space:
  Non-class space:       34.00 MB reserved,      24.17 MB ( 71%) committed 
      Class space:        1.00 GB reserved,       3.88 MB ( <1%) committed 
             Both:        1.03 GB reserved,      28.05 MB (  3%) committed 

Chunk freelists:
   Non-Class:  2.00 KB
       Class:  27.00 KB
        Both:  29.00 KB

MaxMetaspaceSize: 17179869184.00 GB
CompressedClassSpaceSize: 1.00 GB
Initial GC threshold: 20.80 MB
Current GC threshold: 35.08 MB
CDS: off

CodeHeap 'non-profiled nmethods': size=120064Kb used=1410Kb max_used=1410Kb free=118653Kb
 bounds [0x0000013938d00000, 0x0000013938f70000, 0x0000013940240000]
CodeHeap 'profiled nmethods': size=120000Kb used=5192Kb max_used=5192Kb free=114807Kb
 bounds [0x00000139317d0000, 0x0000013931cf0000, 0x0000013938d00000]
CodeHeap 'non-nmethods': size=5696Kb used=1224Kb max_used=1261Kb free=4471Kb
 bounds [0x0000013931240000, 0x00000139314b0000, 0x00000139317d0000]
 total_blobs=2887 nmethods=2386 adapters=413
 compilation: enabled
              stopped_count=0, restarted_count=0
 full_count=0

Compilation events (20 events):
Event: 13.927 Thread 0x0000013946049000 2360       3       org.objectweb.asm.AnnotationWriter::computeAnnotationsSize (66 bytes)
Event: 13.928 Thread 0x0000013946049000 nmethod 2360 0x0000013931ccc590 code [0x0000013931ccc780, 0x0000013931ccca98]
Event: 13.928 Thread 0x0000013946049000 2362       3       org.objectweb.asm.Handler::getExceptionTableSize (10 bytes)
Event: 13.928 Thread 0x0000013946049000 nmethod 2362 0x0000013931cccc90 code [0x0000013931ccce40, 0x0000013931ccd038]
Event: 13.928 Thread 0x0000013946049000 2361       3       org.objectweb.asm.AnnotationWriter::putAnnotations (67 bytes)
Event: 13.929 Thread 0x0000013946049000 nmethod 2361 0x0000013931ccd190 code [0x0000013931ccd3c0, 0x0000013931ccd7f8]
Event: 13.946 Thread 0x0000013946049000 2364       3       java.lang.invoke.MethodHandles$Lookup::checkMethod (83 bytes)
Event: 13.947 Thread 0x0000013946049000 nmethod 2364 0x0000013931ccda90 code [0x0000013931ccdcc0, 0x0000013931cce418]
Event: 13.947 Thread 0x0000013946049000 2365       3       java.lang.invoke.MethodHandles$Lookup::maybeBindCaller (47 bytes)
Event: 13.948 Thread 0x0000013946049000 nmethod 2365 0x0000013931cce690 code [0x0000013931cce8e0, 0x0000013931ccf1c8]
Event: 13.957 Thread 0x0000013946049000 2366       3       org.gradle.internal.reflect.MethodSet$MethodKey::equals (89 bytes)
Event: 13.958 Thread 0x0000013946049000 nmethod 2366 0x0000013931ccf510 code [0x0000013931ccf740, 0x0000013931ccffd8]
Event: 13.959 Thread 0x0000013946049000 2367       3       org.gradle.internal.reflect.MutableClassDetails::instanceMethod (9 bytes)
Event: 13.959 Thread 0x0000013946049000 nmethod 2367 0x0000013931cd0210 code [0x0000013931cd03c0, 0x0000013931cd0508]
Event: 13.959 Thread 0x0000013946049000 2369       3       java.util.TreeMap::getEntry (84 bytes)
Event: 13.959 Thread 0x0000013946049000 nmethod 2369 0x0000013931cd0610 code [0x0000013931cd0820, 0x0000013931cd0de8]
Event: 13.959 Thread 0x0000013946049000 2368       3       java.util.TreeMap::get (19 bytes)
Event: 13.960 Thread 0x0000013946049000 nmethod 2368 0x0000013931cd0f90 code [0x0000013931cd1160, 0x0000013931cd1308]
Event: 13.960 Thread 0x0000013946049000 2370       3       org.gradle.internal.reflect.MethodSet::shouldReplace (45 bytes)
Event: 13.960 Thread 0x0000013946049000 nmethod 2370 0x0000013931cd1410 code [0x0000013931cd1600, 0x0000013931cd1b38]

GC Heap History (10 events):
Event: 0.818 GC heap before
{Heap before GC invocations=0 (full 0):
 garbage-first heap   total 131072K, used 16384K [0x00000000a0000000, 0x0000000100000000)
  region size 1024K, 14 young (14336K), 0 survivors (0K)
 Metaspace       used 6788K, capacity 6993K, committed 7168K, reserved 1056768K
  class space    used 576K, capacity 650K, committed 768K, reserved 1048576K
}
Event: 0.826 GC heap after
{Heap after GC invocations=1 (full 0):
 garbage-first heap   total 131072K, used 4025K [0x00000000a0000000, 0x0000000100000000)
  region size 1024K, 2 young (2048K), 2 survivors (2048K)
 Metaspace       used 6788K, capacity 6993K, committed 7168K, reserved 1056768K
  class space    used 576K, capacity 650K, committed 768K, reserved 1048576K
}
Event: 8.987 GC heap before
{Heap before GC invocations=1 (full 0):
 garbage-first heap   total 131072K, used 60345K [0x00000000a0000000, 0x0000000100000000)
  region size 1024K, 54 young (55296K), 2 survivors (2048K)
 Metaspace       used 11022K, capacity 11281K, committed 11520K, reserved 1058816K
  class space    used 1125K, capacity 1211K, committed 1280K, reserved 1048576K
}
Event: 8.997 GC heap after
{Heap after GC invocations=2 (full 0):
 garbage-first heap   total 131072K, used 14392K [0x00000000a0000000, 0x0000000100000000)
  region size 1024K, 7 young (7168K), 7 survivors (7168K)
 Metaspace       used 11022K, capacity 11281K, committed 11520K, reserved 1058816K
  class space    used 1125K, capacity 1211K, committed 1280K, reserved 1048576K
}
Event: 11.198 GC heap before
{Heap before GC invocations=2 (full 0):
 garbage-first heap   total 131072K, used 59448K [0x00000000a0000000, 0x0000000100000000)
  region size 1024K, 51 young (52224K), 7 survivors (7168K)
 Metaspace       used 19265K, capacity 19626K, committed 19968K, reserved 1067008K
  class space    used 2302K, capacity 2440K, committed 2560K, reserved 1048576K
}
Event: 11.238 GC heap after
{Heap after GC invocations=3 (full 0):
 garbage-first heap   total 131072K, used 17138K [0x00000000a0000000, 0x0000000100000000)
  region size 1024K, 3 young (3072K), 3 survivors (3072K)
 Metaspace       used 19265K, capacity 19626K, committed 19968K, reserved 1067008K
  class space    used 2302K, capacity 2440K, committed 2560K, reserved 1048576K
}
Event: 11.655 GC heap before
{Heap before GC invocations=3 (full 0):
 garbage-first heap   total 131072K, used 28402K [0x00000000a0000000, 0x0000000100000000)
  region size 1024K, 15 young (15360K), 3 survivors (3072K)
 Metaspace       used 20666K, capacity 21162K, committed 21296K, reserved 1069056K
  class space    used 2481K, capacity 2658K, committed 2688K, reserved 1048576K
}
Event: 11.663 GC heap after
{Heap after GC invocations=4 (full 0):
 garbage-first heap   total 131072K, used 17633K [0x00000000a0000000, 0x0000000100000000)
  region size 1024K, 4 young (4096K), 4 survivors (4096K)
 Metaspace       used 20666K, capacity 21162K, committed 21296K, reserved 1069056K
  class space    used 2481K, capacity 2658K, committed 2688K, reserved 1048576K
}
Event: 13.608 GC heap before
{Heap before GC invocations=5 (full 0):
 garbage-first heap   total 131072K, used 68833K [0x00000000a0000000, 0x0000000100000000)
  region size 1024K, 54 young (55296K), 4 survivors (4096K)
 Metaspace       used 26080K, capacity 26599K, committed 26800K, reserved 1073152K
  class space    used 3347K, capacity 3541K, committed 3584K, reserved 1048576K
}
Event: 13.616 GC heap after
{Heap after GC invocations=6 (full 0):
 garbage-first heap   total 131072K, used 19493K [0x00000000a0000000, 0x0000000100000000)
  region size 1024K, 6 young (6144K), 6 survivors (6144K)
 Metaspace       used 26080K, capacity 26599K, committed 26800K, reserved 1073152K
  class space    used 3347K, capacity 3541K, committed 3584K, reserved 1048576K
}

Deoptimization events (20 events):
Event: 11.959 Thread 0x0000013947d3c000 Uncommon trap: trap_request=0xffffff4d fr.pc=0x0000013938e0d598 relative=0x0000000000000398
Event: 11.959 Thread 0x0000013947d3c000 Uncommon trap: reason=unstable_if action=reinterpret pc=0x0000013938e0d598 method=jdk.internal.org.objectweb.asm.Type.getArgumentsAndReturnSizes(Ljava/lang/String;)I @ 88 c2
Event: 11.959 Thread 0x0000013947d3c000 DEOPT PACKING pc=0x0000013938e0d598 sp=0x0000002279ef9960
Event: 11.959 Thread 0x0000013947d3c000 DEOPT UNPACKING pc=0x000001393128a1af sp=0x0000002279ef98e8 mode 2
Event: 12.566 Thread 0x0000013947d3c000 Uncommon trap: trap_request=0xffffff4d fr.pc=0x0000013938d5a4fc relative=0x000000000000023c
Event: 12.566 Thread 0x0000013947d3c000 Uncommon trap: reason=unstable_if action=reinterpret pc=0x0000013938d5a4fc method=java.util.concurrent.ConcurrentHashMap.get(Ljava/lang/Object;)Ljava/lang/Object; @ 76 c2
Event: 12.566 Thread 0x0000013947d3c000 DEOPT PACKING pc=0x0000013938d5a4fc sp=0x0000002279ef8a10
Event: 12.566 Thread 0x0000013947d3c000 DEOPT UNPACKING pc=0x000001393128a1af sp=0x0000002279ef8978 mode 2
Event: 13.158 Thread 0x0000013947d3c000 Uncommon trap: trap_request=0xffffff4d fr.pc=0x0000013938e353cc relative=0x00000000000003ec
Event: 13.158 Thread 0x0000013947d3c000 Uncommon trap: reason=unstable_if action=reinterpret pc=0x0000013938e353cc method=sun.nio.cs.UTF_8$Decoder.decodeArrayLoop(Ljava/nio/ByteBuffer;Ljava/nio/CharBuffer;)Ljava/nio/charset/CoderResult; @ 110 c2
Event: 13.158 Thread 0x0000013947d3c000 DEOPT PACKING pc=0x0000013938e353cc sp=0x0000002279ef8890
Event: 13.158 Thread 0x0000013947d3c000 DEOPT UNPACKING pc=0x000001393128a1af sp=0x0000002279ef87c8 mode 2
Event: 13.230 Thread 0x0000013947d3c000 Uncommon trap: trap_request=0xffffffcc fr.pc=0x0000013938e49578 relative=0x00000000000002b8
Event: 13.230 Thread 0x0000013947d3c000 Uncommon trap: reason=intrinsic_or_type_checked_inlining action=make_not_entrant pc=0x0000013938e49578 method=java.util.Arrays.copyOf([Ljava/lang/Object;ILjava/lang/Class;)[Ljava/lang/Object; @ 35 c2
Event: 13.230 Thread 0x0000013947d3c000 DEOPT PACKING pc=0x0000013938e49578 sp=0x0000002279ef8f30
Event: 13.231 Thread 0x0000013947d3c000 DEOPT UNPACKING pc=0x000001393128a1af sp=0x0000002279ef8ec0 mode 2
Event: 13.410 Thread 0x0000013947d3c000 Uncommon trap: trap_request=0xffffff7e fr.pc=0x0000013938e49c2c relative=0x000000000000016c
Event: 13.411 Thread 0x0000013947d3c000 Uncommon trap: reason=predicate action=maybe_recompile pc=0x0000013938e49c2c method=com.google.common.base.CharMatcher.indexIn(Ljava/lang/CharSequence;I)I @ 19 c2
Event: 13.411 Thread 0x0000013947d3c000 DEOPT PACKING pc=0x0000013938e49c2c sp=0x0000002279efb6e0
Event: 13.411 Thread 0x0000013947d3c000 DEOPT UNPACKING pc=0x000001393128a1af sp=0x0000002279efb670 mode 2

Classes redefined (0 events):
No events

Internal exceptions (20 events):
Event: 11.374 Thread 0x0000013947d3c000 Exception <a 'java/lang/NoSuchMethodError'{0x00000000a7a2b100}: 'java.lang.Object java.lang.invoke.DirectMethodHandle$Holder.invokeSpecial(java.lang.Object, java.lang.Object, java.lang.Object, java.lang.Object, int)'> (0x00000000a7a2b100) thrown at [./src/hotspot/share/interpreter/linkResolver.cpp, line 773]
Event: 11.374 Thread 0x0000013947d3c000 Exception <a 'java/lang/NoSuchMethodError'{0x00000000a7a2f038}: 'java.lang.Object java.lang.invoke.Invokers$Holder.linkToTargetMethod(java.lang.Object, java.lang.Object, int, java.lang.Object)'> (0x00000000a7a2f038) thrown at [./src/hotspot/share/interpreter/linkResolver.cpp, line 773]
Event: 11.690 Thread 0x0000013947d3c000 Exception <a 'java/lang/NoSuchMethodError'{0x00000000a7f6a1f8}: 'int java.lang.invoke.DirectMethodHandle$Holder.invokeSpecialIFC(java.lang.Object, java.lang.Object, java.lang.Object, java.lang.Object)'> (0x00000000a7f6a1f8) thrown at [./src/hotspot/share/interpreter/linkResolver.cpp, line 773]
Event: 11.694 Thread 0x0000013947d3c000 Exception <a 'java/lang/NoSuchMethodError'{0x00000000a7fb7030}: 'java.lang.Object java.lang.invoke.DirectMethodHandle$Holder.invokeInterface(java.lang.Object, java.lang.Object, java.lang.Object)'> (0x00000000a7fb7030) thrown at [./src/hotspot/share/interpreter/linkResolver.cpp, line 773]
Event: 11.695 Thread 0x0000013947d3c000 Exception <a 'java/lang/IncompatibleClassChangeError'{0x00000000a7fba508}: Found class java.lang.Object, but interface was expected> (0x00000000a7fba508) thrown at [./src/hotspot/share/interpreter/linkResolver.cpp, line 839]
Event: 12.120 Thread 0x0000013947d3c000 Exception <a 'java/lang/NoSuchMethodError'{0x00000000a772ffe0}: 'void java.lang.invoke.DirectMethodHandle$Holder.invokeSpecial(java.lang.Object, java.lang.Object, java.lang.Object, java.lang.Object, java.lang.Object)'> (0x00000000a772ffe0) thrown at [./src/hotspot/share/interpreter/linkResolver.cpp, line 773]
Event: 12.205 Thread 0x0000013947d3c000 Exception <a 'java/lang/NoSuchMethodError'{0x00000000a7571b98}: 'java.lang.Object java.lang.invoke.DirectMethodHandle$Holder.invokeSpecial(java.lang.Object, java.lang.Object, java.lang.Object, java.lang.Object, java.lang.Object, java.lang.Object, java.lang.Object, java.lang.Object, java.lang.Object)'> (0x00000000a7571b98) thrown at [./src/hotspot/share/interpreter/linkResolver.cpp, line 773]
Event: 12.431 Thread 0x0000013947d3c000 Exception <a 'java/lang/NoSuchMethodError'{0x00000000a676c748}: 'java.lang.Object java.lang.invoke.DirectMethodHandle$Holder.invokeVirtual(java.lang.Object, java.lang.Object, java.lang.Object, java.lang.Object)'> (0x00000000a676c748) thrown at [./src/hotspot/share/interpreter/linkResolver.cpp, line 773]
Event: 12.642 Thread 0x0000013947d3c000 Exception <a 'java/lang/NoSuchMethodError'{0x00000000a61b3ed8}: 'void java.lang.invoke.DirectMethodHandle$Holder.invokeSpecial(java.lang.Object, java.lang.Object, java.lang.Object, java.lang.Object, java.lang.Object, java.lang.Object)'> (0x00000000a61b3ed8) thrown at [./src/hotspot/share/interpreter/linkResolver.cpp, line 773]
Event: 12.716 Thread 0x0000013947d3c000 Exception <a 'java/lang/NoSuchMethodError'{0x00000000a6022db0}: 'void java.lang.invoke.DirectMethodHandle$Holder.invokeSpecial(java.lang.Object, java.lang.Object, java.lang.Object, java.lang.Object, java.lang.Object, java.lang.Object, java.lang.Object)'> (0x00000000a6022db0) thrown at [./src/hotspot/share/interpreter/linkResolver.cpp, line 773]
Event: 12.717 Thread 0x0000013947d3c000 Exception <a 'java/lang/NoSuchMethodError'{0x00000000a602b2a0}: 'java.lang.Object java.lang.invoke.Invokers$Holder.linkToTargetMethod(java.lang.Object, java.lang.Object, java.lang.Object, java.lang.Object, java.lang.Object, java.lang.Object)'> (0x00000000a602b2a0) thrown at [./src/hotspot/share/interpreter/linkResolver.cpp, line 773]
Event: 12.857 Thread 0x0000013947d3c000 Exception <a 'java/lang/NoSuchMethodError'{0x00000000a5fee598}: 'java.lang.Object java.lang.invoke.DirectMethodHandle$Holder.invokeVirtual(java.lang.Object, java.lang.Object, java.lang.Object, java.lang.Object, java.lang.Object, java.lang.Object, java.lang.Object, java.lang.Object, java.lang.Object, java.lang.Object, java.lang.Object, java.lang.Object, java.lang.Object, java.lang.Object, java.lang.Object, java.lang.Object, java.lang.Object, java.lang.Object, java.lang.Object, java.lang.Object, java.lang.Ob
Event: 13.110 Thread 0x0000013947d3c000 Exception <a 'java/lang/NoSuchMethodError'{0x00000000a57cb3a0}: 'int java.lang.invoke.DirectMethodHandle$Holder.invokeStaticInit(java.lang.Object, java.lang.Object, java.lang.Object)'> (0x00000000a57cb3a0) thrown at [./src/hotspot/share/interpreter/linkResolver.cpp, line 773]
Event: 13.276 Thread 0x0000013947d3c000 Exception <a 'java/lang/NoSuchMethodError'{0x00000000a52580b0}: 'void java.lang.invoke.DirectMethodHandle$Holder.invokeStaticInit(java.lang.Object, java.lang.Object)'> (0x00000000a52580b0) thrown at [./src/hotspot/share/interpreter/linkResolver.cpp, line 773]
Event: 13.497 Thread 0x0000013947d3c000 Exception <a 'java/lang/NoSuchMethodError'{0x00000000a4de3ad0}: 'void java.lang.invoke.DirectMethodHandle$Holder.invokeStatic(java.lang.Object, java.lang.Object, java.lang.Object, java.lang.Object)'> (0x00000000a4de3ad0) thrown at [./src/hotspot/share/interpreter/linkResolver.cpp, line 773]
Event: 13.501 Thread 0x0000013947d3c000 Exception <a 'java/lang/NoSuchMethodError'{0x00000000a4c024f0}: 'int java.lang.invoke.DirectMethodHandle$Holder.invokeVirtual(java.lang.Object, java.lang.Object)'> (0x00000000a4c024f0) thrown at [./src/hotspot/share/interpreter/linkResolver.cpp, line 773]
Event: 13.511 Thread 0x0000013947d3c000 Exception <a 'java/lang/NoSuchMethodError'{0x00000000a4c1a9f0}: 'java.lang.Object java.lang.invoke.DirectMethodHandle$Holder.invokeVirtual(java.lang.Object, java.lang.Object, java.lang.Object)'> (0x00000000a4c1a9f0) thrown at [./src/hotspot/share/interpreter/linkResolver.cpp, line 773]
Event: 13.526 Thread 0x0000013947d3c000 Exception <a 'java/lang/NoSuchMethodError'{0x00000000a4c467a0}: 'int java.lang.invoke.DirectMethodHandle$Holder.invokeVirtual(java.lang.Object, java.lang.Object, java.lang.Object)'> (0x00000000a4c467a0) thrown at [./src/hotspot/share/interpreter/linkResolver.cpp, line 773]
Event: 13.582 Thread 0x0000013947d3c000 Exception <a 'java/lang/NoSuchMethodError'{0x00000000a4a058b0}: 'void java.lang.invoke.DirectMethodHandle$Holder.invokeSpecial(java.lang.Object, java.lang.Object)'> (0x00000000a4a058b0) thrown at [./src/hotspot/share/interpreter/linkResolver.cpp, line 773]
Event: 13.843 Thread 0x0000013947d3c000 Exception <a 'java/lang/NoSuchMethodError'{0x00000000a72e99e8}: 'java.lang.Object java.lang.invoke.DirectMethodHandle$Holder.invokeSpecialIFC(java.lang.Object, java.lang.Object, java.lang.Object, java.lang.Object)'> (0x00000000a72e99e8) thrown at [./src/hotspot/share/interpreter/linkResolver.cpp, line 773]

Events (20 events):
Event: 13.960 loading class com/google/common/reflect/TypeToken
Event: 13.960 loading class com/google/common/reflect/TypeToken done
Event: 13.962 loading class com/google/common/reflect/Invokable
Event: 13.962 loading class com/google/common/reflect/Invokable done
Event: 13.962 loading class com/google/common/reflect/Element
Event: 13.962 loading class com/google/common/reflect/Element done
Event: 13.963 loading class com/google/common/reflect/TypeToken$1
Event: 13.963 loading class com/google/common/reflect/TypeToken$1 done
Event: 13.963 loading class com/google/common/reflect/Invokable$MethodInvokable
Event: 13.963 loading class com/google/common/reflect/Invokable$MethodInvokable done
Event: 13.963 loading class com/google/common/reflect/TypeToken$2
Event: 13.963 loading class com/google/common/reflect/TypeToken$2 done
Event: 13.964 loading class com/google/common/reflect/Invokable$ConstructorInvokable
Event: 13.964 loading class com/google/common/reflect/Invokable$ConstructorInvokable done
Event: 13.964 loading class com/google/common/reflect/TypeToken$SimpleTypeToken
Event: 13.964 loading class com/google/common/reflect/TypeToken$SimpleTypeToken done
Event: 13.965 loading class com/google/common/reflect/TypeToken$4
Event: 13.965 loading class com/google/common/reflect/TypeToken$4 done
Event: 13.965 loading class com/google/common/reflect/TypeVisitor
Event: 13.965 loading class com/google/common/reflect/TypeVisitor done


Dynamic libraries:
0x00007ff7d3630000 - 0x00007ff7d363a000 	D:\Downloads\Android-studio\jre\bin\java.exe
0x00007ffcffb90000 - 0x00007ffcffd88000 	C:\WINDOWS\SYSTEM32\ntdll.dll
0x00007ffcff8a0000 - 0x00007ffcff95f000 	C:\WINDOWS\System32\KERNEL32.DLL
0x00007ffcfd4f0000 - 0x00007ffcfd7e6000 	C:\WINDOWS\System32\KERNELBASE.dll
0x00007ffcfd7f0000 - 0x00007ffcfd8f0000 	C:\WINDOWS\System32\ucrtbase.dll
0x00007ffce7220000 - 0x00007ffce7239000 	D:\Downloads\Android-studio\jre\bin\jli.dll
0x00007ffcfe420000 - 0x00007ffcfe5bd000 	C:\WINDOWS\System32\USER32.dll
0x00007ffcfd3a0000 - 0x00007ffcfd3c2000 	C:\WINDOWS\System32\win32u.dll
0x00007ffcff5b0000 - 0x00007ffcff5dc000 	C:\WINDOWS\System32\GDI32.dll
0x00007ffcfd3d0000 - 0x00007ffcfd4e5000 	C:\WINDOWS\System32\gdi32full.dll
0x00007ffcfd270000 - 0x00007ffcfd30d000 	C:\WINDOWS\System32\msvcp_win.dll
0x00007ffce70b0000 - 0x00007ffce70c7000 	D:\Downloads\Android-studio\jre\bin\VCRUNTIME140.dll
0x00007ffce9030000 - 0x00007ffce92ca000 	C:\WINDOWS\WinSxS\amd64_microsoft.windows.common-controls_6595b64144ccf1df_6.0.19041.1110_none_60b5254171f9507e\COMCTL32.dll
0x00007ffcfe930000 - 0x00007ffcfe9ce000 	C:\WINDOWS\System32\msvcrt.dll
0x00007ffcfea70000 - 0x00007ffcfeaa0000 	C:\WINDOWS\System32\IMM32.DLL
0x00007ffcbc2f0000 - 0x00007ffcbc38d000 	D:\Downloads\Android-studio\jre\bin\msvcp140.dll
0x00007ffcb43f0000 - 0x00007ffcb4ef2000 	D:\Downloads\Android-studio\jre\bin\server\jvm.dll
0x00007ffcfef80000 - 0x00007ffcff02f000 	C:\WINDOWS\System32\ADVAPI32.dll
0x00007ffcfe9d0000 - 0x00007ffcfea6c000 	C:\WINDOWS\System32\sechost.dll
0x00007ffcff5e0000 - 0x00007ffcff706000 	C:\WINDOWS\System32\RPCRT4.dll
0x00007ffcfe410000 - 0x00007ffcfe418000 	C:\WINDOWS\System32\PSAPI.DLL
0x00007ffcbc5e0000 - 0x00007ffcbc5e9000 	C:\WINDOWS\SYSTEM32\WSOCK32.dll
0x00007ffcff420000 - 0x00007ffcff48b000 	C:\WINDOWS\System32\WS2_32.dll
0x00007ffcd54c0000 - 0x00007ffcd54e7000 	C:\WINDOWS\SYSTEM32\WINMM.dll
0x00007ffceca70000 - 0x00007ffceca7a000 	C:\WINDOWS\SYSTEM32\VERSION.dll
0x00007ffcfbac0000 - 0x00007ffcfbad2000 	C:\WINDOWS\SYSTEM32\kernel.appcore.dll
0x00007ffce7090000 - 0x00007ffce70a1000 	D:\Downloads\Android-studio\jre\bin\verify.dll
0x00007ffcfb100000 - 0x00007ffcfb2e4000 	C:\WINDOWS\SYSTEM32\DBGHELP.DLL
0x00007ffce19b0000 - 0x00007ffce19e4000 	C:\WINDOWS\SYSTEM32\dbgcore.DLL
0x00007ffcfd310000 - 0x00007ffcfd392000 	C:\WINDOWS\System32\bcryptPrimitives.dll
0x00007ffcce8f0000 - 0x00007ffcce919000 	D:\Downloads\Android-studio\jre\bin\java.dll
0x00007ffce92e0000 - 0x00007ffce92eb000 	D:\Downloads\Android-studio\jre\bin\jimage.dll
0x00007ffce6fc0000 - 0x00007ffce6fd8000 	D:\Downloads\Android-studio\jre\bin\zip.dll
0x00007ffcfdbf0000 - 0x00007ffcfe334000 	C:\WINDOWS\System32\SHELL32.dll
0x00007ffcfb310000 - 0x00007ffcfbaa3000 	C:\WINDOWS\SYSTEM32\windows.storage.dll
0x00007ffcfe5d0000 - 0x00007ffcfe924000 	C:\WINDOWS\System32\combase.dll
0x00007ffcfcc60000 - 0x00007ffcfcc8e000 	C:\WINDOWS\SYSTEM32\Wldp.dll
0x00007ffcff090000 - 0x00007ffcff13d000 	C:\WINDOWS\System32\SHCORE.dll
0x00007ffcffaf0000 - 0x00007ffcffb45000 	C:\WINDOWS\System32\shlwapi.dll
0x00007ffcfd1b0000 - 0x00007ffcfd1cf000 	C:\WINDOWS\SYSTEM32\profapi.dll
0x00007ffcd54a0000 - 0x00007ffcd54ba000 	D:\Downloads\Android-studio\jre\bin\net.dll
0x00007ffcec260000 - 0x00007ffcec36a000 	C:\WINDOWS\SYSTEM32\WINHTTP.dll
0x00007ffcfc9c0000 - 0x00007ffcfca2a000 	C:\WINDOWS\system32\mswsock.dll
0x00007ffcc8690000 - 0x00007ffcc86a4000 	D:\Downloads\Android-studio\jre\bin\nio.dll
0x00007ffcc8660000 - 0x00007ffcc8687000 	C:\Users\wiz tech\.gradle\native\e1d6ef7f7dcc3fd88c89a11ec53ec762bb8ba0a96d01ffa2cd45eb1d1d8dd5c5\windows-amd64\native-platform.dll
0x00007ffcb95b0000 - 0x00007ffcb96f4000 	C:\Users\wiz tech\.gradle\native\0d407fdbe67a94daf76414ababcb853783967236a71b16ec16e742cd7a986fd3\windows-amd64\native-platform-file-events.dll
0x00007ffce84d0000 - 0x00007ffce84da000 	D:\Downloads\Android-studio\jre\bin\management.dll
0x00007ffce8380000 - 0x00007ffce838d000 	D:\Downloads\Android-studio\jre\bin\management_ext.dll
0x00007ffcfcbb0000 - 0x00007ffcfcbc8000 	C:\WINDOWS\SYSTEM32\CRYPTSP.dll
0x00007ffcfc2e0000 - 0x00007ffcfc314000 	C:\WINDOWS\system32\rsaenh.dll
0x00007ffcfd940000 - 0x00007ffcfd967000 	C:\WINDOWS\System32\bcrypt.dll
0x00007ffcfd170000 - 0x00007ffcfd19e000 	C:\WINDOWS\SYSTEM32\USERENV.dll
0x00007ffcfcbd0000 - 0x00007ffcfcbdc000 	C:\WINDOWS\SYSTEM32\CRYPTBASE.dll
0x00007ffcfc6b0000 - 0x00007ffcfc6ec000 	C:\WINDOWS\SYSTEM32\IPHLPAPI.DLL
0x00007ffcfeaa0000 - 0x00007ffcfeaa8000 	C:\WINDOWS\System32\NSI.dll
0x00007ffceca80000 - 0x00007ffceca97000 	C:\WINDOWS\SYSTEM32\dhcpcsvc6.DLL
0x00007ffcf1f80000 - 0x00007ffcf1f9d000 	C:\WINDOWS\SYSTEM32\dhcpcsvc.DLL
0x00007ffcfc6f0000 - 0x00007ffcfc7bb000 	C:\WINDOWS\SYSTEM32\DNSAPI.dll

dbghelp: loaded successfully - version: 4.0.5 - missing functions: none
symbol engine: initialized successfully - sym options: 0x614 - pdb path: .;D:\Downloads\Android-studio\jre\bin;C:\WINDOWS\SYSTEM32;C:\WINDOWS\WinSxS\amd64_microsoft.windows.common-controls_6595b64144ccf1df_6.0.19041.1110_none_60b5254171f9507e;D:\Downloads\Android-studio\jre\bin\server;C:\Users\wiz tech\.gradle\native\e1d6ef7f7dcc3fd88c89a11ec53ec762bb8ba0a96d01ffa2cd45eb1d1d8dd5c5\windows-amd64;C:\Users\wiz tech\.gradle\native\0d407fdbe67a94daf76414ababcb853783967236a71b16ec16e742cd7a986fd3\windows-amd64

VM Arguments:
jvm_args: --add-opens=java.base/java.util=ALL-UNNAMED --add-opens=java.base/java.lang=ALL-UNNAMED --add-opens=java.base/java.lang.invoke=ALL-UNNAMED --add-opens=java.base/java.util=ALL-UNNAMED --add-opens=java.prefs/java.util.prefs=ALL-UNNAMED --add-opens=java.prefs/java.util.prefs=ALL-UNNAMED --add-opens=java.base/java.nio.charset=ALL-UNNAMED --add-opens=java.base/java.net=ALL-UNNAMED --add-opens=java.base/java.util.concurrent.atomic=ALL-UNNAMED -Xmx1536M -Dfile.encoding=windows-1252 -Duser.country=US -Duser.language=en -Duser.variant 
java_command: org.gradle.launcher.daemon.bootstrap.GradleDaemon 7.4
java_class_path (initial): C:\Users\wiz tech\.gradle\wrapper\dists\gradle-7.4-all\aadb4xli5jkdsnukm30eibyiu\gradle-7.4\lib\gradle-launcher-7.4.jar
Launcher Type: SUN_STANDARD

[Global flags]
     intx CICompilerCount                          = 3                                         {product} {ergonomic}
     uint ConcGCThreads                            = 1                                         {product} {ergonomic}
     uint G1ConcRefinementThreads                  = 4                                         {product} {ergonomic}
   size_t G1HeapRegionSize                         = 1048576                                   {product} {ergonomic}
    uintx GCDrainStackTargetSize                   = 64                                        {product} {ergonomic}
   size_t InitialHeapSize                          = 134217728                                 {product} {ergonomic}
   size_t MarkStackSize                            = 4194304                                   {product} {ergonomic}
   size_t MaxHeapSize                              = 1610612736                                {product} {command line}
   size_t MaxNewSize                               = 965738496                                 {product} {ergonomic}
   size_t MinHeapDeltaBytes                        = 1048576                                   {product} {ergonomic}
    uintx NonNMethodCodeHeapSize                   = 5830732                                {pd product} {ergonomic}
    uintx NonProfiledCodeHeapSize                  = 122913754                              {pd product} {ergonomic}
    uintx ProfiledCodeHeapSize                     = 122913754                              {pd product} {ergonomic}
    uintx ReservedCodeCacheSize                    = 251658240                              {pd product} {ergonomic}
     bool SegmentedCodeCache                       = true                                      {product} {ergonomic}
     bool UseCompressedClassPointers               = true                                 {lp64_product} {ergonomic}
     bool UseCompressedOops                        = true                                 {lp64_product} {ergonomic}
     bool UseG1GC                                  = true                                      {product} {ergonomic}
     bool UseLargePagesIndividualAllocation        = false                                  {pd product} {ergonomic}

Logging:
Log output configuration:
 #0: stdout all=warning uptime,level,tags
 #1: stderr all=off uptime,level,tags

Environment Variables:
JAVA_HOME=D:\Downloads\Android-studio\jre
CLASSPATH=D:\Projects\Flutter Projects\GateKepeerApp-2-27-2023-main\android\\gradle\wrapper\gradle-wrapper.jar
PATH=C:\Program Files\Common Files\Oracle\Java\javapath;C:\WINDOWS\system32;C:\WINDOWS;C:\WINDOWS\System32\Wbem;C:\WINDOWS\System32\WindowsPowerShell\v1.0\;C:\WINDOWS\System32\OpenSSH\;C:\Program Files (x86)\Intel\Intel(R) Management Engine Components\DAL;C:\Program Files\Intel\Intel(R) Management Engine Components\DAL;D:\Downloads\xamp setup\php;C:\ProgramData\ComposerSetup\bin;C:\Users\wiz tech\AppData\Local\Microsoft\WindowsApps;D:\Downloads\flutter\bin;D:\Downloads\bin;D:\Downloads\visual studio\vscode\bin;D:\Downloads\Visual studio\bin;D:\Downloads\visual studio\visualcodesetup\bin;D:\Downloads\android-sdk\platform-tools;C:\Users\wiz tech\AppData\Local\Pub\Cache\bin;C:\Users\wiz tech\AppData\Local\Pub\Cache\bin;C:\Users\wiz tech\AppData\Roaming\Composer\vendor\bin;D:\Downloads\flutter\bin\mingit\cmd
USERNAME=Zarish
OS=Windows_NT
PROCESSOR_IDENTIFIER=Intel64 Family 6 Model 78 Stepping 3, GenuineIntel



---------------  S Y S T E M  ---------------

OS: Windows 10 , 64 bit Build 19041 (10.0.19041.2913)
OS uptime: 0 days 0:16 hours

CPU:total 4 (initial active 4) (2 cores per cpu, 2 threads per core) family 6 model 78 stepping 3 microcode 0xf0, cmov, cx8, fxsr, mmx, sse, sse2, sse3, ssse3, sse4.1, sse4.2, popcnt, avx, avx2, aes, clmul, erms, rtm, 3dnowpref, lzcnt, ht, tsc, tscinvbit, bmi1, bmi2, adx, fma

Memory: 4k page, system-wide physical 8072M (773M free)
TotalPageFile size 8072M (AvailPageFile size 0M)
current process WorkingSet (physical memory assigned to process): 193M, peak: 193M
current process commit charge ("private bytes"): 273M, peak: 274M

vm_info: OpenJDK 64-Bit Server VM (11.0.13+0-b1751.21-8125866) for windows-amd64 JRE (11.0.13+0-b1751.21-8125866), built on Feb  2 2022 03:00:22 by "builder" with MS VC++ 14.0 (VS2015)

END.
