#
# There is insufficient memory for the Java Runtime Environment to continue.
# Native memory allocation (malloc) failed to allocate 1028816 bytes for Chunk::new
# Possible reasons:
#   The system is out of physical RAM or swap space
#   The process is running with CompressedOops enabled, and the Java Heap may be blocking the growth of the native heap
# Possible solutions:
#   Reduce memory load on the system
#   Increase physical memory or swap space
#   Check if swap backing store is full
#   Decrease Java heap size (-Xmx/-Xms)
#   Decrease number of Java threads
#   Decrease Java thread stack sizes (-Xss)
#   Set larger code cache with -XX:ReservedCodeCacheSize=
#   JVM is running with Unscaled Compressed Oops mode in which the Java heap is
#     placed in the first 4GB address space. The Java Heap base address is the
#     maximum limit for the native heap growth. Please use -XX:HeapBaseMinAddress
#     to set the Java Heap base and to place the Java Heap above 4GB virtual address.
# This output file may be truncated or incomplete.
#
#  Out of Memory Error (./src/hotspot/share/memory/arena.cpp:197), pid=7540, tid=1128
#
# JRE version: OpenJDK Runtime Environment (11.0.13) (build 11.0.13+0-b1751.21-8125866)
# Java VM: OpenJDK 64-Bit Server VM (11.0.13+0-b1751.21-8125866, mixed mode, tiered, compressed oops, g1 gc, windows-amd64)
# No core dump will be written. Minidumps are not enabled by default on client versions of Windows
#

---------------  S U M M A R Y ------------

Command Line: --add-opens=java.base/java.util=ALL-UNNAMED --add-opens=java.base/java.lang=ALL-UNNAMED --add-opens=java.base/java.lang.invoke=ALL-UNNAMED --add-opens=java.base/java.util=ALL-UNNAMED --add-opens=java.prefs/java.util.prefs=ALL-UNNAMED --add-opens=java.prefs/java.util.prefs=ALL-UNNAMED --add-opens=java.base/java.nio.charset=ALL-UNNAMED --add-opens=java.base/java.net=ALL-UNNAMED --add-opens=java.base/java.util.concurrent.atomic=ALL-UNNAMED -Xmx1536M -Dfile.encoding=windows-1252 -Duser.country=US -Duser.language=en -Duser.variant org.gradle.launcher.daemon.bootstrap.GradleDaemon 7.4

Host: Intel(R) Core(TM) i5-6300U CPU @ 2.40GHz, 4 cores, 7G,  Windows 10 , 64 bit Build 19041 (10.0.19041.2913)
Time: Wed May 31 22:42:35 2023 Pakistan Standard Time elapsed time: 17.608669 seconds (0d 0h 0m 17s)

---------------  T H R E A D  ---------------

Current thread (0x00000294ecf71800):  JavaThread "C2 CompilerThread1" daemon [_thread_in_native, id=1128, stack(0x000000c8a9c00000,0x000000c8a9d00000)]


Current CompileTask:
C2:  17608 2614  s!   4       jdk.internal.loader.URLClassPath::getLoader (194 bytes)

Stack: [0x000000c8a9c00000,0x000000c8a9d00000]
Native frames: (J=compiled Java code, j=interpreted, Vv=VM code, C=native code)
V  [jvm.dll+0x6100fa]
V  [jvm.dll+0x747090]
V  [jvm.dll+0x7486ad]
V  [jvm.dll+0x748d83]
V  [jvm.dll+0x24ab48]
V  [jvm.dll+0xc04dc]
V  [jvm.dll+0xc0a0c]
V  [jvm.dll+0x35eb9d]
V  [jvm.dll+0x19d9bc]
V  [jvm.dll+0x2033be]
V  [jvm.dll+0x202437]
V  [jvm.dll+0x188e01]
V  [jvm.dll+0x21106b]
V  [jvm.dll+0x20f8c1]
V  [jvm.dll+0x70de0f]
V  [jvm.dll+0x706a75]
V  [jvm.dll+0x60ed66]
C  [ucrtbase.dll+0x21bb2]
C  [KERNEL32.DLL+0x17614]
C  [ntdll.dll+0x526a1]


---------------  P R O C E S S  ---------------

Threads class SMR info:
_java_thread_list=0x00000294ec03e690, length=31, elements={
0x00000294d076f000, 0x00000294e906a000, 0x00000294e906b800, 0x00000294e908c000,
0x00000294e908d000, 0x00000294e908e000, 0x00000294e9091000, 0x00000294e9095000,
0x00000294e9a50000, 0x00000294e9b3a000, 0x00000294ec43f800, 0x00000294eb92d000,
0x00000294eaf11800, 0x00000294ea1aa800, 0x00000294eb99c000, 0x00000294e9cd6800,
0x00000294ec43a800, 0x00000294eb19f800, 0x00000294eaa27800, 0x00000294eab75000,
0x00000294ec0b6000, 0x00000294ec0b2000, 0x00000294ec0b5000, 0x00000294ec0b3800,
0x00000294ec0b1000, 0x00000294ec0b0000, 0x00000294ec0b4800, 0x00000294ec0b2800,
0x00000294ec0b6800, 0x00000294ed3fa000, 0x00000294ecf71800
}

Java Threads: ( => current thread )
  0x00000294d076f000 JavaThread "main" [_thread_blocked, id=8132, stack(0x000000c8a7b00000,0x000000c8a7c00000)]
  0x00000294e906a000 JavaThread "Reference Handler" daemon [_thread_blocked, id=1316, stack(0x000000c8a8200000,0x000000c8a8300000)]
  0x00000294e906b800 JavaThread "Finalizer" daemon [_thread_blocked, id=4592, stack(0x000000c8a8300000,0x000000c8a8400000)]
  0x00000294e908c000 JavaThread "Signal Dispatcher" daemon [_thread_blocked, id=9356, stack(0x000000c8a8400000,0x000000c8a8500000)]
  0x00000294e908d000 JavaThread "Attach Listener" daemon [_thread_blocked, id=1140, stack(0x000000c8a8500000,0x000000c8a8600000)]
  0x00000294e908e000 JavaThread "Service Thread" daemon [_thread_blocked, id=8384, stack(0x000000c8a8600000,0x000000c8a8700000)]
  0x00000294e9091000 JavaThread "C2 CompilerThread0" daemon [_thread_in_native, id=9436, stack(0x000000c8a8700000,0x000000c8a8800000)]
  0x00000294e9095000 JavaThread "C1 CompilerThread0" daemon [_thread_blocked, id=10656, stack(0x000000c8a8800000,0x000000c8a8900000)]
  0x00000294e9a50000 JavaThread "Sweeper thread" daemon [_thread_blocked, id=10792, stack(0x000000c8a8900000,0x000000c8a8a00000)]
  0x00000294e9b3a000 JavaThread "Common-Cleaner" daemon [_thread_blocked, id=4888, stack(0x000000c8a8a00000,0x000000c8a8b00000)]
  0x00000294ec43f800 JavaThread "Daemon health stats" [_thread_blocked, id=12164, stack(0x000000c8a8f00000,0x000000c8a9000000)]
  0x00000294eb92d000 JavaThread "Incoming local TCP Connector on port 60803" [_thread_in_native, id=11644, stack(0x000000c8a8c00000,0x000000c8a8d00000)]
  0x00000294eaf11800 JavaThread "Daemon periodic checks" [_thread_blocked, id=8332, stack(0x000000c8a9000000,0x000000c8a9100000)]
  0x00000294ea1aa800 JavaThread "Daemon" [_thread_blocked, id=7904, stack(0x000000c8a9200000,0x000000c8a9300000)]
  0x00000294eb99c000 JavaThread "Handler for socket connection from /127.0.0.1:60803 to /127.0.0.1:60804" [_thread_in_native, id=8696, stack(0x000000c8a9300000,0x000000c8a9400000)]
  0x00000294e9cd6800 JavaThread "Cancel handler" [_thread_blocked, id=12084, stack(0x000000c8a9400000,0x000000c8a9500000)]
  0x00000294ec43a800 JavaThread "Daemon worker" [_thread_in_vm, id=6364, stack(0x000000c8a9500000,0x000000c8a9600000)]
  0x00000294eb19f800 JavaThread "Asynchronous log dispatcher for DefaultDaemonConnection: socket connection from /127.0.0.1:60803 to /127.0.0.1:60804" [_thread_blocked, id=13240, stack(0x000000c8a9600000,0x000000c8a9700000)]
  0x00000294eaa27800 JavaThread "Stdin handler" [_thread_blocked, id=5556, stack(0x000000c8a9700000,0x000000c8a9800000)]
  0x00000294eab75000 JavaThread "Daemon client event forwarder" [_thread_blocked, id=12472, stack(0x000000c8a9800000,0x000000c8a9900000)]
  0x00000294ec0b6000 JavaThread "Cache worker for journal cache (C:\Users\wiz tech\.gradle\caches\journal-1)" [_thread_blocked, id=8640, stack(0x000000c8a9900000,0x000000c8a9a00000)]
  0x00000294ec0b2000 JavaThread "File lock request listener" [_thread_in_native, id=6864, stack(0x000000c8a9a00000,0x000000c8a9b00000)]
  0x00000294ec0b5000 JavaThread "Cache worker for file hash cache (C:\Users\wiz tech\.gradle\caches\7.4\fileHashes)" [_thread_blocked, id=12996, stack(0x000000c8a9b00000,0x000000c8a9c00000)]
  0x00000294ec0b3800 JavaThread "File watcher server" daemon [_thread_in_native, id=4740, stack(0x000000c8a9d00000,0x000000c8a9e00000)]
  0x00000294ec0b1000 JavaThread "File watcher consumer" daemon [_thread_blocked, id=12884, stack(0x000000c8a9e00000,0x000000c8a9f00000)]
  0x00000294ec0b0000 JavaThread "Cache worker for checksums cache (D:\Projects\Flutter Projects\GateKepeerApp-2-27-2023-main\android\.gradle\7.4\checksums)" [_thread_blocked, id=2052, stack(0x000000c8a9f00000,0x000000c8aa000000)]
  0x00000294ec0b4800 JavaThread "Cache worker for cache directory md-rule (C:\Users\wiz tech\.gradle\caches\7.4\md-rule)" [_thread_blocked, id=4320, stack(0x000000c8aa000000,0x000000c8aa100000)]
  0x00000294ec0b2800 JavaThread "Cache worker for file hash cache (D:\Projects\Flutter Projects\GateKepeerApp-2-27-2023-main\android\.gradle\7.4\fileHashes)" [_thread_blocked, id=10968, stack(0x000000c8aa100000,0x000000c8aa200000)]
  0x00000294ec0b6800 JavaThread "Cache worker for cache directory md-supplier (C:\Users\wiz tech\.gradle\caches\7.4\md-supplier)" [_thread_blocked, id=12220, stack(0x000000c8aa200000,0x000000c8aa300000)]
  0x00000294ed3fa000 JavaThread "Cache worker for execution history cache (C:\Users\wiz tech\.gradle\caches\7.4\executionHistory)" [_thread_blocked, id=12820, stack(0x000000c8aa300000,0x000000c8aa400000)]
=>0x00000294ecf71800 JavaThread "C2 CompilerThread1" daemon [_thread_in_native, id=1128, stack(0x000000c8a9c00000,0x000000c8a9d00000)]

Other Threads:
  0x00000294e9047000 VMThread "VM Thread" [stack: 0x000000c8a8100000,0x000000c8a8200000] [id=4400]
  0x00000294e9b8b800 WatcherThread [stack: 0x000000c8a8b00000,0x000000c8a8c00000] [id=3004]
  0x00000294d0788800 GCTaskThread "GC Thread#0" [stack: 0x000000c8a7c00000,0x000000c8a7d00000] [id=12656]
  0x00000294ea526800 GCTaskThread "GC Thread#1" [stack: 0x000000c8a8d00000,0x000000c8a8e00000] [id=8048]
  0x00000294ea527000 GCTaskThread "GC Thread#2" [stack: 0x000000c8a8e00000,0x000000c8a8f00000] [id=12840]
  0x00000294ec311000 GCTaskThread "GC Thread#3" [stack: 0x000000c8a9100000,0x000000c8a9200000] [id=13088]
  0x00000294d07ae800 ConcurrentGCThread "G1 Main Marker" [stack: 0x000000c8a7d00000,0x000000c8a7e00000] [id=9776]
  0x00000294d07b0000 ConcurrentGCThread "G1 Conc#0" [stack: 0x000000c8a7e00000,0x000000c8a7f00000] [id=6952]
  0x00000294d083e000 ConcurrentGCThread "G1 Refine#0" [stack: 0x000000c8a7f00000,0x000000c8a8000000] [id=8548]
  0x00000294d083f000 ConcurrentGCThread "G1 Young RemSet Sampling" [stack: 0x000000c8a8000000,0x000000c8a8100000] [id=9620]

Threads with active compile tasks:
C2 CompilerThread0  17659 2733 %     4       jdk.internal.loader.URLClassPath::getResource @ 39 (74 bytes)
C2 CompilerThread1  17659 2614  s!   4       jdk.internal.loader.URLClassPath::getLoader (194 bytes)

VM state:not at safepoint (normal execution)

VM Mutex/Monitor currently owned by a thread: None

Heap address: 0x00000000a0000000, size: 1536 MB, Compressed Oops mode: 32-bit
Narrow klass base: 0x0000000000000000, Narrow klass shift: 3
Compressed class space size: 1073741824 Address: 0x0000000100000000

Heap:
 garbage-first heap   total 131072K, used 74360K [0x00000000a0000000, 0x0000000100000000)
  region size 1024K, 59 young (60416K), 4 survivors (4096K)
 Metaspace       used 32299K, capacity 33004K, committed 33148K, reserved 1077248K
  class space    used 4194K, capacity 4483K, committed 4556K, reserved 1048576K
Heap Regions: E=young(eden), S=young(survivor), O=old, HS=humongous(starts), HC=humongous(continues), CS=collection set, F=free, A=archive, TAMS=top-at-mark-start (previous, next)
|   0|0x00000000a0000000, 0x00000000a0100000, 0x00000000a0100000|100%|HS|  |TAMS 0x00000000a0100000, 0x00000000a0000000| Complete 
|   1|0x00000000a0100000, 0x00000000a0200000, 0x00000000a0200000|100%|HC|  |TAMS 0x00000000a0200000, 0x00000000a0100000| Complete 
|   2|0x00000000a0200000, 0x00000000a0300000, 0x00000000a0300000|100%|HC|  |TAMS 0x00000000a0300000, 0x00000000a0200000| Complete 
|   3|0x00000000a0300000, 0x00000000a0400000, 0x00000000a0400000|100%| O|  |TAMS 0x00000000a0400000, 0x00000000a0300000| Untracked 
|   4|0x00000000a0400000, 0x00000000a0500000, 0x00000000a0500000|100%| O|  |TAMS 0x00000000a0500000, 0x00000000a0400000| Untracked 
|   5|0x00000000a0500000, 0x00000000a0600000, 0x00000000a0600000|100%| O|  |TAMS 0x00000000a0600000, 0x00000000a0500000| Untracked 
|   6|0x00000000a0600000, 0x00000000a0700000, 0x00000000a0700000|100%| O|  |TAMS 0x00000000a0700000, 0x00000000a0600000| Untracked 
|   7|0x00000000a0700000, 0x00000000a0800000, 0x00000000a0800000|100%| O|  |TAMS 0x00000000a0800000, 0x00000000a0700000| Untracked 
|   8|0x00000000a0800000, 0x00000000a0900000, 0x00000000a0900000|100%| O|  |TAMS 0x00000000a0900000, 0x00000000a0800000| Untracked 
|   9|0x00000000a0900000, 0x00000000a0a00000, 0x00000000a0a00000|100%| O|  |TAMS 0x00000000a0a00000, 0x00000000a0900000| Untracked 
|  10|0x00000000a0a00000, 0x00000000a0b00000, 0x00000000a0b00000|100%| O|  |TAMS 0x00000000a0b00000, 0x00000000a0a00000| Untracked 
|  11|0x00000000a0b00000, 0x00000000a0c00000, 0x00000000a0c00000|100%| O|  |TAMS 0x00000000a0c00000, 0x00000000a0b00000| Untracked 
|  12|0x00000000a0c00000, 0x00000000a0d00000, 0x00000000a0d00000|100%| O|  |TAMS 0x00000000a0d00000, 0x00000000a0c00000| Untracked 
|  13|0x00000000a0d00000, 0x00000000a0e00000, 0x00000000a0e00000|100%| O|  |TAMS 0x00000000a0e00000, 0x00000000a0d00000| Untracked 
|  14|0x00000000a0e00000, 0x00000000a0f00000, 0x00000000a0f00000|100%| O|  |TAMS 0x00000000a0f00000, 0x00000000a0e00000| Untracked 
|  15|0x00000000a0f00000, 0x00000000a0f25800, 0x00000000a1000000| 14%| O|  |TAMS 0x00000000a0f25800, 0x00000000a0f00000| Untracked 
|  16|0x00000000a1000000, 0x00000000a1000000, 0x00000000a1100000|  0%| F|  |TAMS 0x00000000a1000000, 0x00000000a1000000| Untracked 
|  17|0x00000000a1100000, 0x00000000a1100000, 0x00000000a1200000|  0%| F|  |TAMS 0x00000000a1100000, 0x00000000a1100000| Untracked 
|  18|0x00000000a1200000, 0x00000000a1200000, 0x00000000a1300000|  0%| F|  |TAMS 0x00000000a1200000, 0x00000000a1200000| Untracked 
|  19|0x00000000a1300000, 0x00000000a1300000, 0x00000000a1400000|  0%| F|  |TAMS 0x00000000a1300000, 0x00000000a1300000| Untracked 
|  20|0x00000000a1400000, 0x00000000a1400000, 0x00000000a1500000|  0%| F|  |TAMS 0x00000000a1400000, 0x00000000a1400000| Untracked 
|  21|0x00000000a1500000, 0x00000000a1500000, 0x00000000a1600000|  0%| F|  |TAMS 0x00000000a1500000, 0x00000000a1500000| Untracked 
|  22|0x00000000a1600000, 0x00000000a1600000, 0x00000000a1700000|  0%| F|  |TAMS 0x00000000a1600000, 0x00000000a1600000| Untracked 
|  23|0x00000000a1700000, 0x00000000a1700000, 0x00000000a1800000|  0%| F|  |TAMS 0x00000000a1700000, 0x00000000a1700000| Untracked 
|  24|0x00000000a1800000, 0x00000000a1800000, 0x00000000a1900000|  0%| F|  |TAMS 0x00000000a1800000, 0x00000000a1800000| Untracked 
|  25|0x00000000a1900000, 0x00000000a1900000, 0x00000000a1a00000|  0%| F|  |TAMS 0x00000000a1900000, 0x00000000a1900000| Untracked 
|  26|0x00000000a1a00000, 0x00000000a1a00000, 0x00000000a1b00000|  0%| F|  |TAMS 0x00000000a1a00000, 0x00000000a1a00000| Untracked 
|  27|0x00000000a1b00000, 0x00000000a1b00000, 0x00000000a1c00000|  0%| F|  |TAMS 0x00000000a1b00000, 0x00000000a1b00000| Untracked 
|  28|0x00000000a1c00000, 0x00000000a1c00000, 0x00000000a1d00000|  0%| F|  |TAMS 0x00000000a1c00000, 0x00000000a1c00000| Untracked 
|  29|0x00000000a1d00000, 0x00000000a1d00000, 0x00000000a1e00000|  0%| F|  |TAMS 0x00000000a1d00000, 0x00000000a1d00000| Untracked 
|  30|0x00000000a1e00000, 0x00000000a1e00000, 0x00000000a1f00000|  0%| F|  |TAMS 0x00000000a1e00000, 0x00000000a1e00000| Untracked 
|  31|0x00000000a1f00000, 0x00000000a1f00000, 0x00000000a2000000|  0%| F|  |TAMS 0x00000000a1f00000, 0x00000000a1f00000| Untracked 
|  32|0x00000000a2000000, 0x00000000a2000000, 0x00000000a2100000|  0%| F|  |TAMS 0x00000000a2000000, 0x00000000a2000000| Untracked 
|  33|0x00000000a2100000, 0x00000000a2100000, 0x00000000a2200000|  0%| F|  |TAMS 0x00000000a2100000, 0x00000000a2100000| Untracked 
|  34|0x00000000a2200000, 0x00000000a2200000, 0x00000000a2300000|  0%| F|  |TAMS 0x00000000a2200000, 0x00000000a2200000| Untracked 
|  35|0x00000000a2300000, 0x00000000a2300000, 0x00000000a2400000|  0%| F|  |TAMS 0x00000000a2300000, 0x00000000a2300000| Untracked 
|  36|0x00000000a2400000, 0x00000000a2400000, 0x00000000a2500000|  0%| F|  |TAMS 0x00000000a2400000, 0x00000000a2400000| Untracked 
|  37|0x00000000a2500000, 0x00000000a2500000, 0x00000000a2600000|  0%| F|  |TAMS 0x00000000a2500000, 0x00000000a2500000| Untracked 
|  38|0x00000000a2600000, 0x00000000a2600000, 0x00000000a2700000|  0%| F|  |TAMS 0x00000000a2600000, 0x00000000a2600000| Untracked 
|  39|0x00000000a2700000, 0x00000000a2700000, 0x00000000a2800000|  0%| F|  |TAMS 0x00000000a2700000, 0x00000000a2700000| Untracked 
|  40|0x00000000a2800000, 0x00000000a2800000, 0x00000000a2900000|  0%| F|  |TAMS 0x00000000a2800000, 0x00000000a2800000| Untracked 
|  41|0x00000000a2900000, 0x00000000a2900000, 0x00000000a2a00000|  0%| F|  |TAMS 0x00000000a2900000, 0x00000000a2900000| Untracked 
|  42|0x00000000a2a00000, 0x00000000a2a00000, 0x00000000a2b00000|  0%| F|  |TAMS 0x00000000a2a00000, 0x00000000a2a00000| Untracked 
|  43|0x00000000a2b00000, 0x00000000a2b00000, 0x00000000a2c00000|  0%| F|  |TAMS 0x00000000a2b00000, 0x00000000a2b00000| Untracked 
|  44|0x00000000a2c00000, 0x00000000a2c00000, 0x00000000a2d00000|  0%| F|  |TAMS 0x00000000a2c00000, 0x00000000a2c00000| Untracked 
|  45|0x00000000a2d00000, 0x00000000a2d00000, 0x00000000a2e00000|  0%| F|  |TAMS 0x00000000a2d00000, 0x00000000a2d00000| Untracked 
|  46|0x00000000a2e00000, 0x00000000a2e00000, 0x00000000a2f00000|  0%| F|  |TAMS 0x00000000a2e00000, 0x00000000a2e00000| Untracked 
|  47|0x00000000a2f00000, 0x00000000a2f00000, 0x00000000a3000000|  0%| F|  |TAMS 0x00000000a2f00000, 0x00000000a2f00000| Untracked 
|  48|0x00000000a3000000, 0x00000000a3000000, 0x00000000a3100000|  0%| F|  |TAMS 0x00000000a3000000, 0x00000000a3000000| Untracked 
|  49|0x00000000a3100000, 0x00000000a3100000, 0x00000000a3200000|  0%| F|  |TAMS 0x00000000a3100000, 0x00000000a3100000| Untracked 
|  50|0x00000000a3200000, 0x00000000a3200000, 0x00000000a3300000|  0%| F|  |TAMS 0x00000000a3200000, 0x00000000a3200000| Untracked 
|  51|0x00000000a3300000, 0x00000000a3300000, 0x00000000a3400000|  0%| F|  |TAMS 0x00000000a3300000, 0x00000000a3300000| Untracked 
|  52|0x00000000a3400000, 0x00000000a3400000, 0x00000000a3500000|  0%| F|  |TAMS 0x00000000a3400000, 0x00000000a3400000| Untracked 
|  53|0x00000000a3500000, 0x00000000a3500000, 0x00000000a3600000|  0%| F|  |TAMS 0x00000000a3500000, 0x00000000a3500000| Untracked 
|  54|0x00000000a3600000, 0x00000000a3600000, 0x00000000a3700000|  0%| F|  |TAMS 0x00000000a3600000, 0x00000000a3600000| Untracked 
|  55|0x00000000a3700000, 0x00000000a3700000, 0x00000000a3800000|  0%| F|  |TAMS 0x00000000a3700000, 0x00000000a3700000| Untracked 
|  56|0x00000000a3800000, 0x00000000a3800000, 0x00000000a3900000|  0%| F|  |TAMS 0x00000000a3800000, 0x00000000a3800000| Untracked 
|  57|0x00000000a3900000, 0x00000000a3900000, 0x00000000a3a00000|  0%| F|  |TAMS 0x00000000a3900000, 0x00000000a3900000| Untracked 
|  58|0x00000000a3a00000, 0x00000000a3a00000, 0x00000000a3b00000|  0%| F|  |TAMS 0x00000000a3a00000, 0x00000000a3a00000| Untracked 
|  59|0x00000000a3b00000, 0x00000000a3b00000, 0x00000000a3c00000|  0%| F|  |TAMS 0x00000000a3b00000, 0x00000000a3b00000| Untracked 
|  60|0x00000000a3c00000, 0x00000000a3c00000, 0x00000000a3d00000|  0%| F|  |TAMS 0x00000000a3c00000, 0x00000000a3c00000| Untracked 
|  61|0x00000000a3d00000, 0x00000000a3d00000, 0x00000000a3e00000|  0%| F|  |TAMS 0x00000000a3d00000, 0x00000000a3d00000| Untracked 
|  62|0x00000000a3e00000, 0x00000000a3e00000, 0x00000000a3f00000|  0%| F|  |TAMS 0x00000000a3e00000, 0x00000000a3e00000| Untracked 
|  63|0x00000000a3f00000, 0x00000000a3f00000, 0x00000000a4000000|  0%| F|  |TAMS 0x00000000a3f00000, 0x00000000a3f00000| Untracked 
|  64|0x00000000a4000000, 0x00000000a4000000, 0x00000000a4100000|  0%| F|  |TAMS 0x00000000a4000000, 0x00000000a4000000| Untracked 
|  65|0x00000000a4100000, 0x00000000a4100000, 0x00000000a4200000|  0%| F|  |TAMS 0x00000000a4100000, 0x00000000a4100000| Untracked 
|  66|0x00000000a4200000, 0x00000000a4200000, 0x00000000a4300000|  0%| F|  |TAMS 0x00000000a4200000, 0x00000000a4200000| Untracked 
|  67|0x00000000a4300000, 0x00000000a4300000, 0x00000000a4400000|  0%| F|  |TAMS 0x00000000a4300000, 0x00000000a4300000| Untracked 
|  68|0x00000000a4400000, 0x00000000a4400000, 0x00000000a4500000|  0%| F|  |TAMS 0x00000000a4400000, 0x00000000a4400000| Untracked 
|  69|0x00000000a4500000, 0x00000000a4581788, 0x00000000a4600000| 50%| E|  |TAMS 0x00000000a4500000, 0x00000000a4500000| Complete 
|  70|0x00000000a4600000, 0x00000000a4678ab0, 0x00000000a4700000| 47%| S|CS|TAMS 0x00000000a4600000, 0x00000000a4600000| Complete 
|  71|0x00000000a4700000, 0x00000000a4800000, 0x00000000a4800000|100%| S|CS|TAMS 0x00000000a4700000, 0x00000000a4700000| Complete 
|  72|0x00000000a4800000, 0x00000000a4900000, 0x00000000a4900000|100%| S|CS|TAMS 0x00000000a4800000, 0x00000000a4800000| Complete 
|  73|0x00000000a4900000, 0x00000000a4a00000, 0x00000000a4a00000|100%| S|CS|TAMS 0x00000000a4900000, 0x00000000a4900000| Complete 
|  74|0x00000000a4a00000, 0x00000000a4b00000, 0x00000000a4b00000|100%| E|CS|TAMS 0x00000000a4a00000, 0x00000000a4a00000| Complete 
|  75|0x00000000a4b00000, 0x00000000a4c00000, 0x00000000a4c00000|100%| E|CS|TAMS 0x00000000a4b00000, 0x00000000a4b00000| Complete 
|  76|0x00000000a4c00000, 0x00000000a4d00000, 0x00000000a4d00000|100%| E|CS|TAMS 0x00000000a4c00000, 0x00000000a4c00000| Complete 
|  77|0x00000000a4d00000, 0x00000000a4e00000, 0x00000000a4e00000|100%| E|CS|TAMS 0x00000000a4d00000, 0x00000000a4d00000| Complete 
|  78|0x00000000a4e00000, 0x00000000a4f00000, 0x00000000a4f00000|100%| E|CS|TAMS 0x00000000a4e00000, 0x00000000a4e00000| Complete 
|  79|0x00000000a4f00000, 0x00000000a5000000, 0x00000000a5000000|100%| E|CS|TAMS 0x00000000a4f00000, 0x00000000a4f00000| Complete 
|  80|0x00000000a5000000, 0x00000000a5100000, 0x00000000a5100000|100%| E|CS|TAMS 0x00000000a5000000, 0x00000000a5000000| Complete 
|  81|0x00000000a5100000, 0x00000000a5200000, 0x00000000a5200000|100%| E|CS|TAMS 0x00000000a5100000, 0x00000000a5100000| Complete 
|  82|0x00000000a5200000, 0x00000000a5300000, 0x00000000a5300000|100%| E|CS|TAMS 0x00000000a5200000, 0x00000000a5200000| Complete 
|  83|0x00000000a5300000, 0x00000000a5400000, 0x00000000a5400000|100%| E|CS|TAMS 0x00000000a5300000, 0x00000000a5300000| Complete 
|  84|0x00000000a5400000, 0x00000000a5500000, 0x00000000a5500000|100%| E|CS|TAMS 0x00000000a5400000, 0x00000000a5400000| Complete 
|  85|0x00000000a5500000, 0x00000000a5600000, 0x00000000a5600000|100%| E|CS|TAMS 0x00000000a5500000, 0x00000000a5500000| Complete 
|  86|0x00000000a5600000, 0x00000000a5700000, 0x00000000a5700000|100%| E|CS|TAMS 0x00000000a5600000, 0x00000000a5600000| Complete 
|  87|0x00000000a5700000, 0x00000000a5800000, 0x00000000a5800000|100%| E|CS|TAMS 0x00000000a5700000, 0x00000000a5700000| Complete 
|  88|0x00000000a5800000, 0x00000000a5900000, 0x00000000a5900000|100%| E|CS|TAMS 0x00000000a5800000, 0x00000000a5800000| Complete 
|  89|0x00000000a5900000, 0x00000000a5a00000, 0x00000000a5a00000|100%| E|CS|TAMS 0x00000000a5900000, 0x00000000a5900000| Complete 
|  90|0x00000000a5a00000, 0x00000000a5b00000, 0x00000000a5b00000|100%| E|CS|TAMS 0x00000000a5a00000, 0x00000000a5a00000| Complete 
|  91|0x00000000a5b00000, 0x00000000a5c00000, 0x00000000a5c00000|100%| E|CS|TAMS 0x00000000a5b00000, 0x00000000a5b00000| Complete 
|  92|0x00000000a5c00000, 0x00000000a5d00000, 0x00000000a5d00000|100%| E|CS|TAMS 0x00000000a5c00000, 0x00000000a5c00000| Complete 
|  93|0x00000000a5d00000, 0x00000000a5e00000, 0x00000000a5e00000|100%| E|CS|TAMS 0x00000000a5d00000, 0x00000000a5d00000| Complete 
|  94|0x00000000a5e00000, 0x00000000a5f00000, 0x00000000a5f00000|100%| E|CS|TAMS 0x00000000a5e00000, 0x00000000a5e00000| Complete 
|  95|0x00000000a5f00000, 0x00000000a6000000, 0x00000000a6000000|100%| E|CS|TAMS 0x00000000a5f00000, 0x00000000a5f00000| Complete 
|  96|0x00000000a6000000, 0x00000000a6100000, 0x00000000a6100000|100%| E|CS|TAMS 0x00000000a6000000, 0x00000000a6000000| Complete 
|  97|0x00000000a6100000, 0x00000000a6200000, 0x00000000a6200000|100%| E|CS|TAMS 0x00000000a6100000, 0x00000000a6100000| Complete 
|  98|0x00000000a6200000, 0x00000000a6300000, 0x00000000a6300000|100%| E|CS|TAMS 0x00000000a6200000, 0x00000000a6200000| Complete 
|  99|0x00000000a6300000, 0x00000000a6400000, 0x00000000a6400000|100%| E|CS|TAMS 0x00000000a6300000, 0x00000000a6300000| Complete 
| 100|0x00000000a6400000, 0x00000000a6500000, 0x00000000a6500000|100%| E|CS|TAMS 0x00000000a6400000, 0x00000000a6400000| Complete 
| 101|0x00000000a6500000, 0x00000000a6600000, 0x00000000a6600000|100%| E|CS|TAMS 0x00000000a6500000, 0x00000000a6500000| Complete 
| 102|0x00000000a6600000, 0x00000000a6700000, 0x00000000a6700000|100%| E|CS|TAMS 0x00000000a6600000, 0x00000000a6600000| Complete 
| 103|0x00000000a6700000, 0x00000000a6800000, 0x00000000a6800000|100%| E|CS|TAMS 0x00000000a6700000, 0x00000000a6700000| Complete 
| 104|0x00000000a6800000, 0x00000000a6900000, 0x00000000a6900000|100%| E|CS|TAMS 0x00000000a6800000, 0x00000000a6800000| Complete 
| 105|0x00000000a6900000, 0x00000000a6a00000, 0x00000000a6a00000|100%| E|CS|TAMS 0x00000000a6900000, 0x00000000a6900000| Complete 
| 106|0x00000000a6a00000, 0x00000000a6b00000, 0x00000000a6b00000|100%| E|CS|TAMS 0x00000000a6a00000, 0x00000000a6a00000| Complete 
| 107|0x00000000a6b00000, 0x00000000a6c00000, 0x00000000a6c00000|100%| E|CS|TAMS 0x00000000a6b00000, 0x00000000a6b00000| Complete 
| 108|0x00000000a6c00000, 0x00000000a6d00000, 0x00000000a6d00000|100%| E|CS|TAMS 0x00000000a6c00000, 0x00000000a6c00000| Complete 
| 109|0x00000000a6d00000, 0x00000000a6e00000, 0x00000000a6e00000|100%| E|CS|TAMS 0x00000000a6d00000, 0x00000000a6d00000| Complete 
| 110|0x00000000a6e00000, 0x00000000a6f00000, 0x00000000a6f00000|100%| E|CS|TAMS 0x00000000a6e00000, 0x00000000a6e00000| Complete 
| 111|0x00000000a6f00000, 0x00000000a7000000, 0x00000000a7000000|100%| E|CS|TAMS 0x00000000a6f00000, 0x00000000a6f00000| Complete 
| 112|0x00000000a7000000, 0x00000000a7100000, 0x00000000a7100000|100%| E|CS|TAMS 0x00000000a7000000, 0x00000000a7000000| Complete 
| 113|0x00000000a7100000, 0x00000000a7200000, 0x00000000a7200000|100%| E|CS|TAMS 0x00000000a7100000, 0x00000000a7100000| Complete 
| 114|0x00000000a7200000, 0x00000000a7300000, 0x00000000a7300000|100%| E|CS|TAMS 0x00000000a7200000, 0x00000000a7200000| Complete 
| 115|0x00000000a7300000, 0x00000000a7400000, 0x00000000a7400000|100%| E|CS|TAMS 0x00000000a7300000, 0x00000000a7300000| Complete 
| 116|0x00000000a7400000, 0x00000000a7500000, 0x00000000a7500000|100%| E|CS|TAMS 0x00000000a7400000, 0x00000000a7400000| Complete 
| 117|0x00000000a7500000, 0x00000000a7600000, 0x00000000a7600000|100%| E|CS|TAMS 0x00000000a7500000, 0x00000000a7500000| Complete 
| 118|0x00000000a7600000, 0x00000000a7700000, 0x00000000a7700000|100%| E|CS|TAMS 0x00000000a7600000, 0x00000000a7600000| Complete 
| 119|0x00000000a7700000, 0x00000000a7800000, 0x00000000a7800000|100%| E|CS|TAMS 0x00000000a7700000, 0x00000000a7700000| Complete 
| 120|0x00000000a7800000, 0x00000000a7900000, 0x00000000a7900000|100%| E|CS|TAMS 0x00000000a7800000, 0x00000000a7800000| Complete 
| 121|0x00000000a7900000, 0x00000000a7a00000, 0x00000000a7a00000|100%| E|CS|TAMS 0x00000000a7900000, 0x00000000a7900000| Complete 
| 122|0x00000000a7a00000, 0x00000000a7b00000, 0x00000000a7b00000|100%| E|CS|TAMS 0x00000000a7a00000, 0x00000000a7a00000| Complete 
| 123|0x00000000a7b00000, 0x00000000a7c00000, 0x00000000a7c00000|100%| E|CS|TAMS 0x00000000a7b00000, 0x00000000a7b00000| Complete 
| 124|0x00000000a7c00000, 0x00000000a7d00000, 0x00000000a7d00000|100%| E|CS|TAMS 0x00000000a7c00000, 0x00000000a7c00000| Complete 
| 125|0x00000000a7d00000, 0x00000000a7e00000, 0x00000000a7e00000|100%| E|CS|TAMS 0x00000000a7d00000, 0x00000000a7d00000| Complete 
| 126|0x00000000a7e00000, 0x00000000a7f00000, 0x00000000a7f00000|100%| E|CS|TAMS 0x00000000a7e00000, 0x00000000a7e00000| Complete 
| 127|0x00000000a7f00000, 0x00000000a8000000, 0x00000000a8000000|100%| E|CS|TAMS 0x00000000a7f00000, 0x00000000a7f00000| Complete 

Card table byte_map: [0x00000294e3590000,0x00000294e3890000] _byte_map_base: 0x00000294e3090000

Marking Bits (Prev, Next): (CMBitMap*) 0x00000294d07a7960, (CMBitMap*) 0x00000294d07a7928
 Prev Bits: [0x00000294e5390000, 0x00000294e6b90000)
 Next Bits: [0x00000294e3b90000, 0x00000294e5390000)

Polling page: 0x00000294ce780000

Metaspace:

Usage:
  Non-class:     27.85 MB capacity,    27.45 MB ( 99%) used,   347.27 KB (  1%) free+waste,    69.00 KB ( <1%) overhead. 
      Class:      4.38 MB capacity,     4.10 MB ( 94%) used,   253.99 KB (  6%) free+waste,    34.06 KB ( <1%) overhead. 
       Both:     32.23 MB capacity,    31.54 MB ( 98%) used,   601.26 KB (  2%) free+waste,   103.06 KB ( <1%) overhead. 

Virtual space:
  Non-class space:       28.00 MB reserved,      27.92 MB (>99%) committed 
      Class space:        1.00 GB reserved,       4.45 MB ( <1%) committed 
             Both:        1.03 GB reserved,      32.37 MB (  3%) committed 

Chunk freelists:
   Non-Class:  7.00 KB
       Class:  29.00 KB
        Both:  36.00 KB

MaxMetaspaceSize: 17179869184.00 GB
CompressedClassSpaceSize: 1.00 GB
Initial GC threshold: 20.80 MB
Current GC threshold: 35.20 MB
CDS: off

CodeHeap 'non-profiled nmethods': size=120064Kb used=1511Kb max_used=1511Kb free=118552Kb
 bounds [0x00000294dbd50000, 0x00000294dbfc0000, 0x00000294e3290000]
CodeHeap 'profiled nmethods': size=120000Kb used=5874Kb max_used=5874Kb free=114125Kb
 bounds [0x00000294d4820000, 0x00000294d4de0000, 0x00000294dbd50000]
CodeHeap 'non-nmethods': size=5696Kb used=1227Kb max_used=1276Kb free=4468Kb
 bounds [0x00000294d4290000, 0x00000294d4500000, 0x00000294d4820000]
 total_blobs=3230 nmethods=2722 adapters=420
 compilation: enabled
              stopped_count=0, restarted_count=0
 full_count=0

Compilation events (20 events):
Event: 17.577 Thread 0x00000294e9095000 nmethod 2719 0x00000294d4dd6e90 code [0x00000294d4dd7060, 0x00000294d4dd71e8]
Event: 17.577 Thread 0x00000294e9095000 2720       3       org.codehaus.groovy.util.ReferenceManager$1::afterReferenceCreation (57 bytes)
Event: 17.578 Thread 0x00000294e9095000 nmethod 2720 0x00000294d4dd7310 code [0x00000294d4dd7500, 0x00000294d4dd7918]
Event: 17.582 Thread 0x00000294e9091000 nmethod 2701 0x00000294dbec8790 code [0x00000294dbec8960, 0x00000294dbec9358]
Event: 17.582 Thread 0x00000294e9091000 2702       4       java.util.HashMap::hash (20 bytes)
Event: 17.582 Thread 0x00000294e9095000 2722   !   3       org.codehaus.groovy.util.LazyReference::getLocked (85 bytes)
Event: 17.583 Thread 0x00000294e9091000 nmethod 2702 0x00000294dbec9690 code [0x00000294dbec9820, 0x00000294dbec98d8]
Event: 17.584 Thread 0x00000294e9095000 nmethod 2722 0x00000294d4dd7a90 code [0x00000294d4dd7dc0, 0x00000294d4dd8ef8]
Event: 17.585 Thread 0x00000294e9095000 2723       3       org.codehaus.groovy.util.LockableObject::tryRelease (45 bytes)
Event: 17.585 Thread 0x00000294e9095000 nmethod 2723 0x00000294d4dd9590 code [0x00000294d4dd9760, 0x00000294d4dd9a28]
Event: 17.589 Thread 0x00000294e9091000 2724       4       java.util.HashMap::afterNodeAccess (1 bytes)
Event: 17.589 Thread 0x00000294e9091000 nmethod 2724 0x00000294dbec9990 code [0x00000294dbec9b20, 0x00000294dbec9b78]
Event: 17.591 Thread 0x00000294e9095000 2725       3       java.util.concurrent.atomic.AtomicInteger::<init> (5 bytes)
Event: 17.591 Thread 0x00000294e9095000 nmethod 2725 0x00000294d4dd9b10 code [0x00000294d4dd9cc0, 0x00000294d4dd9e78]
Event: 17.593 Thread 0x00000294e9095000 2726       3       org.codehaus.groovy.reflection.CachedClass::getInterfaces (11 bytes)
Event: 17.593 Thread 0x00000294e9095000 nmethod 2726 0x00000294d4dd9f90 code [0x00000294d4dda160, 0x00000294d4dda408]
Event: 17.593 Thread 0x00000294e9095000 2728       3       java.util.WeakHashMap::get (77 bytes)
Event: 17.594 Thread 0x00000294e9095000 nmethod 2728 0x00000294d4dda510 code [0x00000294d4dda740, 0x00000294d4ddaf48]
Event: 17.594 Thread 0x00000294e9095000 2727       3       org.codehaus.groovy.util.ReferenceType$1::createReference (11 bytes)
Event: 17.595 Thread 0x00000294e9095000 nmethod 2727 0x00000294d4ddb290 code [0x00000294d4ddb480, 0x00000294d4ddb8f8]

GC Heap History (10 events):
Event: 1.232 GC heap before
{Heap before GC invocations=0 (full 0):
 garbage-first heap   total 131072K, used 16384K [0x00000000a0000000, 0x0000000100000000)
  region size 1024K, 14 young (14336K), 0 survivors (0K)
 Metaspace       used 6793K, capacity 7001K, committed 7168K, reserved 1056768K
  class space    used 576K, capacity 650K, committed 768K, reserved 1048576K
}
Event: 1.287 GC heap after
{Heap after GC invocations=1 (full 0):
 garbage-first heap   total 131072K, used 4023K [0x00000000a0000000, 0x0000000100000000)
  region size 1024K, 2 young (2048K), 2 survivors (2048K)
 Metaspace       used 6793K, capacity 7001K, committed 7168K, reserved 1056768K
  class space    used 576K, capacity 650K, committed 768K, reserved 1048576K
}
Event: 12.877 GC heap before
{Heap before GC invocations=1 (full 0):
 garbage-first heap   total 131072K, used 82871K [0x00000000a0000000, 0x0000000100000000)
  region size 1024K, 76 young (77824K), 2 survivors (2048K)
 Metaspace       used 16135K, capacity 16459K, committed 16640K, reserved 1064960K
  class space    used 1816K, capacity 1933K, committed 2048K, reserved 1048576K
}
Event: 12.926 GC heap after
{Heap after GC invocations=2 (full 0):
 garbage-first heap   total 131072K, used 15404K [0x00000000a0000000, 0x0000000100000000)
  region size 1024K, 10 young (10240K), 10 survivors (10240K)
 Metaspace       used 16135K, capacity 16459K, committed 16640K, reserved 1064960K
  class space    used 1816K, capacity 1933K, committed 2048K, reserved 1048576K
}
Event: 13.718 GC heap before
{Heap before GC invocations=2 (full 0):
 garbage-first heap   total 131072K, used 43052K [0x00000000a0000000, 0x0000000100000000)
  region size 1024K, 37 young (37888K), 10 survivors (10240K)
 Metaspace       used 19549K, capacity 19963K, committed 20224K, reserved 1067008K
  class space    used 2348K, capacity 2506K, committed 2560K, reserved 1048576K
}
Event: 13.731 GC heap after
{Heap after GC invocations=3 (full 0):
 garbage-first heap   total 131072K, used 17122K [0x00000000a0000000, 0x0000000100000000)
  region size 1024K, 2 young (2048K), 2 survivors (2048K)
 Metaspace       used 19549K, capacity 19963K, committed 20224K, reserved 1067008K
  class space    used 2348K, capacity 2506K, committed 2560K, reserved 1048576K
}
Event: 14.047 GC heap before
{Heap before GC invocations=3 (full 0):
 garbage-first heap   total 131072K, used 23266K [0x00000000a0000000, 0x0000000100000000)
  region size 1024K, 9 young (9216K), 2 survivors (2048K)
 Metaspace       used 20689K, capacity 21138K, committed 21296K, reserved 1069056K
  class space    used 2480K, capacity 2626K, committed 2688K, reserved 1048576K
}
Event: 14.052 GC heap after
{Heap after GC invocations=4 (full 0):
 garbage-first heap   total 131072K, used 17200K [0x00000000a0000000, 0x0000000100000000)
  region size 1024K, 2 young (2048K), 2 survivors (2048K)
 Metaspace       used 20689K, capacity 21138K, committed 21296K, reserved 1069056K
  class space    used 2480K, capacity 2626K, committed 2688K, reserved 1048576K
}
Event: 15.753 GC heap before
{Heap before GC invocations=5 (full 0):
 garbage-first heap   total 131072K, used 70448K [0x00000000a0000000, 0x0000000100000000)
  region size 1024K, 54 young (55296K), 2 survivors (2048K)
 Metaspace       used 26369K, capacity 26962K, committed 27132K, reserved 1073152K
  class space    used 3375K, capacity 3574K, committed 3660K, reserved 1048576K
}
Event: 15.764 GC heap after
{Heap after GC invocations=6 (full 0):
 garbage-first heap   total 131072K, used 19064K [0x00000000a0000000, 0x0000000100000000)
  region size 1024K, 4 young (4096K), 4 survivors (4096K)
 Metaspace       used 26369K, capacity 26962K, committed 27132K, reserved 1073152K
  class space    used 3375K, capacity 3574K, committed 3660K, reserved 1048576K
}

Deoptimization events (20 events):
Event: 17.032 Thread 0x00000294ec43a800 Uncommon trap: trap_request=0xffffff4d fr.pc=0x00000294dbe97614 relative=0x00000000000001b4
Event: 17.032 Thread 0x00000294ec43a800 Uncommon trap: reason=unstable_if action=reinterpret pc=0x00000294dbe97614 method=java.util.HashMap.putVal(ILjava/lang/Object;Ljava/lang/Object;ZZ)Ljava/lang/Object; @ 162 c2
Event: 17.032 Thread 0x00000294ec43a800 DEOPT PACKING pc=0x00000294dbe97614 sp=0x000000c8a95fa5d0
Event: 17.032 Thread 0x00000294ec43a800 DEOPT UNPACKING pc=0x00000294d42da1af sp=0x000000c8a95fa550 mode 2
Event: 17.191 Thread 0x00000294ec43a800 Uncommon trap: trap_request=0xffffffde fr.pc=0x00000294dbe3ca00 relative=0x0000000000001760
Event: 17.192 Thread 0x00000294ec43a800 Uncommon trap: reason=class_check action=maybe_recompile pc=0x00000294dbe3ca00 method=java.io.BufferedInputStream.read([BII)I @ 101 c2
Event: 17.192 Thread 0x00000294ec43a800 DEOPT PACKING pc=0x00000294dbe3ca00 sp=0x000000c8a95f93e0
Event: 17.192 Thread 0x00000294ec43a800 DEOPT UNPACKING pc=0x00000294d42da1af sp=0x000000c8a95f92a0 mode 2
Event: 17.192 Thread 0x00000294ec43a800 Uncommon trap: trap_request=0xffffffde fr.pc=0x00000294dbe3ca00 relative=0x0000000000001760
Event: 17.192 Thread 0x00000294ec43a800 Uncommon trap: reason=class_check action=maybe_recompile pc=0x00000294dbe3ca00 method=java.io.BufferedInputStream.read([BII)I @ 101 c2
Event: 17.192 Thread 0x00000294ec43a800 DEOPT PACKING pc=0x00000294dbe3ca00 sp=0x000000c8a95f93e0
Event: 17.192 Thread 0x00000294ec43a800 DEOPT UNPACKING pc=0x00000294d42da1af sp=0x000000c8a95f92a0 mode 2
Event: 17.192 Thread 0x00000294ec43a800 Uncommon trap: trap_request=0xffffffde fr.pc=0x00000294dbe3ca00 relative=0x0000000000001760
Event: 17.192 Thread 0x00000294ec43a800 Uncommon trap: reason=class_check action=maybe_recompile pc=0x00000294dbe3ca00 method=java.io.BufferedInputStream.read([BII)I @ 101 c2
Event: 17.192 Thread 0x00000294ec43a800 DEOPT PACKING pc=0x00000294dbe3ca00 sp=0x000000c8a95f93e0
Event: 17.192 Thread 0x00000294ec43a800 DEOPT UNPACKING pc=0x00000294d42da1af sp=0x000000c8a95f92a0 mode 2
Event: 17.193 Thread 0x00000294ec43a800 Uncommon trap: trap_request=0xffffffde fr.pc=0x00000294dbe3ca00 relative=0x0000000000001760
Event: 17.193 Thread 0x00000294ec43a800 Uncommon trap: reason=class_check action=maybe_recompile pc=0x00000294dbe3ca00 method=java.io.BufferedInputStream.read([BII)I @ 101 c2
Event: 17.193 Thread 0x00000294ec43a800 DEOPT PACKING pc=0x00000294dbe3ca00 sp=0x000000c8a95f93e0
Event: 17.193 Thread 0x00000294ec43a800 DEOPT UNPACKING pc=0x00000294d42da1af sp=0x000000c8a95f92a0 mode 2

Classes redefined (0 events):
No events

Internal exceptions (20 events):
Event: 15.511 Thread 0x00000294ec43a800 Exception <a 'java/lang/NoSuchMethodError'{0x00000000a4fd7dd8}: 'void java.lang.invoke.DirectMethodHandle$Holder.invokeStatic(java.lang.Object, java.lang.Object, java.lang.Object, java.lang.Object)'> (0x00000000a4fd7dd8) thrown at [./src/hotspot/share/interpreter/linkResolver.cpp, line 773]
Event: 15.517 Thread 0x00000294ec43a800 Exception <a 'java/lang/NoSuchMethodError'{0x00000000a4ff6a28}: 'int java.lang.invoke.DirectMethodHandle$Holder.invokeVirtual(java.lang.Object, java.lang.Object)'> (0x00000000a4ff6a28) thrown at [./src/hotspot/share/interpreter/linkResolver.cpp, line 773]
Event: 15.523 Thread 0x00000294ec43a800 Exception <a 'java/lang/NoSuchMethodError'{0x00000000a4e0fe08}: 'java.lang.Object java.lang.invoke.DirectMethodHandle$Holder.invokeVirtual(java.lang.Object, java.lang.Object, java.lang.Object)'> (0x00000000a4e0fe08) thrown at [./src/hotspot/share/interpreter/linkResolver.cpp, line 773]
Event: 15.543 Thread 0x00000294ec43a800 Exception <a 'java/lang/NoSuchMethodError'{0x00000000a4e3bf80}: 'int java.lang.invoke.DirectMethodHandle$Holder.invokeVirtual(java.lang.Object, java.lang.Object, java.lang.Object)'> (0x00000000a4e3bf80) thrown at [./src/hotspot/share/interpreter/linkResolver.cpp, line 773]
Event: 15.639 Thread 0x00000294ec43a800 Exception <a 'java/lang/NoSuchMethodError'{0x00000000a4dd0c30}: 'void java.lang.invoke.DirectMethodHandle$Holder.invokeSpecial(java.lang.Object, java.lang.Object)'> (0x00000000a4dd0c30) thrown at [./src/hotspot/share/interpreter/linkResolver.cpp, line 773]
Event: 16.037 Thread 0x00000294ec43a800 Exception <a 'java/lang/NoSuchMethodError'{0x00000000a75f5480}: 'java.lang.Object java.lang.invoke.DirectMethodHandle$Holder.invokeSpecialIFC(java.lang.Object, java.lang.Object, java.lang.Object, java.lang.Object)'> (0x00000000a75f5480) thrown at [./src/hotspot/share/interpreter/linkResolver.cpp, line 773]
Event: 16.257 Thread 0x00000294ec43a800 Implicit null exception at 0x00000294dbe47bf5 to 0x00000294dbe47dbc
Event: 16.370 Thread 0x00000294ec43a800 Exception <a 'java/lang/NoSuchMethodError'{0x00000000a6aabe28}: 'java.lang.Object java.lang.invoke.DirectMethodHandle$Holder.invokeSpecial(java.lang.Object, java.lang.Object, java.lang.Object, java.lang.Object, java.lang.Object, java.lang.Object, java.lang.Object, java.lang.Object, java.lang.Object, java.lang.Object, java.lang.Object, java.lang.Object, java.lang.Object)'> (0x00000000a6aabe28) thrown at [./src/hotspot/share/interpreter/linkResolver.cpp, line 773]
Event: 16.372 Thread 0x00000294ec43a800 Exception <a 'java/lang/NoSuchMethodError'{0x00000000a6abcf30}: 'java.lang.Object java.lang.invoke.DirectMethodHandle$Holder.invokeSpecial(java.lang.Object, java.lang.Object, java.lang.Object, java.lang.Object, java.lang.Object, java.lang.Object, java.lang.Object, java.lang.Object, java.lang.Object, java.lang.Object, java.lang.Object, java.lang.Object)'> (0x00000000a6abcf30) thrown at [./src/hotspot/share/interpreter/linkResolver.cpp, line 773]
Event: 16.373 Thread 0x00000294ec43a800 Exception <a 'java/lang/NoSuchMethodError'{0x00000000a6ac2300}: 'java.lang.Object java.lang.invoke.Invokers$Holder.linkToTargetMethod(java.lang.Object, java.lang.Object, java.lang.Object, java.lang.Object, java.lang.Object, java.lang.Object, java.lang.Object, java.lang.Object, java.lang.Object, java.lang.Object, java.lang.Object)'> (0x00000000a6ac2300) thrown at [./src/hotspot/share/interpreter/linkResolver.cpp, line 773]
Event: 16.387 Thread 0x00000294ec43a800 Exception <a 'java/lang/NoSuchMethodError'{0x00000000a6968540}: 'java.lang.Object java.lang.invoke.DirectMethodHandle$Holder.invokeSpecial(java.lang.Object, java.lang.Object, java.lang.Object, java.lang.Object, java.lang.Object, java.lang.Object, java.lang.Object, java.lang.Object, java.lang.Object, java.lang.Object, java.lang.Object, java.lang.Object, java.lang.Object, java.lang.Object)'> (0x00000000a6968540) thrown at [./src/hotspot/share/interpreter/linkResolver.cpp, line 773]
Event: 16.389 Thread 0x00000294ec43a800 Exception <a 'java/lang/NoSuchMethodError'{0x00000000a6979e60}: 'java.lang.Object java.lang.invoke.Invokers$Holder.linkToTargetMethod(java.lang.Object, java.lang.Object, java.lang.Object, java.lang.Object, java.lang.Object, java.lang.Object, java.lang.Object, java.lang.Object, java.lang.Object, java.lang.Object, java.lang.Object, java.lang.Object)'> (0x00000000a6979e60) thrown at [./src/hotspot/share/interpreter/linkResolver.cpp, line 773]
Event: 16.445 Thread 0x00000294ec43a800 Exception <a 'java/lang/NoSuchMethodError'{0x00000000a686b6e8}: 'java.lang.Object java.lang.invoke.DirectMethodHandle$Holder.invokeStaticInit(java.lang.Object, java.lang.Object, java.lang.Object, java.lang.Object)'> (0x00000000a686b6e8) thrown at [./src/hotspot/share/interpreter/linkResolver.cpp, line 773]
Event: 16.713 Thread 0x00000294ec43a800 Exception <a 'java/lang/NoSuchMethodError'{0x00000000a5f9bc78}: 'java.lang.Object java.lang.invoke.Invokers$Holder.linkToTargetMethod(java.lang.Object, java.lang.Object, java.lang.Object, java.lang.Object, java.lang.Object, java.lang.Object, java.lang.Object, java.lang.Object)'> (0x00000000a5f9bc78) thrown at [./src/hotspot/share/interpreter/linkResolver.cpp, line 773]
Event: 16.721 Thread 0x00000294ec43a800 Exception <a 'java/lang/NoSuchMethodError'{0x00000000a5ff2ac0}: 'java.lang.Object java.lang.invoke.Invokers$Holder.linkToTargetMethod(java.lang.Object, java.lang.Object, java.lang.Object, java.lang.Object, java.lang.Object, java.lang.Object, java.lang.Object)'> (0x00000000a5ff2ac0) thrown at [./src/hotspot/share/interpreter/linkResolver.cpp, line 773]
Event: 16.733 Thread 0x00000294ec43a800 Exception <a 'java/lang/IncompatibleClassChangeError'{0x00000000a5e47980}: Found class java.lang.Object, but interface was expected> (0x00000000a5e47980) thrown at [./src/hotspot/share/interpreter/linkResolver.cpp, line 839]
Event: 17.361 Thread 0x00000294ec43a800 Exception <a 'java/lang/NoSuchMethodError'{0x00000000a4cf14d0}: 'void java.lang.invoke.DirectMethodHandle$Holder.invokeStaticInit(java.lang.Object, java.lang.Object, java.lang.Object)'> (0x00000000a4cf14d0) thrown at [./src/hotspot/share/interpreter/linkResolver.cpp, line 773]
Event: 17.363 Thread 0x00000294ec43a800 Exception <a 'java/lang/NoSuchMethodError'{0x00000000a4cf8728}: 'void java.lang.invoke.DirectMethodHandle$Holder.invokeStaticInit(java.lang.Object, java.lang.Object, java.lang.Object, java.lang.Object)'> (0x00000000a4cf8728) thrown at [./src/hotspot/share/interpreter/linkResolver.cpp, line 773]
Event: 17.407 Thread 0x00000294ec43a800 Exception <a 'java/lang/NoSuchMethodError'{0x00000000a4b1b488}: 'void java.lang.invoke.DirectMethodHandle$Holder.invokeStaticInit(java.lang.Object, java.lang.Object, java.lang.Object, java.lang.Object, java.lang.Object)'> (0x00000000a4b1b488) thrown at [./src/hotspot/share/interpreter/linkResolver.cpp, line 773]
Event: 17.520 Thread 0x00000294ec43a800 Exception <a 'java/lang/NoSuchMethodError'{0x00000000a4b79bf8}: 'int java.lang.invoke.DirectMethodHandle$Holder.invokeStaticInit(java.lang.Object, java.lang.Object, java.lang.Object, java.lang.Object)'> (0x00000000a4b79bf8) thrown at [./src/hotspot/share/interpreter/linkResolver.cpp, line 773]

Events (20 events):
Event: 17.553 loading class org/codehaus/groovy/reflection/CachedClass$CachedMethodComparatorByName
Event: 17.553 loading class org/codehaus/groovy/reflection/CachedClass$CachedMethodComparatorByName done
Event: 17.565 loading class java/lang/ClassFormatError
Event: 17.565 loading class java/lang/ClassFormatError done
Event: 17.585 loading class java/lang/ProcessHandle$Info
Event: 17.585 loading class java/lang/ProcessHandle$Info done
Event: 17.585 loading class java/util/concurrent/CompletableFuture
Event: 17.588 loading class java/util/concurrent/CompletionStage
Event: 17.588 loading class java/util/concurrent/CompletionStage done
Event: 17.588 loading class java/util/concurrent/CompletableFuture done
Event: 17.588 loading class java/lang/ProcessHandle
Event: 17.588 loading class java/lang/ProcessHandle done
Event: 17.591 loading class groovy/lang/GString$1
Event: 17.591 loading class groovy/lang/GString$1 done
Event: 17.592 loading class groovy/lang/StringWriterIOException
Event: 17.592 loading class groovy/lang/StringWriterIOException done
Event: 17.592 loading class java/io/UnsupportedEncodingException
Event: 17.592 loading class java/io/UnsupportedEncodingException done
Event: 17.594 loading class org/codehaus/groovy/runtime/DefaultGroovyMethods
Event: 17.594 loading class org/codehaus/groovy/runtime/DefaultGroovyMethods done


Dynamic libraries:
0x00007ff69d9a0000 - 0x00007ff69d9aa000 	D:\Downloads\Android-studio\jre\bin\java.exe
0x00007ff8ea630000 - 0x00007ff8ea828000 	C:\WINDOWS\SYSTEM32\ntdll.dll
0x00007ff8ea020000 - 0x00007ff8ea0df000 	C:\WINDOWS\System32\KERNEL32.DLL
0x00007ff8e7dd0000 - 0x00007ff8e80c6000 	C:\WINDOWS\System32\KERNELBASE.dll
0x00007ff8e80d0000 - 0x00007ff8e81d0000 	C:\WINDOWS\System32\ucrtbase.dll
0x00007ff8d20c0000 - 0x00007ff8d20d7000 	D:\Downloads\Android-studio\jre\bin\VCRUNTIME140.dll
0x00007ff8dd210000 - 0x00007ff8dd229000 	D:\Downloads\Android-studio\jre\bin\jli.dll
0x00007ff8e9620000 - 0x00007ff8e97bd000 	C:\WINDOWS\System32\USER32.dll
0x00007ff8d3ac0000 - 0x00007ff8d3d5a000 	C:\WINDOWS\WinSxS\amd64_microsoft.windows.common-controls_6595b64144ccf1df_6.0.19041.1110_none_60b5254171f9507e\COMCTL32.dll
0x00007ff8e8540000 - 0x00007ff8e8562000 	C:\WINDOWS\System32\win32u.dll
0x00007ff8e9580000 - 0x00007ff8e961e000 	C:\WINDOWS\System32\msvcrt.dll
0x00007ff8e8dc0000 - 0x00007ff8e8dec000 	C:\WINDOWS\System32\GDI32.dll
0x00007ff8e8570000 - 0x00007ff8e8685000 	C:\WINDOWS\System32\gdi32full.dll
0x00007ff8e8470000 - 0x00007ff8e850d000 	C:\WINDOWS\System32\msvcp_win.dll
0x00007ff8ea0e0000 - 0x00007ff8ea110000 	C:\WINDOWS\System32\IMM32.DLL
0x00007ff8be2a0000 - 0x00007ff8be33d000 	D:\Downloads\Android-studio\jre\bin\msvcp140.dll
0x00007ff8841b0000 - 0x00007ff884cb2000 	D:\Downloads\Android-studio\jre\bin\server\jvm.dll
0x00007ff8e8c00000 - 0x00007ff8e8caf000 	C:\WINDOWS\System32\ADVAPI32.dll
0x00007ff8e8b60000 - 0x00007ff8e8bfc000 	C:\WINDOWS\System32\sechost.dll
0x00007ff8e8df0000 - 0x00007ff8e8f16000 	C:\WINDOWS\System32\RPCRT4.dll
0x00007ff8e9430000 - 0x00007ff8e9438000 	C:\WINDOWS\System32\PSAPI.DLL
0x00007ff8e0340000 - 0x00007ff8e0349000 	C:\WINDOWS\SYSTEM32\WSOCK32.dll
0x00007ff8ea500000 - 0x00007ff8ea56b000 	C:\WINDOWS\System32\WS2_32.dll
0x00007ff8bdfe0000 - 0x00007ff8be007000 	C:\WINDOWS\SYSTEM32\WINMM.dll
0x00007ff8dc450000 - 0x00007ff8dc45a000 	C:\WINDOWS\SYSTEM32\VERSION.dll
0x00007ff8e6560000 - 0x00007ff8e6572000 	C:\WINDOWS\SYSTEM32\kernel.appcore.dll
0x00007ff8d0950000 - 0x00007ff8d0961000 	D:\Downloads\Android-studio\jre\bin\verify.dll
0x00007ff8e5ba0000 - 0x00007ff8e5d84000 	C:\WINDOWS\SYSTEM32\DBGHELP.DLL
0x00007ff8cb810000 - 0x00007ff8cb844000 	C:\WINDOWS\SYSTEM32\dbgcore.DLL
0x00007ff8e81d0000 - 0x00007ff8e8252000 	C:\WINDOWS\System32\bcryptPrimitives.dll
0x00007ff8ca790000 - 0x00007ff8ca7b9000 	D:\Downloads\Android-studio\jre\bin\java.dll
0x00007ff8dd200000 - 0x00007ff8dd20b000 	D:\Downloads\Android-studio\jre\bin\jimage.dll
0x00007ff8c7700000 - 0x00007ff8c7718000 	D:\Downloads\Android-studio\jre\bin\zip.dll
0x00007ff8e98d0000 - 0x00007ff8ea014000 	C:\WINDOWS\System32\SHELL32.dll
0x00007ff8e5d90000 - 0x00007ff8e6523000 	C:\WINDOWS\SYSTEM32\windows.storage.dll
0x00007ff8ea110000 - 0x00007ff8ea464000 	C:\WINDOWS\System32\combase.dll
0x00007ff8e7700000 - 0x00007ff8e772e000 	C:\WINDOWS\SYSTEM32\Wldp.dll
0x00007ff8e8d10000 - 0x00007ff8e8dbd000 	C:\WINDOWS\System32\SHCORE.dll
0x00007ff8e8cb0000 - 0x00007ff8e8d05000 	C:\WINDOWS\System32\shlwapi.dll
0x00007ff8e7c50000 - 0x00007ff8e7c6f000 	C:\WINDOWS\SYSTEM32\profapi.dll
0x00007ff8c6560000 - 0x00007ff8c657a000 	D:\Downloads\Android-studio\jre\bin\net.dll
0x00007ff8d6a60000 - 0x00007ff8d6b6a000 	C:\WINDOWS\SYSTEM32\WINHTTP.dll
0x00007ff8e7460000 - 0x00007ff8e74ca000 	C:\WINDOWS\system32\mswsock.dll
0x00007ff8bdcd0000 - 0x00007ff8bdce4000 	D:\Downloads\Android-studio\jre\bin\nio.dll
0x00007ff8bcf50000 - 0x00007ff8bcf77000 	C:\Users\wiz tech\.gradle\native\e1d6ef7f7dcc3fd88c89a11ec53ec762bb8ba0a96d01ffa2cd45eb1d1d8dd5c5\windows-amd64\native-platform.dll
0x00007ff8b2250000 - 0x00007ff8b2394000 	C:\Users\wiz tech\.gradle\native\0d407fdbe67a94daf76414ababcb853783967236a71b16ec16e742cd7a986fd3\windows-amd64\native-platform-file-events.dll
0x00007ff8d2e90000 - 0x00007ff8d2e9a000 	D:\Downloads\Android-studio\jre\bin\management.dll
0x00007ff8d2b40000 - 0x00007ff8d2b4d000 	D:\Downloads\Android-studio\jre\bin\management_ext.dll
0x00007ff8e7650000 - 0x00007ff8e7668000 	C:\WINDOWS\SYSTEM32\CRYPTSP.dll
0x00007ff8e6d80000 - 0x00007ff8e6db4000 	C:\WINDOWS\system32\rsaenh.dll
0x00007ff8e8510000 - 0x00007ff8e8537000 	C:\WINDOWS\System32\bcrypt.dll
0x00007ff8e7c10000 - 0x00007ff8e7c3e000 	C:\WINDOWS\SYSTEM32\USERENV.dll
0x00007ff8e7670000 - 0x00007ff8e767c000 	C:\WINDOWS\SYSTEM32\CRYPTBASE.dll
0x00007ff8e7150000 - 0x00007ff8e718c000 	C:\WINDOWS\SYSTEM32\IPHLPAPI.DLL
0x00007ff8e9570000 - 0x00007ff8e9578000 	C:\WINDOWS\System32\NSI.dll
0x00007ff8da3d0000 - 0x00007ff8da3e7000 	C:\WINDOWS\SYSTEM32\dhcpcsvc6.DLL
0x00007ff8da530000 - 0x00007ff8da54d000 	C:\WINDOWS\SYSTEM32\dhcpcsvc.DLL
0x00007ff8e7190000 - 0x00007ff8e725b000 	C:\WINDOWS\SYSTEM32\DNSAPI.dll

dbghelp: loaded successfully - version: 4.0.5 - missing functions: none
symbol engine: initialized successfully - sym options: 0x614 - pdb path: .;D:\Downloads\Android-studio\jre\bin;C:\WINDOWS\SYSTEM32;C:\WINDOWS\WinSxS\amd64_microsoft.windows.common-controls_6595b64144ccf1df_6.0.19041.1110_none_60b5254171f9507e;D:\Downloads\Android-studio\jre\bin\server;C:\Users\wiz tech\.gradle\native\e1d6ef7f7dcc3fd88c89a11ec53ec762bb8ba0a96d01ffa2cd45eb1d1d8dd5c5\windows-amd64;C:\Users\wiz tech\.gradle\native\0d407fdbe67a94daf76414ababcb853783967236a71b16ec16e742cd7a986fd3\windows-amd64

VM Arguments:
jvm_args: --add-opens=java.base/java.util=ALL-UNNAMED --add-opens=java.base/java.lang=ALL-UNNAMED --add-opens=java.base/java.lang.invoke=ALL-UNNAMED --add-opens=java.base/java.util=ALL-UNNAMED --add-opens=java.prefs/java.util.prefs=ALL-UNNAMED --add-opens=java.prefs/java.util.prefs=ALL-UNNAMED --add-opens=java.base/java.nio.charset=ALL-UNNAMED --add-opens=java.base/java.net=ALL-UNNAMED --add-opens=java.base/java.util.concurrent.atomic=ALL-UNNAMED -Xmx1536M -Dfile.encoding=windows-1252 -Duser.country=US -Duser.language=en -Duser.variant 
java_command: org.gradle.launcher.daemon.bootstrap.GradleDaemon 7.4
java_class_path (initial): C:\Users\wiz tech\.gradle\wrapper\dists\gradle-7.4-all\aadb4xli5jkdsnukm30eibyiu\gradle-7.4\lib\gradle-launcher-7.4.jar
Launcher Type: SUN_STANDARD

[Global flags]
     intx CICompilerCount                          = 3                                         {product} {ergonomic}
     uint ConcGCThreads                            = 1                                         {product} {ergonomic}
     uint G1ConcRefinementThreads                  = 4                                         {product} {ergonomic}
   size_t G1HeapRegionSize                         = 1048576                                   {product} {ergonomic}
    uintx GCDrainStackTargetSize                   = 64                                        {product} {ergonomic}
   size_t InitialHeapSize                          = 134217728                                 {product} {ergonomic}
   size_t MarkStackSize                            = 4194304                                   {product} {ergonomic}
   size_t MaxHeapSize                              = 1610612736                                {product} {command line}
   size_t MaxNewSize                               = 965738496                                 {product} {ergonomic}
   size_t MinHeapDeltaBytes                        = 1048576                                   {product} {ergonomic}
    uintx NonNMethodCodeHeapSize                   = 5830732                                {pd product} {ergonomic}
    uintx NonProfiledCodeHeapSize                  = 122913754                              {pd product} {ergonomic}
    uintx ProfiledCodeHeapSize                     = 122913754                              {pd product} {ergonomic}
    uintx ReservedCodeCacheSize                    = 251658240                              {pd product} {ergonomic}
     bool SegmentedCodeCache                       = true                                      {product} {ergonomic}
     bool UseCompressedClassPointers               = true                                 {lp64_product} {ergonomic}
     bool UseCompressedOops                        = true                                 {lp64_product} {ergonomic}
     bool UseG1GC                                  = true                                      {product} {ergonomic}
     bool UseLargePagesIndividualAllocation        = false                                  {pd product} {ergonomic}

Logging:
Log output configuration:
 #0: stdout all=warning uptime,level,tags
 #1: stderr all=off uptime,level,tags

Environment Variables:
JAVA_HOME=D:\Downloads\Android-studio\jre
CLASSPATH=D:\Projects\Flutter Projects\GateKepeerApp-2-27-2023-main\android\\gradle\wrapper\gradle-wrapper.jar
PATH=C:\Program Files\Common Files\Oracle\Java\javapath;C:\WINDOWS\system32;C:\WINDOWS;C:\WINDOWS\System32\Wbem;C:\WINDOWS\System32\WindowsPowerShell\v1.0\;C:\WINDOWS\System32\OpenSSH\;C:\Program Files (x86)\Intel\Intel(R) Management Engine Components\DAL;C:\Program Files\Intel\Intel(R) Management Engine Components\DAL;D:\Downloads\xamp setup\php;C:\ProgramData\ComposerSetup\bin;C:\Users\wiz tech\AppData\Local\Microsoft\WindowsApps;D:\Downloads\flutter\bin;D:\Downloads\bin;D:\Downloads\visual studio\vscode\bin;D:\Downloads\Visual studio\bin;D:\Downloads\visual studio\visualcodesetup\bin;D:\Downloads\android-sdk\platform-tools;C:\Users\wiz tech\AppData\Local\Pub\Cache\bin;C:\Users\wiz tech\AppData\Local\Pub\Cache\bin;C:\Users\wiz tech\AppData\Roaming\Composer\vendor\bin;D:\Downloads\flutter\bin\mingit\cmd
USERNAME=Zarish
OS=Windows_NT
PROCESSOR_IDENTIFIER=Intel64 Family 6 Model 78 Stepping 3, GenuineIntel



---------------  S Y S T E M  ---------------

OS: Windows 10 , 64 bit Build 19041 (10.0.19041.2913)
OS uptime: 0 days 1:10 hours

CPU:total 4 (initial active 4) (2 cores per cpu, 2 threads per core) family 6 model 78 stepping 3 microcode 0xf0, cmov, cx8, fxsr, mmx, sse, sse2, sse3, ssse3, sse4.1, sse4.2, popcnt, avx, avx2, aes, clmul, erms, rtm, 3dnowpref, lzcnt, ht, tsc, tscinvbit, bmi1, bmi2, adx, fma

Memory: 4k page, system-wide physical 8072M (672M free)
TotalPageFile size 8072M (AvailPageFile size 4M)
current process WorkingSet (physical memory assigned to process): 243M, peak: 243M
current process commit charge ("private bytes"): 301M, peak: 302M

vm_info: OpenJDK 64-Bit Server VM (11.0.13+0-b1751.21-8125866) for windows-amd64 JRE (11.0.13+0-b1751.21-8125866), built on Feb  2 2022 03:00:22 by "builder" with MS VC++ 14.0 (VS2015)

END.
