#
# There is insufficient memory for the Java Runtime Environment to continue.
# Native memory allocation (malloc) failed to allocate 136656 bytes for Chunk::new
# Possible reasons:
#   The system is out of physical RAM or swap space
#   The process is running with CompressedOops enabled, and the Java Heap may be blocking the growth of the native heap
# Possible solutions:
#   Reduce memory load on the system
#   Increase physical memory or swap space
#   Check if swap backing store is full
#   Decrease Java heap size (-Xmx/-Xms)
#   Decrease number of Java threads
#   Decrease Java thread stack sizes (-Xss)
#   Set larger code cache with -XX:ReservedCodeCacheSize=
#   JVM is running with Unscaled Compressed Oops mode in which the Java heap is
#     placed in the first 4GB address space. The Java Heap base address is the
#     maximum limit for the native heap growth. Please use -XX:HeapBaseMinAddress
#     to set the Java Heap base and to place the Java Heap above 4GB virtual address.
# This output file may be truncated or incomplete.
#
#  Out of Memory Error (./src/hotspot/share/memory/arena.cpp:197), pid=4060, tid=8308
#
# JRE version: OpenJDK Runtime Environment (11.0.13) (build 11.0.13+0-b1751.21-8125866)
# Java VM: OpenJDK 64-Bit Server VM (11.0.13+0-b1751.21-8125866, mixed mode, tiered, compressed oops, g1 gc, windows-amd64)
# No core dump will be written. Minidumps are not enabled by default on client versions of Windows
#

---------------  S U M M A R Y ------------

Command Line: --add-opens=java.base/java.util=ALL-UNNAMED --add-opens=java.base/java.lang=ALL-UNNAMED --add-opens=java.base/java.lang.invoke=ALL-UNNAMED --add-opens=java.base/java.util=ALL-UNNAMED --add-opens=java.prefs/java.util.prefs=ALL-UNNAMED --add-opens=java.prefs/java.util.prefs=ALL-UNNAMED --add-opens=java.base/java.nio.charset=ALL-UNNAMED --add-opens=java.base/java.net=ALL-UNNAMED --add-opens=java.base/java.util.concurrent.atomic=ALL-UNNAMED -Xmx1536M -Dfile.encoding=windows-1252 -Duser.country=US -Duser.language=en -Duser.variant org.gradle.launcher.daemon.bootstrap.GradleDaemon 7.4

Host: Intel(R) Core(TM) i5-6300U CPU @ 2.40GHz, 4 cores, 7G,  Windows 10 , 64 bit Build 19041 (10.0.19041.2913)
Time: Wed May 31 22:44:40 2023 Pakistan Standard Time elapsed time: 79.507539 seconds (0d 0h 1m 19s)

---------------  T H R E A D  ---------------

Current thread (0x0000017af8a90000):  JavaThread "C2 CompilerThread0" daemon [_thread_in_native, id=8308, stack(0x00000018e9400000,0x00000018e9500000)]


Current CompileTask:
C2:  79507 12987       4       org.gradle.internal.logging.text.AbstractLineChoppingStyledTextOutput$1::execute (9 bytes)

Stack: [0x00000018e9400000,0x00000018e9500000]
Native frames: (J=compiled Java code, j=interpreted, Vv=VM code, C=native code)
V  [jvm.dll+0x6100fa]
V  [jvm.dll+0x747090]
V  [jvm.dll+0x7486ad]
V  [jvm.dll+0x748d83]
V  [jvm.dll+0x24ab48]
V  [jvm.dll+0xc04dc]
V  [jvm.dll+0xc0a0c]
V  [jvm.dll+0x35eb9d]
V  [jvm.dll+0x32b833]
V  [jvm.dll+0x32ad2a]
V  [jvm.dll+0x2032b2]
V  [jvm.dll+0x202437]
V  [jvm.dll+0x188e01]
V  [jvm.dll+0x21106b]
V  [jvm.dll+0x20f8c1]
V  [jvm.dll+0x70de0f]
V  [jvm.dll+0x706a75]
V  [jvm.dll+0x60ed66]
C  [ucrtbase.dll+0x21bb2]
C  [KERNEL32.DLL+0x17614]
C  [ntdll.dll+0x526a1]


---------------  P R O C E S S  ---------------

Threads class SMR info:
_java_thread_list=0x0000017a8f0f7f40, length=87, elements={
0x0000017aef16e000, 0x0000017af8a6a800, 0x0000017af8a6c800, 0x0000017af8a8a000,
0x0000017af8a8c000, 0x0000017af8a8d000, 0x0000017af8a90000, 0x0000017af8a9d800,
0x0000017af9434000, 0x0000017af9544800, 0x0000017afaa73800, 0x0000017afacc9800,
0x0000017afb7b5000, 0x0000017afc050800, 0x0000017afc6c0800, 0x0000017afc9ae800,
0x0000017afb1e8800, 0x0000017afb7b4800, 0x0000017afb3bc800, 0x0000017afba7b800,
0x0000017af975e000, 0x0000017af975b000, 0x0000017af975b800, 0x0000017af975d800,
0x0000017af975c800, 0x0000017af9758800, 0x0000017af975f000, 0x0000017af9759000,
0x0000017af975a000, 0x0000017afd520800, 0x0000017afd51f800, 0x0000017afd523000,
0x0000017afd524800, 0x0000017afd52b000, 0x0000017afd528800, 0x0000017afd529800,
0x0000017afd525800, 0x0000017afd52c000, 0x0000017afd52a000, 0x0000017afd528000,
0x0000017afd526000, 0x0000017afd52c800, 0x0000017afd527000, 0x0000017afd52d800,
0x0000017afb55b800, 0x0000017afb55d000, 0x0000017afb55f800, 0x0000017afb55a000,
0x0000017afb55b000, 0x0000017afb562000, 0x0000017afb55f000, 0x0000017afb55c800,
0x0000017afb563000, 0x0000017afb55e000, 0x0000017afb564000, 0x0000017afb561800,
0x0000017afb564800, 0x0000017afb565800, 0x0000017afb566000, 0x0000017afb560800,
0x0000017afb568800, 0x0000017afb567000, 0x0000017afb568000, 0x0000017af99df800,
0x0000017af99e0800, 0x0000017af99e2000, 0x0000017af99e1000, 0x0000017af99de000,
0x0000017af99df000, 0x0000017af99e3000, 0x0000017af99dd000, 0x0000017af99e8000,
0x0000017af99e6000, 0x0000017af99e9800, 0x0000017af99e5800, 0x0000017af99e7000,
0x0000017af99e8800, 0x0000017af99e3800, 0x0000017af99ea000, 0x0000017a93a0d000,
0x0000017a93a08000, 0x0000017a93a0b800, 0x0000017a93a09800, 0x0000017a93a0a800,
0x0000017a93a0e800, 0x0000017a93a0c000, 0x0000017a93a0d800
}

Java Threads: ( => current thread )
  0x0000017aef16e000 JavaThread "main" [_thread_blocked, id=10740, stack(0x00000018e8800000,0x00000018e8900000)]
  0x0000017af8a6a800 JavaThread "Reference Handler" daemon [_thread_blocked, id=12084, stack(0x00000018e8f00000,0x00000018e9000000)]
  0x0000017af8a6c800 JavaThread "Finalizer" daemon [_thread_blocked, id=7904, stack(0x00000018e9000000,0x00000018e9100000)]
  0x0000017af8a8a000 JavaThread "Signal Dispatcher" daemon [_thread_blocked, id=4208, stack(0x00000018e9100000,0x00000018e9200000)]
  0x0000017af8a8c000 JavaThread "Attach Listener" daemon [_thread_blocked, id=8696, stack(0x00000018e9200000,0x00000018e9300000)]
  0x0000017af8a8d000 JavaThread "Service Thread" daemon [_thread_blocked, id=4052, stack(0x00000018e9300000,0x00000018e9400000)]
=>0x0000017af8a90000 JavaThread "C2 CompilerThread0" daemon [_thread_in_native, id=8308, stack(0x00000018e9400000,0x00000018e9500000)]
  0x0000017af8a9d800 JavaThread "C1 CompilerThread0" daemon [_thread_blocked, id=1604, stack(0x00000018e9500000,0x00000018e9600000)]
  0x0000017af9434000 JavaThread "Sweeper thread" daemon [_thread_blocked, id=6572, stack(0x00000018e9600000,0x00000018e9700000)]
  0x0000017af9544800 JavaThread "Common-Cleaner" daemon [_thread_blocked, id=9328, stack(0x00000018e9700000,0x00000018e9800000)]
  0x0000017afaa73800 JavaThread "Daemon health stats" [_thread_blocked, id=9660, stack(0x00000018e9c00000,0x00000018e9d00000)]
  0x0000017afacc9800 JavaThread "Incoming local TCP Connector on port 60864" [_thread_in_native, id=11300, stack(0x00000018e9900000,0x00000018e9a00000)]
  0x0000017afb7b5000 JavaThread "Daemon periodic checks" [_thread_blocked, id=11280, stack(0x00000018e9e00000,0x00000018e9f00000)]
  0x0000017afc050800 JavaThread "Daemon" [_thread_blocked, id=2124, stack(0x00000018e9f00000,0x00000018ea000000)]
  0x0000017afc6c0800 JavaThread "Handler for socket connection from /127.0.0.1:60864 to /127.0.0.1:60865" [_thread_in_native, id=11676, stack(0x00000018ea000000,0x00000018ea100000)]
  0x0000017afc9ae800 JavaThread "Cancel handler" [_thread_blocked, id=5100, stack(0x00000018ea100000,0x00000018ea200000)]
  0x0000017afb1e8800 JavaThread "Daemon worker" [_thread_blocked, id=4108, stack(0x00000018ea200000,0x00000018ea300000)]
  0x0000017afb7b4800 JavaThread "Asynchronous log dispatcher for DefaultDaemonConnection: socket connection from /127.0.0.1:60864 to /127.0.0.1:60865" [_thread_blocked, id=6052, stack(0x00000018ea300000,0x00000018ea400000)]
  0x0000017afb3bc800 JavaThread "Stdin handler" [_thread_blocked, id=2256, stack(0x00000018ea400000,0x00000018ea500000)]
  0x0000017afba7b800 JavaThread "Daemon client event forwarder" [_thread_blocked, id=3200, stack(0x00000018ea500000,0x00000018ea600000)]
  0x0000017af975e000 JavaThread "Cache worker for journal cache (C:\Users\wiz tech\.gradle\caches\journal-1)" [_thread_blocked, id=4784, stack(0x00000018ea600000,0x00000018ea700000)]
  0x0000017af975b000 JavaThread "File lock request listener" [_thread_in_native, id=3872, stack(0x00000018ea700000,0x00000018ea800000)]
  0x0000017af975b800 JavaThread "Cache worker for file hash cache (C:\Users\wiz tech\.gradle\caches\7.4\fileHashes)" [_thread_blocked, id=12024, stack(0x00000018ea800000,0x00000018ea900000)]
  0x0000017af975d800 JavaThread "File watcher server" daemon [_thread_in_native, id=972, stack(0x00000018eaa00000,0x00000018eab00000)]
  0x0000017af975c800 JavaThread "File watcher consumer" daemon [_thread_blocked, id=12524, stack(0x00000018eab00000,0x00000018eac00000)]
  0x0000017af9758800 JavaThread "Cache worker for checksums cache (D:\Projects\Flutter Projects\GateKepeerApp-2-27-2023-main\android\.gradle\7.4\checksums)" [_thread_blocked, id=2848, stack(0x00000018eac00000,0x00000018ead00000)]
  0x0000017af975f000 JavaThread "Cache worker for cache directory md-rule (C:\Users\wiz tech\.gradle\caches\7.4\md-rule)" [_thread_blocked, id=3188, stack(0x00000018ead00000,0x00000018eae00000)]
  0x0000017af9759000 JavaThread "Cache worker for file hash cache (D:\Projects\Flutter Projects\GateKepeerApp-2-27-2023-main\android\.gradle\7.4\fileHashes)" [_thread_blocked, id=8400, stack(0x00000018eae00000,0x00000018eaf00000)]
  0x0000017af975a000 JavaThread "Cache worker for cache directory md-supplier (C:\Users\wiz tech\.gradle\caches\7.4\md-supplier)" [_thread_blocked, id=4796, stack(0x00000018eaf00000,0x00000018eb000000)]
  0x0000017afd520800 JavaThread "Cache worker for execution history cache (C:\Users\wiz tech\.gradle\caches\7.4\executionHistory)" [_thread_blocked, id=8916, stack(0x00000018eb000000,0x00000018eb100000)]
  0x0000017afd51f800 JavaThread "jar transforms" [_thread_blocked, id=6204, stack(0x00000018eb100000,0x00000018eb200000)]
  0x0000017afd523000 JavaThread "jar transforms Thread 2" [_thread_blocked, id=3392, stack(0x00000018eb200000,0x00000018eb300000)]
  0x0000017afd524800 JavaThread "Cache worker for file content cache (C:\Users\wiz tech\.gradle\caches\7.4\fileContent)" [_thread_blocked, id=1792, stack(0x00000018eb300000,0x00000018eb400000)]
  0x0000017afd52b000 JavaThread "jar transforms Thread 3" [_thread_blocked, id=11860, stack(0x00000018eb400000,0x00000018eb500000)]
  0x0000017afd528800 JavaThread "jar transforms Thread 4" [_thread_blocked, id=1264, stack(0x00000018eb500000,0x00000018eb600000)]
  0x0000017afd529800 JavaThread "Cache worker for dependencies-accessors (D:\Projects\Flutter Projects\GateKepeerApp-2-27-2023-main\android\.gradle\7.4\dependencies-accessors)" [_thread_blocked, id=6628, stack(0x00000018eb600000,0x00000018eb700000)]
  0x0000017afd525800 JavaThread "Cache worker for Build Output Cleanup Cache (D:\Projects\Flutter Projects\GateKepeerApp-2-27-2023-main\android\.gradle\buildOutputCleanup)" [_thread_blocked, id=5712, stack(0x00000018eb700000,0x00000018eb800000)]
  0x0000017afd52c000 JavaThread "Unconstrained build operations" [_thread_blocked, id=12636, stack(0x00000018ea900000,0x00000018eaa00000)]
  0x0000017afd52a000 JavaThread "Unconstrained build operations Thread 2" [_thread_blocked, id=10316, stack(0x00000018eb800000,0x00000018eb900000)]
  0x0000017afd528000 JavaThread "Unconstrained build operations Thread 3" [_thread_blocked, id=5292, stack(0x00000018eb900000,0x00000018eba00000)]
  0x0000017afd526000 JavaThread "Unconstrained build operations Thread 4" [_thread_blocked, id=11648, stack(0x00000018eba00000,0x00000018ebb00000)]
  0x0000017afd52c800 JavaThread "Unconstrained build operations Thread 5" [_thread_blocked, id=11572, stack(0x00000018ebb00000,0x00000018ebc00000)]
  0x0000017afd527000 JavaThread "Unconstrained build operations Thread 6" [_thread_blocked, id=4984, stack(0x00000018ebc00000,0x00000018ebd00000)]
  0x0000017afd52d800 JavaThread "Unconstrained build operations Thread 7" [_thread_blocked, id=3824, stack(0x00000018ebd00000,0x00000018ebe00000)]
  0x0000017afb55b800 JavaThread "Unconstrained build operations Thread 8" [_thread_blocked, id=10860, stack(0x00000018ebe00000,0x00000018ebf00000)]
  0x0000017afb55d000 JavaThread "Unconstrained build operations Thread 9" [_thread_blocked, id=5200, stack(0x00000018ebf00000,0x00000018ec000000)]
  0x0000017afb55f800 JavaThread "Unconstrained build operations Thread 10" [_thread_blocked, id=11668, stack(0x00000018ec000000,0x00000018ec100000)]
  0x0000017afb55a000 JavaThread "Unconstrained build operations Thread 11" [_thread_blocked, id=12952, stack(0x00000018ec100000,0x00000018ec200000)]
  0x0000017afb55b000 JavaThread "Unconstrained build operations Thread 12" [_thread_blocked, id=12796, stack(0x00000018ec200000,0x00000018ec300000)]
  0x0000017afb562000 JavaThread "Unconstrained build operations Thread 13" [_thread_blocked, id=9624, stack(0x00000018ec300000,0x00000018ec400000)]
  0x0000017afb55f000 JavaThread "Unconstrained build operations Thread 14" [_thread_blocked, id=1128, stack(0x00000018ec400000,0x00000018ec500000)]
  0x0000017afb55c800 JavaThread "Unconstrained build operations Thread 15" [_thread_blocked, id=2204, stack(0x00000018ec500000,0x00000018ec600000)]
  0x0000017afb563000 JavaThread "Unconstrained build operations Thread 16" [_thread_blocked, id=8740, stack(0x00000018ec600000,0x00000018ec700000)]
  0x0000017afb55e000 JavaThread "Unconstrained build operations Thread 17" [_thread_blocked, id=8092, stack(0x00000018ec700000,0x00000018ec800000)]
  0x0000017afb564000 JavaThread "Unconstrained build operations Thread 18" [_thread_blocked, id=6428, stack(0x00000018ec800000,0x00000018ec900000)]
  0x0000017afb561800 JavaThread "Unconstrained build operations Thread 19" [_thread_blocked, id=4236, stack(0x00000018ec900000,0x00000018eca00000)]
  0x0000017afb564800 JavaThread "Unconstrained build operations Thread 20" [_thread_blocked, id=9716, stack(0x00000018eca00000,0x00000018ecb00000)]
  0x0000017afb565800 JavaThread "Unconstrained build operations Thread 21" [_thread_blocked, id=1316, stack(0x00000018ecb00000,0x00000018ecc00000)]
  0x0000017afb566000 JavaThread "Unconstrained build operations Thread 22" [_thread_blocked, id=7548, stack(0x00000018ecc00000,0x00000018ecd00000)]
  0x0000017afb560800 JavaThread "Unconstrained build operations Thread 23" [_thread_blocked, id=2236, stack(0x00000018ecd00000,0x00000018ece00000)]
  0x0000017afb568800 JavaThread "Unconstrained build operations Thread 24" [_thread_blocked, id=9376, stack(0x00000018ece00000,0x00000018ecf00000)]
  0x0000017afb567000 JavaThread "Unconstrained build operations Thread 25" [_thread_blocked, id=13248, stack(0x00000018ecf00000,0x00000018ed000000)]
  0x0000017afb568000 JavaThread "Unconstrained build operations Thread 26" [_thread_blocked, id=10412, stack(0x00000018ed000000,0x00000018ed100000)]
  0x0000017af99df800 JavaThread "Unconstrained build operations Thread 27" [_thread_blocked, id=11180, stack(0x00000018ed100000,0x00000018ed200000)]
  0x0000017af99e0800 JavaThread "Unconstrained build operations Thread 28" [_thread_blocked, id=11912, stack(0x00000018ed200000,0x00000018ed300000)]
  0x0000017af99e2000 JavaThread "Unconstrained build operations Thread 29" [_thread_blocked, id=692, stack(0x00000018ed300000,0x00000018ed400000)]
  0x0000017af99e1000 JavaThread "Unconstrained build operations Thread 30" [_thread_blocked, id=12500, stack(0x00000018ed400000,0x00000018ed500000)]
  0x0000017af99de000 JavaThread "Unconstrained build operations Thread 31" [_thread_blocked, id=13056, stack(0x00000018ed500000,0x00000018ed600000)]
  0x0000017af99df000 JavaThread "Unconstrained build operations Thread 32" [_thread_blocked, id=1392, stack(0x00000018ed600000,0x00000018ed700000)]
  0x0000017af99e3000 JavaThread "Unconstrained build operations Thread 33" [_thread_blocked, id=7936, stack(0x00000018ed700000,0x00000018ed800000)]
  0x0000017af99dd000 JavaThread "Unconstrained build operations Thread 34" [_thread_blocked, id=7112, stack(0x00000018ed800000,0x00000018ed900000)]
  0x0000017af99e8000 JavaThread "Unconstrained build operations Thread 35" [_thread_blocked, id=4676, stack(0x00000018ed900000,0x00000018eda00000)]
  0x0000017af99e6000 JavaThread "Unconstrained build operations Thread 36" [_thread_blocked, id=10572, stack(0x00000018eda00000,0x00000018edb00000)]
  0x0000017af99e9800 JavaThread "Unconstrained build operations Thread 37" [_thread_blocked, id=9632, stack(0x00000018edb00000,0x00000018edc00000)]
  0x0000017af99e5800 JavaThread "Unconstrained build operations Thread 38" [_thread_blocked, id=7036, stack(0x00000018edc00000,0x00000018edd00000)]
  0x0000017af99e7000 JavaThread "Unconstrained build operations Thread 39" [_thread_blocked, id=8608, stack(0x00000018edd00000,0x00000018ede00000)]
  0x0000017af99e8800 JavaThread "Unconstrained build operations Thread 40" [_thread_blocked, id=5216, stack(0x00000018ede00000,0x00000018edf00000)]
  0x0000017af99e3800 JavaThread "Memory manager" [_thread_blocked, id=1056, stack(0x00000018ee000000,0x00000018ee100000)]
  0x0000017af99ea000 JavaThread "Cache worker for kotlin-dsl (C:\Users\wiz tech\.gradle\caches\7.4\kotlin-dsl)" [_thread_blocked, id=5068, stack(0x00000018edf00000,0x00000018ee000000)]
  0x0000017a93a0d000 JavaThread "included builds" [_thread_blocked, id=5092, stack(0x00000018e8500000,0x00000018e8600000)]
  0x0000017a93a08000 JavaThread "Execution worker for ':'" [_thread_blocked, id=1684, stack(0x00000018e8600000,0x00000018e8700000)]
  0x0000017a93a0b800 JavaThread "Execution worker for ':' Thread 2" [_thread_blocked, id=6784, stack(0x00000018e8700000,0x00000018e8800000)]
  0x0000017a93a09800 JavaThread "Execution worker for ':' Thread 3" [_thread_blocked, id=1008, stack(0x00000018ee300000,0x00000018ee400000)]
  0x0000017a93a0a800 JavaThread "Cache worker for execution history cache (D:\Projects\Flutter Projects\GateKepeerApp-2-27-2023-main\android\.gradle\7.4\executionHistory)" [_thread_blocked, id=9364, stack(0x00000018ee400000,0x00000018ee500000)]
  0x0000017a93a0e800 JavaThread "Exec process" [_thread_in_native, id=996, stack(0x00000018ee500000,0x00000018ee600000)]
  0x0000017a93a0c000 JavaThread "Exec process Thread 2" [_thread_in_native, id=13336, stack(0x00000018ee600000,0x00000018ee700000)]
  0x0000017a93a0d800 JavaThread "Exec process Thread 3" [_thread_in_native, id=13340, stack(0x00000018ee700000,0x00000018ee800000)]

Other Threads:
  0x0000017af8a48000 VMThread "VM Thread" [stack: 0x00000018e8e00000,0x00000018e8f00000] [id=4820]
  0x0000017af957f000 WatcherThread [stack: 0x00000018e9800000,0x00000018e9900000] [id=12996]
  0x0000017aef187800 GCTaskThread "GC Thread#0" [stack: 0x00000018e8900000,0x00000018e8a00000] [id=1620]
  0x0000017af96e2800 GCTaskThread "GC Thread#1" [stack: 0x00000018e9a00000,0x00000018e9b00000] [id=828]
  0x0000017af9817000 GCTaskThread "GC Thread#2" [stack: 0x00000018e9b00000,0x00000018e9c00000] [id=4288]
  0x0000017afb2b9800 GCTaskThread "GC Thread#3" [stack: 0x00000018e9d00000,0x00000018e9e00000] [id=13136]
  0x0000017aef1ae000 ConcurrentGCThread "G1 Main Marker" [stack: 0x00000018e8a00000,0x00000018e8b00000] [id=1820]
  0x0000017aef1af000 ConcurrentGCThread "G1 Conc#0" [stack: 0x00000018e8b00000,0x00000018e8c00000] [id=8172]
  0x0000017aef240800 ConcurrentGCThread "G1 Refine#0" [stack: 0x00000018e8c00000,0x00000018e8d00000] [id=2856]
  0x0000017aef241800 ConcurrentGCThread "G1 Young RemSet Sampling" [stack: 0x00000018e8d00000,0x00000018e8e00000] [id=8048]

Threads with active compile tasks:
C2 CompilerThread0  79571 12987       4       org.gradle.internal.logging.text.AbstractLineChoppingStyledTextOutput$1::execute (9 bytes)

VM state:not at safepoint (normal execution)

VM Mutex/Monitor currently owned by a thread: None

Heap address: 0x00000000a0000000, size: 1536 MB, Compressed Oops mode: 32-bit
Narrow klass base: 0x0000000000000000, Narrow klass shift: 3
Compressed class space size: 1073741824 Address: 0x0000000100000000

Heap:
 garbage-first heap   total 227328K, used 158567K [0x00000000a0000000, 0x0000000100000000)
  region size 1024K, 4 young (4096K), 3 survivors (3072K)
 Metaspace       used 97799K, capacity 101964K, committed 102096K, reserved 1136640K
  class space    used 12767K, capacity 14080K, committed 14112K, reserved 1048576K
Heap Regions: E=young(eden), S=young(survivor), O=old, HS=humongous(starts), HC=humongous(continues), CS=collection set, F=free, A=archive, TAMS=top-at-mark-start (previous, next)
|   0|0x00000000a0000000, 0x00000000a0100000, 0x00000000a0100000|100%|HS|  |TAMS 0x00000000a0100000, 0x00000000a0000000| Complete 
|   1|0x00000000a0100000, 0x00000000a0200000, 0x00000000a0200000|100%|HC|  |TAMS 0x00000000a0200000, 0x00000000a0100000| Complete 
|   2|0x00000000a0200000, 0x00000000a0300000, 0x00000000a0300000|100%|HC|  |TAMS 0x00000000a0300000, 0x00000000a0200000| Complete 
|   3|0x00000000a0300000, 0x00000000a0400000, 0x00000000a0400000|100%| O|  |TAMS 0x00000000a0400000, 0x00000000a0300000| Untracked 
|   4|0x00000000a0400000, 0x00000000a0500000, 0x00000000a0500000|100%| O|  |TAMS 0x00000000a0500000, 0x00000000a0400000| Untracked 
|   5|0x00000000a0500000, 0x00000000a0600000, 0x00000000a0600000|100%| O|  |TAMS 0x00000000a0600000, 0x00000000a0500000| Untracked 
|   6|0x00000000a0600000, 0x00000000a0700000, 0x00000000a0700000|100%| O|  |TAMS 0x00000000a0700000, 0x00000000a0600000| Untracked 
|   7|0x00000000a0700000, 0x00000000a0800000, 0x00000000a0800000|100%| O|  |TAMS 0x00000000a0800000, 0x00000000a0700000| Untracked 
|   8|0x00000000a0800000, 0x00000000a0900000, 0x00000000a0900000|100%| O|  |TAMS 0x00000000a0900000, 0x00000000a0800000| Untracked 
|   9|0x00000000a0900000, 0x00000000a0a00000, 0x00000000a0a00000|100%| O|  |TAMS 0x00000000a0a00000, 0x00000000a0900000| Untracked 
|  10|0x00000000a0a00000, 0x00000000a0b00000, 0x00000000a0b00000|100%| O|  |TAMS 0x00000000a0b00000, 0x00000000a0a00000| Untracked 
|  11|0x00000000a0b00000, 0x00000000a0c00000, 0x00000000a0c00000|100%| O|  |TAMS 0x00000000a0c00000, 0x00000000a0b00000| Untracked 
|  12|0x00000000a0c00000, 0x00000000a0d00000, 0x00000000a0d00000|100%| O|  |TAMS 0x00000000a0d00000, 0x00000000a0c00000| Untracked 
|  13|0x00000000a0d00000, 0x00000000a0e00000, 0x00000000a0e00000|100%| O|  |TAMS 0x00000000a0e00000, 0x00000000a0d00000| Untracked 
|  14|0x00000000a0e00000, 0x00000000a0f00000, 0x00000000a0f00000|100%| O|  |TAMS 0x00000000a0f00000, 0x00000000a0e00000| Untracked 
|  15|0x00000000a0f00000, 0x00000000a1000000, 0x00000000a1000000|100%| O|  |TAMS 0x00000000a1000000, 0x00000000a0f00000| Untracked 
|  16|0x00000000a1000000, 0x00000000a1100000, 0x00000000a1100000|100%| O|  |TAMS 0x00000000a1100000, 0x00000000a1000000| Untracked 
|  17|0x00000000a1100000, 0x00000000a1200000, 0x00000000a1200000|100%| O|  |TAMS 0x00000000a1200000, 0x00000000a1100000| Untracked 
|  18|0x00000000a1200000, 0x00000000a1300000, 0x00000000a1300000|100%| O|  |TAMS 0x00000000a1300000, 0x00000000a1200000| Untracked 
|  19|0x00000000a1300000, 0x00000000a1400000, 0x00000000a1400000|100%| O|  |TAMS 0x00000000a1400000, 0x00000000a1300000| Untracked 
|  20|0x00000000a1400000, 0x00000000a1500000, 0x00000000a1500000|100%| O|  |TAMS 0x00000000a1500000, 0x00000000a1400000| Untracked 
|  21|0x00000000a1500000, 0x00000000a1600000, 0x00000000a1600000|100%| O|  |TAMS 0x00000000a1600000, 0x00000000a1500000| Untracked 
|  22|0x00000000a1600000, 0x00000000a1700000, 0x00000000a1700000|100%| O|  |TAMS 0x00000000a1700000, 0x00000000a1600000| Untracked 
|  23|0x00000000a1700000, 0x00000000a1800000, 0x00000000a1800000|100%| O|  |TAMS 0x00000000a1800000, 0x00000000a1700000| Untracked 
|  24|0x00000000a1800000, 0x00000000a1900000, 0x00000000a1900000|100%| O|  |TAMS 0x00000000a1900000, 0x00000000a1800000| Untracked 
|  25|0x00000000a1900000, 0x00000000a1a00000, 0x00000000a1a00000|100%| O|  |TAMS 0x00000000a1a00000, 0x00000000a1900000| Untracked 
|  26|0x00000000a1a00000, 0x00000000a1b00000, 0x00000000a1b00000|100%| O|  |TAMS 0x00000000a1b00000, 0x00000000a1a00000| Untracked 
|  27|0x00000000a1b00000, 0x00000000a1c00000, 0x00000000a1c00000|100%| O|  |TAMS 0x00000000a1c00000, 0x00000000a1b00000| Untracked 
|  28|0x00000000a1c00000, 0x00000000a1d00000, 0x00000000a1d00000|100%|HS|  |TAMS 0x00000000a1d00000, 0x00000000a1c00000| Complete 
|  29|0x00000000a1d00000, 0x00000000a1e00000, 0x00000000a1e00000|100%|HS|  |TAMS 0x00000000a1e00000, 0x00000000a1d00000| Complete 
|  30|0x00000000a1e00000, 0x00000000a1f00000, 0x00000000a1f00000|100%|HC|  |TAMS 0x00000000a1f00000, 0x00000000a1e00000| Complete 
|  31|0x00000000a1f00000, 0x00000000a2000000, 0x00000000a2000000|100%|HS|  |TAMS 0x00000000a2000000, 0x00000000a1f00000| Complete 
|  32|0x00000000a2000000, 0x00000000a2100000, 0x00000000a2100000|100%|HS|  |TAMS 0x00000000a2100000, 0x00000000a2000000| Complete 
|  33|0x00000000a2100000, 0x00000000a2200000, 0x00000000a2200000|100%|HS|  |TAMS 0x00000000a2200000, 0x00000000a2100000| Complete 
|  34|0x00000000a2200000, 0x00000000a2300000, 0x00000000a2300000|100%|HC|  |TAMS 0x00000000a2300000, 0x00000000a2200000| Complete 
|  35|0x00000000a2300000, 0x00000000a2400000, 0x00000000a2400000|100%|HC|  |TAMS 0x00000000a2400000, 0x00000000a2300000| Complete 
|  36|0x00000000a2400000, 0x00000000a2500000, 0x00000000a2500000|100%|HC|  |TAMS 0x00000000a2500000, 0x00000000a2400000| Complete 
|  37|0x00000000a2500000, 0x00000000a2600000, 0x00000000a2600000|100%|HS|  |TAMS 0x00000000a2600000, 0x00000000a2500000| Complete 
|  38|0x00000000a2600000, 0x00000000a2700000, 0x00000000a2700000|100%|HC|  |TAMS 0x00000000a2700000, 0x00000000a2600000| Complete 
|  39|0x00000000a2700000, 0x00000000a2800000, 0x00000000a2800000|100%| O|  |TAMS 0x00000000a2800000, 0x00000000a2700000| Untracked 
|  40|0x00000000a2800000, 0x00000000a2900000, 0x00000000a2900000|100%| O|  |TAMS 0x00000000a2900000, 0x00000000a2800000| Untracked 
|  41|0x00000000a2900000, 0x00000000a2a00000, 0x00000000a2a00000|100%| O|  |TAMS 0x00000000a2a00000, 0x00000000a2900000| Untracked 
|  42|0x00000000a2a00000, 0x00000000a2b00000, 0x00000000a2b00000|100%| O|  |TAMS 0x00000000a2b00000, 0x00000000a2a00000| Untracked 
|  43|0x00000000a2b00000, 0x00000000a2c00000, 0x00000000a2c00000|100%| O|  |TAMS 0x00000000a2c00000, 0x00000000a2b00000| Untracked 
|  44|0x00000000a2c00000, 0x00000000a2d00000, 0x00000000a2d00000|100%| O|  |TAMS 0x00000000a2d00000, 0x00000000a2c00000| Untracked 
|  45|0x00000000a2d00000, 0x00000000a2e00000, 0x00000000a2e00000|100%| O|  |TAMS 0x00000000a2e00000, 0x00000000a2d00000| Untracked 
|  46|0x00000000a2e00000, 0x00000000a2f00000, 0x00000000a2f00000|100%| O|  |TAMS 0x00000000a2f00000, 0x00000000a2e00000| Untracked 
|  47|0x00000000a2f00000, 0x00000000a3000000, 0x00000000a3000000|100%| O|  |TAMS 0x00000000a3000000, 0x00000000a2f00000| Untracked 
|  48|0x00000000a3000000, 0x00000000a3100000, 0x00000000a3100000|100%| O|  |TAMS 0x00000000a3100000, 0x00000000a3000000| Untracked 
|  49|0x00000000a3100000, 0x00000000a3200000, 0x00000000a3200000|100%| O|  |TAMS 0x00000000a3200000, 0x00000000a3100000| Untracked 
|  50|0x00000000a3200000, 0x00000000a3300000, 0x00000000a3300000|100%| O|  |TAMS 0x00000000a3300000, 0x00000000a3200000| Untracked 
|  51|0x00000000a3300000, 0x00000000a3400000, 0x00000000a3400000|100%| O|  |TAMS 0x00000000a3400000, 0x00000000a3300000| Untracked 
|  52|0x00000000a3400000, 0x00000000a3500000, 0x00000000a3500000|100%| O|  |TAMS 0x00000000a3500000, 0x00000000a3400000| Untracked 
|  53|0x00000000a3500000, 0x00000000a3600000, 0x00000000a3600000|100%| O|  |TAMS 0x00000000a3600000, 0x00000000a3500000| Untracked 
|  54|0x00000000a3600000, 0x00000000a3700000, 0x00000000a3700000|100%| O|  |TAMS 0x00000000a3700000, 0x00000000a3600000| Untracked 
|  55|0x00000000a3700000, 0x00000000a3800000, 0x00000000a3800000|100%| O|  |TAMS 0x00000000a3800000, 0x00000000a3700000| Untracked 
|  56|0x00000000a3800000, 0x00000000a3900000, 0x00000000a3900000|100%| O|  |TAMS 0x00000000a3900000, 0x00000000a3800000| Untracked 
|  57|0x00000000a3900000, 0x00000000a3a00000, 0x00000000a3a00000|100%| O|  |TAMS 0x00000000a3a00000, 0x00000000a3900000| Untracked 
|  58|0x00000000a3a00000, 0x00000000a3b00000, 0x00000000a3b00000|100%| O|  |TAMS 0x00000000a3b00000, 0x00000000a3a00000| Untracked 
|  59|0x00000000a3b00000, 0x00000000a3c00000, 0x00000000a3c00000|100%| O|  |TAMS 0x00000000a3c00000, 0x00000000a3b00000| Untracked 
|  60|0x00000000a3c00000, 0x00000000a3d00000, 0x00000000a3d00000|100%|HS|  |TAMS 0x00000000a3d00000, 0x00000000a3c00000| Complete 
|  61|0x00000000a3d00000, 0x00000000a3e00000, 0x00000000a3e00000|100%| O|  |TAMS 0x00000000a3e00000, 0x00000000a3d00000| Untracked 
|  62|0x00000000a3e00000, 0x00000000a3f00000, 0x00000000a3f00000|100%| O|  |TAMS 0x00000000a3f00000, 0x00000000a3e00000| Untracked 
|  63|0x00000000a3f00000, 0x00000000a4000000, 0x00000000a4000000|100%| O|  |TAMS 0x00000000a4000000, 0x00000000a3f00000| Untracked 
|  64|0x00000000a4000000, 0x00000000a4100000, 0x00000000a4100000|100%|HS|  |TAMS 0x00000000a4100000, 0x00000000a4000000| Complete 
|  65|0x00000000a4100000, 0x00000000a4200000, 0x00000000a4200000|100%| O|  |TAMS 0x00000000a4200000, 0x00000000a4100000| Untracked 
|  66|0x00000000a4200000, 0x00000000a4300000, 0x00000000a4300000|100%| O|  |TAMS 0x00000000a4300000, 0x00000000a4200000| Untracked 
|  67|0x00000000a4300000, 0x00000000a4400000, 0x00000000a4400000|100%| O|  |TAMS 0x00000000a4400000, 0x00000000a4300000| Untracked 
|  68|0x00000000a4400000, 0x00000000a4500000, 0x00000000a4500000|100%| O|  |TAMS 0x00000000a4500000, 0x00000000a4400000| Untracked 
|  69|0x00000000a4500000, 0x00000000a4600000, 0x00000000a4600000|100%| O|  |TAMS 0x00000000a4600000, 0x00000000a4500000| Untracked 
|  70|0x00000000a4600000, 0x00000000a4700000, 0x00000000a4700000|100%| O|  |TAMS 0x00000000a4700000, 0x00000000a4600000| Untracked 
|  71|0x00000000a4700000, 0x00000000a4800000, 0x00000000a4800000|100%| O|  |TAMS 0x00000000a4800000, 0x00000000a4700000| Untracked 
|  72|0x00000000a4800000, 0x00000000a4900000, 0x00000000a4900000|100%| O|  |TAMS 0x00000000a4900000, 0x00000000a4800000| Untracked 
|  73|0x00000000a4900000, 0x00000000a4a00000, 0x00000000a4a00000|100%| O|  |TAMS 0x00000000a4a00000, 0x00000000a4900000| Untracked 
|  74|0x00000000a4a00000, 0x00000000a4b00000, 0x00000000a4b00000|100%| O|  |TAMS 0x00000000a4b00000, 0x00000000a4a00000| Untracked 
|  75|0x00000000a4b00000, 0x00000000a4c00000, 0x00000000a4c00000|100%| O|  |TAMS 0x00000000a4c00000, 0x00000000a4b00000| Untracked 
|  76|0x00000000a4c00000, 0x00000000a4d00000, 0x00000000a4d00000|100%| O|  |TAMS 0x00000000a4d00000, 0x00000000a4c00000| Untracked 
|  77|0x00000000a4d00000, 0x00000000a4e00000, 0x00000000a4e00000|100%| O|  |TAMS 0x00000000a4e00000, 0x00000000a4d00000| Untracked 
|  78|0x00000000a4e00000, 0x00000000a4f00000, 0x00000000a4f00000|100%| O|  |TAMS 0x00000000a4f00000, 0x00000000a4e00000| Untracked 
|  79|0x00000000a4f00000, 0x00000000a5000000, 0x00000000a5000000|100%| O|  |TAMS 0x00000000a5000000, 0x00000000a4f00000| Untracked 
|  80|0x00000000a5000000, 0x00000000a5100000, 0x00000000a5100000|100%| O|  |TAMS 0x00000000a5100000, 0x00000000a5000000| Untracked 
|  81|0x00000000a5100000, 0x00000000a5200000, 0x00000000a5200000|100%| O|  |TAMS 0x00000000a5200000, 0x00000000a5100000| Untracked 
|  82|0x00000000a5200000, 0x00000000a5300000, 0x00000000a5300000|100%| O|  |TAMS 0x00000000a5300000, 0x00000000a5200000| Untracked 
|  83|0x00000000a5300000, 0x00000000a5400000, 0x00000000a5400000|100%|HS|  |TAMS 0x00000000a5400000, 0x00000000a5300000| Complete 
|  84|0x00000000a5400000, 0x00000000a5500000, 0x00000000a5500000|100%| O|  |TAMS 0x00000000a5500000, 0x00000000a5400000| Untracked 
|  85|0x00000000a5500000, 0x00000000a5600000, 0x00000000a5600000|100%| O|  |TAMS 0x00000000a5600000, 0x00000000a5500000| Untracked 
|  86|0x00000000a5600000, 0x00000000a5700000, 0x00000000a5700000|100%| O|  |TAMS 0x00000000a5700000, 0x00000000a5600000| Untracked 
|  87|0x00000000a5700000, 0x00000000a5800000, 0x00000000a5800000|100%|HS|  |TAMS 0x00000000a5800000, 0x00000000a5700000| Complete 
|  88|0x00000000a5800000, 0x00000000a5900000, 0x00000000a5900000|100%| O|  |TAMS 0x00000000a5900000, 0x00000000a5800000| Untracked 
|  89|0x00000000a5900000, 0x00000000a5a00000, 0x00000000a5a00000|100%| O|  |TAMS 0x00000000a5a00000, 0x00000000a5900000| Untracked 
|  90|0x00000000a5a00000, 0x00000000a5b00000, 0x00000000a5b00000|100%| O|  |TAMS 0x00000000a5b00000, 0x00000000a5a00000| Untracked 
|  91|0x00000000a5b00000, 0x00000000a5c00000, 0x00000000a5c00000|100%| O|  |TAMS 0x00000000a5c00000, 0x00000000a5b00000| Untracked 
|  92|0x00000000a5c00000, 0x00000000a5d00000, 0x00000000a5d00000|100%| O|  |TAMS 0x00000000a5d00000, 0x00000000a5c00000| Untracked 
|  93|0x00000000a5d00000, 0x00000000a5e00000, 0x00000000a5e00000|100%| O|  |TAMS 0x00000000a5e00000, 0x00000000a5d00000| Untracked 
|  94|0x00000000a5e00000, 0x00000000a5f00000, 0x00000000a5f00000|100%|HS|  |TAMS 0x00000000a5f00000, 0x00000000a5e00000| Complete 
|  95|0x00000000a5f00000, 0x00000000a6000000, 0x00000000a6000000|100%|HS|  |TAMS 0x00000000a6000000, 0x00000000a5f00000| Complete 
|  96|0x00000000a6000000, 0x00000000a6100000, 0x00000000a6100000|100%| O|  |TAMS 0x00000000a6100000, 0x00000000a6000000| Untracked 
|  97|0x00000000a6100000, 0x00000000a6200000, 0x00000000a6200000|100%| O|  |TAMS 0x00000000a6200000, 0x00000000a6100000| Untracked 
|  98|0x00000000a6200000, 0x00000000a6300000, 0x00000000a6300000|100%| O|  |TAMS 0x00000000a6300000, 0x00000000a6200000| Untracked 
|  99|0x00000000a6300000, 0x00000000a6400000, 0x00000000a6400000|100%| O|  |TAMS 0x00000000a6400000, 0x00000000a6300000| Untracked 
| 100|0x00000000a6400000, 0x00000000a6500000, 0x00000000a6500000|100%| O|  |TAMS 0x00000000a6500000, 0x00000000a6400000| Untracked 
| 101|0x00000000a6500000, 0x00000000a6600000, 0x00000000a6600000|100%| O|  |TAMS 0x00000000a6600000, 0x00000000a6500000| Untracked 
| 102|0x00000000a6600000, 0x00000000a6700000, 0x00000000a6700000|100%| O|  |TAMS 0x00000000a6700000, 0x00000000a6600000| Untracked 
| 103|0x00000000a6700000, 0x00000000a6800000, 0x00000000a6800000|100%| O|  |TAMS 0x00000000a6800000, 0x00000000a6700000| Untracked 
| 104|0x00000000a6800000, 0x00000000a6900000, 0x00000000a6900000|100%|HS|  |TAMS 0x00000000a6900000, 0x00000000a6800000| Complete 
| 105|0x00000000a6900000, 0x00000000a6a00000, 0x00000000a6a00000|100%|HS|  |TAMS 0x00000000a6a00000, 0x00000000a6900000| Complete 
| 106|0x00000000a6a00000, 0x00000000a6b00000, 0x00000000a6b00000|100%| O|  |TAMS 0x00000000a6b00000, 0x00000000a6a00000| Untracked 
| 107|0x00000000a6b00000, 0x00000000a6c00000, 0x00000000a6c00000|100%| O|  |TAMS 0x00000000a6c00000, 0x00000000a6b00000| Untracked 
| 108|0x00000000a6c00000, 0x00000000a6d00000, 0x00000000a6d00000|100%| O|  |TAMS 0x00000000a6d00000, 0x00000000a6c00000| Untracked 
| 109|0x00000000a6d00000, 0x00000000a6e00000, 0x00000000a6e00000|100%| O|  |TAMS 0x00000000a6e00000, 0x00000000a6d00000| Untracked 
| 110|0x00000000a6e00000, 0x00000000a6f00000, 0x00000000a6f00000|100%| O|  |TAMS 0x00000000a6f00000, 0x00000000a6e00000| Untracked 
| 111|0x00000000a6f00000, 0x00000000a7000000, 0x00000000a7000000|100%| O|  |TAMS 0x00000000a7000000, 0x00000000a6f00000| Untracked 
| 112|0x00000000a7000000, 0x00000000a7100000, 0x00000000a7100000|100%| O|  |TAMS 0x00000000a7100000, 0x00000000a7000000| Untracked 
| 113|0x00000000a7100000, 0x00000000a7200000, 0x00000000a7200000|100%| O|  |TAMS 0x00000000a7200000, 0x00000000a7100000| Untracked 
| 114|0x00000000a7200000, 0x00000000a7300000, 0x00000000a7300000|100%| O|  |TAMS 0x00000000a7300000, 0x00000000a7200000| Untracked 
| 115|0x00000000a7300000, 0x00000000a7400000, 0x00000000a7400000|100%| O|  |TAMS 0x00000000a7400000, 0x00000000a7300000| Untracked 
| 116|0x00000000a7400000, 0x00000000a7500000, 0x00000000a7500000|100%| O|  |TAMS 0x00000000a7500000, 0x00000000a7400000| Untracked 
| 117|0x00000000a7500000, 0x00000000a7600000, 0x00000000a7600000|100%| O|  |TAMS 0x00000000a7600000, 0x00000000a7500000| Untracked 
| 118|0x00000000a7600000, 0x00000000a7700000, 0x00000000a7700000|100%| O|  |TAMS 0x00000000a7700000, 0x00000000a7600000| Untracked 
| 119|0x00000000a7700000, 0x00000000a7800000, 0x00000000a7800000|100%| O|  |TAMS 0x00000000a7800000, 0x00000000a7700000| Untracked 
| 120|0x00000000a7800000, 0x00000000a7900000, 0x00000000a7900000|100%| O|  |TAMS 0x00000000a7900000, 0x00000000a7800000| Untracked 
| 121|0x00000000a7900000, 0x00000000a7a00000, 0x00000000a7a00000|100%| O|  |TAMS 0x00000000a7a00000, 0x00000000a7900000| Untracked 
| 122|0x00000000a7a00000, 0x00000000a7b00000, 0x00000000a7b00000|100%| O|  |TAMS 0x00000000a7b00000, 0x00000000a7a00000| Untracked 
| 123|0x00000000a7b00000, 0x00000000a7c00000, 0x00000000a7c00000|100%| O|  |TAMS 0x00000000a7c00000, 0x00000000a7b00000| Untracked 
| 124|0x00000000a7c00000, 0x00000000a7d00000, 0x00000000a7d00000|100%| O|  |TAMS 0x00000000a7d00000, 0x00000000a7c00000| Untracked 
| 125|0x00000000a7d00000, 0x00000000a7e00000, 0x00000000a7e00000|100%| O|  |TAMS 0x00000000a7e00000, 0x00000000a7d00000| Untracked 
| 126|0x00000000a7e00000, 0x00000000a7f00000, 0x00000000a7f00000|100%| O|  |TAMS 0x00000000a7f00000, 0x00000000a7e00000| Untracked 
| 127|0x00000000a7f00000, 0x00000000a8000000, 0x00000000a8000000|100%| O|  |TAMS 0x00000000a8000000, 0x00000000a7f00000| Untracked 
| 128|0x00000000a8000000, 0x00000000a8100000, 0x00000000a8100000|100%| O|  |TAMS 0x00000000a8100000, 0x00000000a8000000| Untracked 
| 129|0x00000000a8100000, 0x00000000a8200000, 0x00000000a8200000|100%| O|  |TAMS 0x00000000a8200000, 0x00000000a8100000| Untracked 
| 130|0x00000000a8200000, 0x00000000a8300000, 0x00000000a8300000|100%| O|  |TAMS 0x00000000a8300000, 0x00000000a8200000| Untracked 
| 131|0x00000000a8300000, 0x00000000a8400000, 0x00000000a8400000|100%| O|  |TAMS 0x00000000a8400000, 0x00000000a8300000| Untracked 
| 132|0x00000000a8400000, 0x00000000a8500000, 0x00000000a8500000|100%| O|  |TAMS 0x00000000a8500000, 0x00000000a8400000| Untracked 
| 133|0x00000000a8500000, 0x00000000a8600000, 0x00000000a8600000|100%| O|  |TAMS 0x00000000a8600000, 0x00000000a8500000| Untracked 
| 134|0x00000000a8600000, 0x00000000a8700000, 0x00000000a8700000|100%| O|  |TAMS 0x00000000a8700000, 0x00000000a8600000| Untracked 
| 135|0x00000000a8700000, 0x00000000a8800000, 0x00000000a8800000|100%| O|  |TAMS 0x00000000a8800000, 0x00000000a8700000| Untracked 
| 136|0x00000000a8800000, 0x00000000a8900000, 0x00000000a8900000|100%| O|  |TAMS 0x00000000a8900000, 0x00000000a8800000| Untracked 
| 137|0x00000000a8900000, 0x00000000a8a00000, 0x00000000a8a00000|100%| O|  |TAMS 0x00000000a8a00000, 0x00000000a8900000| Untracked 
| 138|0x00000000a8a00000, 0x00000000a8b00000, 0x00000000a8b00000|100%| O|  |TAMS 0x00000000a8b00000, 0x00000000a8a00000| Untracked 
| 139|0x00000000a8b00000, 0x00000000a8c00000, 0x00000000a8c00000|100%| O|  |TAMS 0x00000000a8c00000, 0x00000000a8b00000| Untracked 
| 140|0x00000000a8c00000, 0x00000000a8d00000, 0x00000000a8d00000|100%| O|  |TAMS 0x00000000a8d00000, 0x00000000a8c00000| Untracked 
| 141|0x00000000a8d00000, 0x00000000a8e00000, 0x00000000a8e00000|100%| O|  |TAMS 0x00000000a8e00000, 0x00000000a8d00000| Untracked 
| 142|0x00000000a8e00000, 0x00000000a8f00000, 0x00000000a8f00000|100%| O|  |TAMS 0x00000000a8f00000, 0x00000000a8e00000| Untracked 
| 143|0x00000000a8f00000, 0x00000000a9000000, 0x00000000a9000000|100%| O|  |TAMS 0x00000000a9000000, 0x00000000a8f00000| Untracked 
| 144|0x00000000a9000000, 0x00000000a9100000, 0x00000000a9100000|100%| O|  |TAMS 0x00000000a9100000, 0x00000000a9000000| Untracked 
| 145|0x00000000a9100000, 0x00000000a9200000, 0x00000000a9200000|100%| O|  |TAMS 0x00000000a9200000, 0x00000000a9100000| Untracked 
| 146|0x00000000a9200000, 0x00000000a9300000, 0x00000000a9300000|100%| O|  |TAMS 0x00000000a9300000, 0x00000000a9200000| Untracked 
| 147|0x00000000a9300000, 0x00000000a9400000, 0x00000000a9400000|100%| O|  |TAMS 0x00000000a9400000, 0x00000000a9300000| Untracked 
| 148|0x00000000a9400000, 0x00000000a9500000, 0x00000000a9500000|100%| O|  |TAMS 0x00000000a9500000, 0x00000000a9400000| Untracked 
| 149|0x00000000a9500000, 0x00000000a9600000, 0x00000000a9600000|100%| O|  |TAMS 0x00000000a9600000, 0x00000000a9500000| Untracked 
| 150|0x00000000a9600000, 0x00000000a9700000, 0x00000000a9700000|100%| O|  |TAMS 0x00000000a9700000, 0x00000000a9600000| Untracked 
| 151|0x00000000a9700000, 0x00000000a9800000, 0x00000000a9800000|100%| O|  |TAMS 0x00000000a9800000, 0x00000000a9700000| Untracked 
| 152|0x00000000a9800000, 0x00000000a9899c00, 0x00000000a9900000| 60%| O|  |TAMS 0x00000000a9899c00, 0x00000000a9800000| Untracked 
| 153|0x00000000a9900000, 0x00000000a9900000, 0x00000000a9a00000|  0%| F|  |TAMS 0x00000000a9900000, 0x00000000a9900000| Untracked 
| 154|0x00000000a9a00000, 0x00000000a9a00000, 0x00000000a9b00000|  0%| F|  |TAMS 0x00000000a9a00000, 0x00000000a9a00000| Untracked 
| 155|0x00000000a9b00000, 0x00000000a9b00000, 0x00000000a9c00000|  0%| F|  |TAMS 0x00000000a9b00000, 0x00000000a9b00000| Untracked 
| 156|0x00000000a9c00000, 0x00000000a9c00000, 0x00000000a9d00000|  0%| F|  |TAMS 0x00000000a9c00000, 0x00000000a9c00000| Untracked 
| 157|0x00000000a9d00000, 0x00000000a9d00000, 0x00000000a9e00000|  0%| F|  |TAMS 0x00000000a9d00000, 0x00000000a9d00000| Untracked 
| 158|0x00000000a9e00000, 0x00000000a9e00000, 0x00000000a9f00000|  0%| F|  |TAMS 0x00000000a9e00000, 0x00000000a9e00000| Untracked 
| 159|0x00000000a9f00000, 0x00000000a9f00000, 0x00000000aa000000|  0%| F|  |TAMS 0x00000000a9f00000, 0x00000000a9f00000| Untracked 
| 160|0x00000000aa000000, 0x00000000aa000000, 0x00000000aa100000|  0%| F|  |TAMS 0x00000000aa000000, 0x00000000aa000000| Untracked 
| 161|0x00000000aa100000, 0x00000000aa100000, 0x00000000aa200000|  0%| F|  |TAMS 0x00000000aa100000, 0x00000000aa100000| Untracked 
| 162|0x00000000aa200000, 0x00000000aa200000, 0x00000000aa300000|  0%| F|  |TAMS 0x00000000aa200000, 0x00000000aa200000| Untracked 
| 163|0x00000000aa300000, 0x00000000aa300000, 0x00000000aa400000|  0%| F|  |TAMS 0x00000000aa300000, 0x00000000aa300000| Untracked 
| 164|0x00000000aa400000, 0x00000000aa400000, 0x00000000aa500000|  0%| F|  |TAMS 0x00000000aa400000, 0x00000000aa400000| Untracked 
| 165|0x00000000aa500000, 0x00000000aa500000, 0x00000000aa600000|  0%| F|  |TAMS 0x00000000aa500000, 0x00000000aa500000| Untracked 
| 166|0x00000000aa600000, 0x00000000aa600000, 0x00000000aa700000|  0%| F|  |TAMS 0x00000000aa600000, 0x00000000aa600000| Untracked 
| 167|0x00000000aa700000, 0x00000000aa700000, 0x00000000aa800000|  0%| F|  |TAMS 0x00000000aa700000, 0x00000000aa700000| Untracked 
| 168|0x00000000aa800000, 0x00000000aa800000, 0x00000000aa900000|  0%| F|  |TAMS 0x00000000aa800000, 0x00000000aa800000| Untracked 
| 169|0x00000000aa900000, 0x00000000aa900000, 0x00000000aaa00000|  0%| F|  |TAMS 0x00000000aa900000, 0x00000000aa900000| Untracked 
| 170|0x00000000aaa00000, 0x00000000aaa00000, 0x00000000aab00000|  0%| F|  |TAMS 0x00000000aaa00000, 0x00000000aaa00000| Untracked 
| 171|0x00000000aab00000, 0x00000000aab00000, 0x00000000aac00000|  0%| F|  |TAMS 0x00000000aab00000, 0x00000000aab00000| Untracked 
| 172|0x00000000aac00000, 0x00000000aac00000, 0x00000000aad00000|  0%| F|  |TAMS 0x00000000aac00000, 0x00000000aac00000| Untracked 
| 173|0x00000000aad00000, 0x00000000aad00000, 0x00000000aae00000|  0%| F|  |TAMS 0x00000000aad00000, 0x00000000aad00000| Untracked 
| 174|0x00000000aae00000, 0x00000000aae00000, 0x00000000aaf00000|  0%| F|  |TAMS 0x00000000aae00000, 0x00000000aae00000| Untracked 
| 175|0x00000000aaf00000, 0x00000000aaf00000, 0x00000000ab000000|  0%| F|  |TAMS 0x00000000aaf00000, 0x00000000aaf00000| Untracked 
| 176|0x00000000ab000000, 0x00000000ab000000, 0x00000000ab100000|  0%| F|  |TAMS 0x00000000ab000000, 0x00000000ab000000| Untracked 
| 177|0x00000000ab100000, 0x00000000ab100000, 0x00000000ab200000|  0%| F|  |TAMS 0x00000000ab100000, 0x00000000ab100000| Untracked 
| 178|0x00000000ab200000, 0x00000000ab200000, 0x00000000ab300000|  0%| F|  |TAMS 0x00000000ab200000, 0x00000000ab200000| Untracked 
| 179|0x00000000ab300000, 0x00000000ab300000, 0x00000000ab400000|  0%| F|  |TAMS 0x00000000ab300000, 0x00000000ab300000| Untracked 
| 180|0x00000000ab400000, 0x00000000ab400000, 0x00000000ab500000|  0%| F|  |TAMS 0x00000000ab400000, 0x00000000ab400000| Untracked 
| 181|0x00000000ab500000, 0x00000000ab500000, 0x00000000ab600000|  0%| F|  |TAMS 0x00000000ab500000, 0x00000000ab500000| Untracked 
| 182|0x00000000ab600000, 0x00000000ab600000, 0x00000000ab700000|  0%| F|  |TAMS 0x00000000ab600000, 0x00000000ab600000| Untracked 
| 183|0x00000000ab700000, 0x00000000ab700000, 0x00000000ab800000|  0%| F|  |TAMS 0x00000000ab700000, 0x00000000ab700000| Untracked 
| 184|0x00000000ab800000, 0x00000000ab800000, 0x00000000ab900000|  0%| F|  |TAMS 0x00000000ab800000, 0x00000000ab800000| Untracked 
| 185|0x00000000ab900000, 0x00000000ab900000, 0x00000000aba00000|  0%| F|  |TAMS 0x00000000ab900000, 0x00000000ab900000| Untracked 
| 186|0x00000000aba00000, 0x00000000aba00000, 0x00000000abb00000|  0%| F|  |TAMS 0x00000000aba00000, 0x00000000aba00000| Untracked 
| 187|0x00000000abb00000, 0x00000000abb00000, 0x00000000abc00000|  0%| F|  |TAMS 0x00000000abb00000, 0x00000000abb00000| Untracked 
| 188|0x00000000abc00000, 0x00000000abc00000, 0x00000000abd00000|  0%| F|  |TAMS 0x00000000abc00000, 0x00000000abc00000| Untracked 
| 189|0x00000000abd00000, 0x00000000abd00000, 0x00000000abe00000|  0%| F|  |TAMS 0x00000000abd00000, 0x00000000abd00000| Untracked 
| 190|0x00000000abe00000, 0x00000000abe00000, 0x00000000abf00000|  0%| F|  |TAMS 0x00000000abe00000, 0x00000000abe00000| Untracked 
| 191|0x00000000abf00000, 0x00000000abf00000, 0x00000000ac000000|  0%| F|  |TAMS 0x00000000abf00000, 0x00000000abf00000| Untracked 
| 192|0x00000000ac000000, 0x00000000ac000000, 0x00000000ac100000|  0%| F|  |TAMS 0x00000000ac000000, 0x00000000ac000000| Untracked 
| 193|0x00000000ac100000, 0x00000000ac100000, 0x00000000ac200000|  0%| F|  |TAMS 0x00000000ac100000, 0x00000000ac100000| Untracked 
| 194|0x00000000ac200000, 0x00000000ac2400f0, 0x00000000ac300000| 25%| S|CS|TAMS 0x00000000ac200000, 0x00000000ac200000| Complete 
| 195|0x00000000ac300000, 0x00000000ac400000, 0x00000000ac400000|100%| S|CS|TAMS 0x00000000ac300000, 0x00000000ac300000| Complete 
| 196|0x00000000ac400000, 0x00000000ac500000, 0x00000000ac500000|100%| S|CS|TAMS 0x00000000ac400000, 0x00000000ac400000| Complete 
| 197|0x00000000ac500000, 0x00000000ac500000, 0x00000000ac600000|  0%| F|  |TAMS 0x00000000ac500000, 0x00000000ac500000| Untracked 
| 198|0x00000000ac600000, 0x00000000ac600000, 0x00000000ac700000|  0%| F|  |TAMS 0x00000000ac600000, 0x00000000ac600000| Untracked 
| 199|0x00000000ac700000, 0x00000000ac700000, 0x00000000ac800000|  0%| F|  |TAMS 0x00000000ac700000, 0x00000000ac700000| Untracked 
| 200|0x00000000ac800000, 0x00000000ac800000, 0x00000000ac900000|  0%| F|  |TAMS 0x00000000ac800000, 0x00000000ac800000| Untracked 
| 201|0x00000000ac900000, 0x00000000ac900000, 0x00000000aca00000|  0%| F|  |TAMS 0x00000000ac900000, 0x00000000ac900000| Untracked 
| 202|0x00000000aca00000, 0x00000000aca00000, 0x00000000acb00000|  0%| F|  |TAMS 0x00000000aca00000, 0x00000000aca00000| Untracked 
| 203|0x00000000acb00000, 0x00000000acb00000, 0x00000000acc00000|  0%| F|  |TAMS 0x00000000acb00000, 0x00000000acb00000| Untracked 
| 204|0x00000000acc00000, 0x00000000acc00000, 0x00000000acd00000|  0%| F|  |TAMS 0x00000000acc00000, 0x00000000acc00000| Untracked 
| 205|0x00000000acd00000, 0x00000000acd00000, 0x00000000ace00000|  0%| F|  |TAMS 0x00000000acd00000, 0x00000000acd00000| Untracked 
| 206|0x00000000ace00000, 0x00000000ace00000, 0x00000000acf00000|  0%| F|  |TAMS 0x00000000ace00000, 0x00000000ace00000| Untracked 
| 207|0x00000000acf00000, 0x00000000acf00000, 0x00000000ad000000|  0%| F|  |TAMS 0x00000000acf00000, 0x00000000acf00000| Untracked 
| 208|0x00000000ad000000, 0x00000000ad000000, 0x00000000ad100000|  0%| F|  |TAMS 0x00000000ad000000, 0x00000000ad000000| Untracked 
| 209|0x00000000ad100000, 0x00000000ad100000, 0x00000000ad200000|  0%| F|  |TAMS 0x00000000ad100000, 0x00000000ad100000| Untracked 
| 210|0x00000000ad200000, 0x00000000ad200000, 0x00000000ad300000|  0%| F|  |TAMS 0x00000000ad200000, 0x00000000ad200000| Untracked 
| 211|0x00000000ad300000, 0x00000000ad300000, 0x00000000ad400000|  0%| F|  |TAMS 0x00000000ad300000, 0x00000000ad300000| Untracked 
| 212|0x00000000ad400000, 0x00000000ad400000, 0x00000000ad500000|  0%| F|  |TAMS 0x00000000ad400000, 0x00000000ad400000| Untracked 
| 213|0x00000000ad500000, 0x00000000ad500000, 0x00000000ad600000|  0%| F|  |TAMS 0x00000000ad500000, 0x00000000ad500000| Untracked 
| 214|0x00000000ad600000, 0x00000000ad600000, 0x00000000ad700000|  0%| F|  |TAMS 0x00000000ad600000, 0x00000000ad600000| Untracked 
| 215|0x00000000ad700000, 0x00000000ad700000, 0x00000000ad800000|  0%| F|  |TAMS 0x00000000ad700000, 0x00000000ad700000| Untracked 
| 216|0x00000000ad800000, 0x00000000ad800000, 0x00000000ad900000|  0%| F|  |TAMS 0x00000000ad800000, 0x00000000ad800000| Untracked 
| 217|0x00000000ad900000, 0x00000000ad900000, 0x00000000ada00000|  0%| F|  |TAMS 0x00000000ad900000, 0x00000000ad900000| Untracked 
| 218|0x00000000ada00000, 0x00000000ada00000, 0x00000000adb00000|  0%| F|  |TAMS 0x00000000ada00000, 0x00000000ada00000| Untracked 
| 219|0x00000000adb00000, 0x00000000adb00000, 0x00000000adc00000|  0%| F|  |TAMS 0x00000000adb00000, 0x00000000adb00000| Untracked 
| 220|0x00000000adc00000, 0x00000000adc00000, 0x00000000add00000|  0%| F|  |TAMS 0x00000000adc00000, 0x00000000adc00000| Untracked 
| 221|0x00000000add00000, 0x00000000addc2530, 0x00000000ade00000| 75%| E|  |TAMS 0x00000000add00000, 0x00000000add00000| Complete 

Card table byte_map: [0x0000017af2f90000,0x0000017af3290000] _byte_map_base: 0x0000017af2a90000

Marking Bits (Prev, Next): (CMBitMap*) 0x0000017aef1a70d8, (CMBitMap*) 0x0000017aef1a7110
 Prev Bits: [0x0000017af3590000, 0x0000017af4d90000)
 Next Bits: [0x0000017af4d90000, 0x0000017af6590000)

Polling page: 0x0000017aee950000

Metaspace:

Usage:
  Non-class:     85.82 MB capacity,    83.04 MB ( 97%) used,     2.49 MB (  3%) free+waste,   299.75 KB ( <1%) overhead. 
      Class:     13.75 MB capacity,    12.47 MB ( 91%) used,     1.15 MB (  8%) free+waste,   140.00 KB ( <1%) overhead. 
       Both:     99.57 MB capacity,    95.51 MB ( 96%) used,     3.64 MB (  4%) free+waste,   439.75 KB ( <1%) overhead. 

Virtual space:
  Non-class space:       86.00 MB reserved,      85.92 MB (>99%) committed 
      Class space:        1.00 GB reserved,      13.78 MB (  1%) committed 
             Both:        1.08 GB reserved,      99.70 MB (  9%) committed 

Chunk freelists:
   Non-Class:  36.00 KB
       Class:  0 bytes
        Both:  36.00 KB

MaxMetaspaceSize: 17179869184.00 GB
CompressedClassSpaceSize: 1.00 GB
Initial GC threshold: 20.80 MB
Current GC threshold: 166.17 MB
CDS: off

CodeHeap 'non-profiled nmethods': size=120064Kb used=9245Kb max_used=9245Kb free=110818Kb
 bounds [0x0000017a87ac0000, 0x0000017a883d0000, 0x0000017a8f000000]
CodeHeap 'profiled nmethods': size=120000Kb used=28222Kb max_used=28222Kb free=91777Kb
 bounds [0x0000017a80590000, 0x0000017a82120000, 0x0000017a87ac0000]
CodeHeap 'non-nmethods': size=5696Kb used=2386Kb max_used=2443Kb free=3309Kb
 bounds [0x0000017a80000000, 0x0000017a80270000, 0x0000017a80590000]
 total_blobs=13826 nmethods=12919 adapters=818
 compilation: enabled
              stopped_count=0, restarted_count=0
 full_count=0

Compilation events (20 events):
Event: 75.304 Thread 0x0000017af8a9d800 12986       3       com.google.common.collect.TransformedIterator::hasNext (10 bytes)
Event: 75.305 Thread 0x0000017af8a9d800 nmethod 12986 0x0000017a8211be90 code [0x0000017a8211c040, 0x0000017a8211c208]
Event: 75.305 Thread 0x0000017af8a90000 nmethod 12984 0x0000017a883c7110 code [0x0000017a883c72a0, 0x0000017a883c7398]
Event: 79.494 Thread 0x0000017af8a90000 12987       4       org.gradle.internal.logging.text.AbstractLineChoppingStyledTextOutput$1::execute (9 bytes)
Event: 79.495 Thread 0x0000017af8a9d800 12988       3       org.gradle.internal.io.LineBufferingOutputStream::write (59 bytes)
Event: 79.496 Thread 0x0000017af8a9d800 nmethod 12988 0x0000017a8211c310 code [0x0000017a8211c5e0, 0x0000017a8211d3b8]
Event: 79.496 Thread 0x0000017af8a9d800 12995       2       org.gradle.internal.logging.text.AbstractLineChoppingStyledTextOutput::doAppend (43 bytes)
Event: 79.497 Thread 0x0000017af8a9d800 nmethod 12995 0x0000017a8211d910 code [0x0000017a8211dae0, 0x0000017a8211dda8]
Event: 79.497 Thread 0x0000017af8a9d800 12993       3       org.gradle.internal.io.StreamByteBuffer$StreamByteBufferChunk::write (32 bytes)
Event: 79.497 Thread 0x0000017af8a9d800 nmethod 12993 0x0000017a8211df10 code [0x0000017a8211e0c0, 0x0000017a8211e258]
Event: 79.497 Thread 0x0000017af8a9d800 12989       3       org.gradle.internal.io.StreamByteBuffer$StreamByteBufferOutputStream::write (22 bytes)
Event: 79.498 Thread 0x0000017af8a9d800 nmethod 12989 0x0000017a8211e310 code [0x0000017a8211e4e0, 0x0000017a8211e748]
Event: 79.498 Thread 0x0000017af8a9d800 12994       3       org.gradle.internal.io.LineBufferingOutputStream::endsWithLineSeparator (27 bytes)
Event: 79.498 Thread 0x0000017af8a9d800 nmethod 12994 0x0000017a8211e910 code [0x0000017a8211eac0, 0x0000017a8211ec58]
Event: 79.498 Thread 0x0000017af8a9d800 12992       3       org.gradle.internal.event.BroadcastDispatch$CompositeDispatch::dispatch (9 bytes)
Event: 79.498 Thread 0x0000017af8a9d800 nmethod 12992 0x0000017a8211ed10 code [0x0000017a8211eee0, 0x0000017a8211f2b8]
Event: 79.498 Thread 0x0000017af8a9d800 12997       3       org.gradle.internal.logging.text.AbstractStyledTextOutput::style (20 bytes)
Event: 79.499 Thread 0x0000017af8a9d800 nmethod 12997 0x0000017a8211f410 code [0x0000017a8211f5e0, 0x0000017a8211f848]
Event: 79.501 Thread 0x0000017af8a9d800 12998       1       org.gradle.internal.operations.OperationIdentifier::getId (5 bytes)
Event: 79.501 Thread 0x0000017af8a9d800 nmethod 12998 0x0000017a883c7410 code [0x0000017a883c75c0, 0x0000017a883c7678]

GC Heap History (20 events):
Event: 62.525 GC heap before
{Heap before GC invocations=85 (full 0):
 garbage-first heap   total 157696K, used 142537K [0x00000000a0000000, 0x0000000100000000)
  region size 1024K, 7 young (7168K), 1 survivors (1024K)
 Metaspace       used 94847K, capacity 98676K, committed 98768K, reserved 1134592K
  class space    used 12340K, capacity 13555K, committed 13600K, reserved 1048576K
}
Event: 62.536 GC heap after
{Heap after GC invocations=86 (full 0):
 garbage-first heap   total 157696K, used 138609K [0x00000000a0000000, 0x0000000100000000)
  region size 1024K, 1 young (1024K), 1 survivors (1024K)
 Metaspace       used 94847K, capacity 98676K, committed 98768K, reserved 1134592K
  class space    used 12340K, capacity 13555K, committed 13600K, reserved 1048576K
}
Event: 62.969 GC heap before
{Heap before GC invocations=86 (full 0):
 garbage-first heap   total 157696K, used 144753K [0x00000000a0000000, 0x0000000100000000)
  region size 1024K, 7 young (7168K), 1 survivors (1024K)
 Metaspace       used 94985K, capacity 98854K, committed 99024K, reserved 1134592K
  class space    used 12351K, capacity 13573K, committed 13600K, reserved 1048576K
}
Event: 62.983 GC heap after
{Heap after GC invocations=87 (full 0):
 garbage-first heap   total 189440K, used 140753K [0x00000000a0000000, 0x0000000100000000)
  region size 1024K, 1 young (1024K), 1 survivors (1024K)
 Metaspace       used 94985K, capacity 98854K, committed 99024K, reserved 1134592K
  class space    used 12351K, capacity 13573K, committed 13600K, reserved 1048576K
}
Event: 63.640 GC heap before
{Heap before GC invocations=88 (full 0):
 garbage-first heap   total 189440K, used 152017K [0x00000000a0000000, 0x0000000100000000)
  region size 1024K, 13 young (13312K), 1 survivors (1024K)
 Metaspace       used 95213K, capacity 99091K, committed 99408K, reserved 1134592K
  class space    used 12382K, capacity 13626K, committed 13728K, reserved 1048576K
}
Event: 63.657 GC heap after
{Heap after GC invocations=89 (full 0):
 garbage-first heap   total 189440K, used 143753K [0x00000000a0000000, 0x0000000100000000)
  region size 1024K, 2 young (2048K), 2 survivors (2048K)
 Metaspace       used 95213K, capacity 99091K, committed 99408K, reserved 1134592K
  class space    used 12382K, capacity 13626K, committed 13728K, reserved 1048576K
}
Event: 64.218 GC heap before
{Heap before GC invocations=89 (full 0):
 garbage-first heap   total 189440K, used 156041K [0x00000000a0000000, 0x0000000100000000)
  region size 1024K, 14 young (14336K), 2 survivors (2048K)
 Metaspace       used 95330K, capacity 99288K, committed 99408K, reserved 1134592K
  class space    used 12392K, capacity 13627K, committed 13728K, reserved 1048576K
}
Event: 64.237 GC heap after
{Heap after GC invocations=90 (full 0):
 garbage-first heap   total 189440K, used 147424K [0x00000000a0000000, 0x0000000100000000)
  region size 1024K, 2 young (2048K), 2 survivors (2048K)
 Metaspace       used 95330K, capacity 99288K, committed 99408K, reserved 1134592K
  class space    used 12392K, capacity 13627K, committed 13728K, reserved 1048576K
}
Event: 65.454 GC heap before
{Heap before GC invocations=90 (full 0):
 garbage-first heap   total 189440K, used 158688K [0x00000000a0000000, 0x0000000100000000)
  region size 1024K, 13 young (13312K), 2 survivors (2048K)
 Metaspace       used 95573K, capacity 99547K, committed 99664K, reserved 1134592K
  class space    used 12417K, capacity 13664K, committed 13728K, reserved 1048576K
}
Event: 65.470 GC heap after
{Heap after GC invocations=91 (full 0):
 garbage-first heap   total 189440K, used 149935K [0x00000000a0000000, 0x0000000100000000)
  region size 1024K, 2 young (2048K), 2 survivors (2048K)
 Metaspace       used 95573K, capacity 99547K, committed 99664K, reserved 1134592K
  class space    used 12417K, capacity 13664K, committed 13728K, reserved 1048576K
}
Event: 65.908 GC heap before
{Heap before GC invocations=92 (full 0):
 garbage-first heap   total 189440K, used 160175K [0x00000000a0000000, 0x0000000100000000)
  region size 1024K, 12 young (12288K), 2 survivors (2048K)
 Metaspace       used 95798K, capacity 99755K, committed 99920K, reserved 1136640K
  class space    used 12450K, capacity 13710K, committed 13728K, reserved 1048576K
}
Event: 65.925 GC heap after
{Heap after GC invocations=93 (full 0):
 garbage-first heap   total 227328K, used 151298K [0x00000000a0000000, 0x0000000100000000)
  region size 1024K, 2 young (2048K), 2 survivors (2048K)
 Metaspace       used 95798K, capacity 99755K, committed 99920K, reserved 1136640K
  class space    used 12450K, capacity 13710K, committed 13728K, reserved 1048576K
}
Event: 66.855 GC heap before
{Heap before GC invocations=93 (full 0):
 garbage-first heap   total 227328K, used 170754K [0x00000000a0000000, 0x0000000100000000)
  region size 1024K, 22 young (22528K), 2 survivors (2048K)
 Metaspace       used 96414K, capacity 100415K, committed 100560K, reserved 1136640K
  class space    used 12533K, capacity 13776K, committed 13856K, reserved 1048576K
}
Event: 66.869 GC heap after
{Heap after GC invocations=94 (full 0):
 garbage-first heap   total 227328K, used 153600K [0x00000000a0000000, 0x0000000100000000)
  region size 1024K, 3 young (3072K), 3 survivors (3072K)
 Metaspace       used 96414K, capacity 100415K, committed 100560K, reserved 1136640K
  class space    used 12533K, capacity 13776K, committed 13856K, reserved 1048576K
}
Event: 68.523 GC heap before
{Heap before GC invocations=95 (full 0):
 garbage-first heap   total 227328K, used 175104K [0x00000000a0000000, 0x0000000100000000)
  region size 1024K, 24 young (24576K), 3 survivors (3072K)
 Metaspace       used 97234K, capacity 101306K, committed 101456K, reserved 1136640K
  class space    used 12678K, capacity 13967K, committed 13984K, reserved 1048576K
}
Event: 68.542 GC heap after
{Heap after GC invocations=96 (full 0):
 garbage-first heap   total 227328K, used 156507K [0x00000000a0000000, 0x0000000100000000)
  region size 1024K, 3 young (3072K), 3 survivors (3072K)
 Metaspace       used 97234K, capacity 101306K, committed 101456K, reserved 1136640K
  class space    used 12678K, capacity 13967K, committed 13984K, reserved 1048576K
}
Event: 69.357 GC heap before
{Heap before GC invocations=96 (full 0):
 garbage-first heap   total 227328K, used 178011K [0x00000000a0000000, 0x0000000100000000)
  region size 1024K, 24 young (24576K), 3 survivors (3072K)
 Metaspace       used 97239K, capacity 101308K, committed 101456K, reserved 1136640K
  class space    used 12678K, capacity 13967K, committed 13984K, reserved 1048576K
}
Event: 69.373 GC heap after
{Heap after GC invocations=97 (full 0):
 garbage-first heap   total 227328K, used 157539K [0x00000000a0000000, 0x0000000100000000)
  region size 1024K, 2 young (2048K), 2 survivors (2048K)
 Metaspace       used 97239K, capacity 101308K, committed 101456K, reserved 1136640K
  class space    used 12678K, capacity 13967K, committed 13984K, reserved 1048576K
}
Event: 75.295 GC heap before
{Heap before GC invocations=98 (full 0):
 garbage-first heap   total 227328K, used 181091K [0x00000000a0000000, 0x0000000100000000)
  region size 1024K, 25 young (25600K), 2 survivors (2048K)
 Metaspace       used 97778K, capacity 101964K, committed 102096K, reserved 1136640K
  class space    used 12765K, capacity 14080K, committed 14112K, reserved 1048576K
}
Event: 75.304 GC heap after
{Heap after GC invocations=99 (full 0):
 garbage-first heap   total 227328K, used 158567K [0x00000000a0000000, 0x0000000100000000)
  region size 1024K, 3 young (3072K), 3 survivors (3072K)
 Metaspace       used 97778K, capacity 101964K, committed 102096K, reserved 1136640K
  class space    used 12765K, capacity 14080K, committed 14112K, reserved 1048576K
}

Deoptimization events (20 events):
Event: 69.813 Thread 0x0000017a93a0d000 Uncommon trap: trap_request=0xffffff4d fr.pc=0x0000017a8834af84 relative=0x0000000000000064
Event: 69.813 Thread 0x0000017a93a0d000 Uncommon trap: reason=unstable_if action=reinterpret pc=0x0000017a8834af84 method=org.gradle.api.internal.AbstractTask.notifyProjectAccess()V @ 7 c2
Event: 69.813 Thread 0x0000017a93a0d000 DEOPT PACKING pc=0x0000017a8834af84 sp=0x00000018e85f9600
Event: 69.813 Thread 0x0000017a93a0d000 DEOPT UNPACKING pc=0x0000017a8004a1af sp=0x00000018e85f94e0 mode 2
Event: 79.493 Thread 0x0000017a93a0c000 Uncommon trap: trap_request=0xffffffc6 fr.pc=0x0000017a88022b24 relative=0x0000000000000324
Event: 79.493 Thread 0x0000017a93a0c000 Uncommon trap: reason=bimorphic_or_optimized_type_check action=maybe_recompile pc=0x0000017a88022b24 method=org.gradle.internal.logging.sink.OutputEventRenderer.onOutput(Lorg/gradle/internal/logging/events/OutputEvent;)V @ 1 c2
Event: 79.493 Thread 0x0000017a93a0c000 DEOPT PACKING pc=0x0000017a88022b24 sp=0x00000018ee6fe790
Event: 79.493 Thread 0x0000017a93a0c000 DEOPT UNPACKING pc=0x0000017a8004a1af sp=0x00000018ee6fe748 mode 2
Event: 79.494 Thread 0x0000017a93a0c000 Uncommon trap: trap_request=0xffffffc6 fr.pc=0x0000017a88022b24 relative=0x0000000000000324
Event: 79.494 Thread 0x0000017a93a0c000 Uncommon trap: reason=bimorphic_or_optimized_type_check action=maybe_recompile pc=0x0000017a88022b24 method=org.gradle.internal.logging.sink.OutputEventRenderer.onOutput(Lorg/gradle/internal/logging/events/OutputEvent;)V @ 1 c2
Event: 79.494 Thread 0x0000017a93a0c000 DEOPT PACKING pc=0x0000017a88022b24 sp=0x00000018ee6fe790
Event: 79.494 Thread 0x0000017a93a0c000 DEOPT UNPACKING pc=0x0000017a8004a1af sp=0x00000018ee6fe748 mode 2
Event: 79.494 Thread 0x0000017a93a0c000 Uncommon trap: trap_request=0xffffffc6 fr.pc=0x0000017a88022b24 relative=0x0000000000000324
Event: 79.494 Thread 0x0000017a93a0c000 Uncommon trap: reason=bimorphic_or_optimized_type_check action=maybe_recompile pc=0x0000017a88022b24 method=org.gradle.internal.logging.sink.OutputEventRenderer.onOutput(Lorg/gradle/internal/logging/events/OutputEvent;)V @ 1 c2
Event: 79.494 Thread 0x0000017a93a0c000 DEOPT PACKING pc=0x0000017a88022b24 sp=0x00000018ee6fe790
Event: 79.494 Thread 0x0000017a93a0c000 DEOPT UNPACKING pc=0x0000017a8004a1af sp=0x00000018ee6fe748 mode 2
Event: 79.495 Thread 0x0000017a93a0c000 Uncommon trap: trap_request=0xffffffc6 fr.pc=0x0000017a88022b24 relative=0x0000000000000324
Event: 79.495 Thread 0x0000017a93a0c000 Uncommon trap: reason=bimorphic_or_optimized_type_check action=maybe_recompile pc=0x0000017a88022b24 method=org.gradle.internal.logging.sink.OutputEventRenderer.onOutput(Lorg/gradle/internal/logging/events/OutputEvent;)V @ 1 c2
Event: 79.495 Thread 0x0000017a93a0c000 DEOPT PACKING pc=0x0000017a88022b24 sp=0x00000018ee6fe790
Event: 79.495 Thread 0x0000017a93a0c000 DEOPT UNPACKING pc=0x0000017a8004a1af sp=0x00000018ee6fe748 mode 2

Classes redefined (0 events):
No events

Internal exceptions (20 events):
Event: 69.863 Thread 0x0000017a93a0d000 Exception <a 'java/lang/ClassNotFoundException'{0x00000000acb89a10}: org/gradle/process/internal/DefaultExecActionBeanInfo> (0x00000000acb89a10) thrown at [./src/hotspot/share/classfile/systemDictionary.cpp, line 231]
Event: 69.865 Thread 0x0000017a93a0d000 Exception <a 'java/lang/ClassNotFoundException'{0x00000000acbbd848}: org/gradle/process/internal/DefaultExecHandleBuilderBeanInfo> (0x00000000acbbd848) thrown at [./src/hotspot/share/classfile/systemDictionary.cpp, line 231]
Event: 69.867 Thread 0x0000017a93a0d000 Exception <a 'java/lang/ClassNotFoundException'{0x00000000acbf2280}: org/gradle/process/internal/AbstractExecHandleBuilderBeanInfo> (0x00000000acbf2280) thrown at [./src/hotspot/share/classfile/systemDictionary.cpp, line 231]
Event: 69.871 Thread 0x0000017a93a0d000 Exception <a 'java/lang/ClassNotFoundException'{0x00000000aca271e8}: org/gradle/process/internal/DefaultProcessForkOptionsBeanInfo> (0x00000000aca271e8) thrown at [./src/hotspot/share/classfile/systemDictionary.cpp, line 231]
Event: 69.893 Thread 0x0000017a93a0d000 Exception <a 'java/lang/ClassNotFoundException'{0x00000000aca5c938}: org/gradle/process/internal/DefaultProcessForkOptionsCustomizer> (0x00000000aca5c938) thrown at [./src/hotspot/share/classfile/systemDictionary.cpp, line 231]
Event: 69.963 Thread 0x0000017a93a0d000 Exception <a 'java/lang/ClassNotFoundException'{0x00000000aca9e450}: org/gradle/process/internal/AbstractExecHandleBuilderCustomizer> (0x00000000aca9e450) thrown at [./src/hotspot/share/classfile/systemDictionary.cpp, line 231]
Event: 69.969 Thread 0x0000017a93a0d000 Exception <a 'java/lang/ClassNotFoundException'{0x00000000acae4418}: org/gradle/process/internal/DefaultExecHandleBuilderCustomizer> (0x00000000acae4418) thrown at [./src/hotspot/share/classfile/systemDictionary.cpp, line 231]
Event: 69.972 Thread 0x0000017a93a0d000 Exception <a 'java/lang/ClassNotFoundException'{0x00000000ac941ec0}: org/gradle/process/internal/DefaultExecActionCustomizer> (0x00000000ac941ec0) thrown at [./src/hotspot/share/classfile/systemDictionary.cpp, line 231]
Event: 69.973 Thread 0x0000017a93a0d000 Exception <a 'java/lang/ClassNotFoundException'{0x00000000ac97f1a0}: org/gradle/process/internal/DefaultExecAction_DecoratedCustomizer> (0x00000000ac97f1a0) thrown at [./src/hotspot/share/classfile/systemDictionary.cpp, line 231]
Event: 69.976 Thread 0x0000017a93a0d000 Exception <a 'java/lang/ClassNotFoundException'{0x00000000ac9d8d88}: org/gradle/api/logging/LogLevelBeanInfo> (0x00000000ac9d8d88) thrown at [./src/hotspot/share/classfile/systemDictionary.cpp, line 231]
Event: 69.978 Thread 0x0000017a93a0d000 Exception <a 'java/lang/ClassNotFoundException'{0x00000000ac604510}: org/gradle/api/logging/LogLevelCustomizer> (0x00000000ac604510) thrown at [./src/hotspot/share/classfile/systemDictionary.cpp, line 231]
Event: 69.991 Thread 0x0000017a93a0d000 Exception <a 'java/lang/ClassNotFoundException'{0x00000000ac678438}: org/gradle/internal/logging/services/DefaultLoggingManagerBeanInfo> (0x00000000ac678438) thrown at [./src/hotspot/share/classfile/systemDictionary.cpp, line 231]
Event: 69.992 Thread 0x0000017a93a0d000 Exception <a 'java/lang/ClassNotFoundException'{0x00000000ac6adbb0}: org/gradle/internal/logging/services/DefaultLoggingManagerCustomizer> (0x00000000ac6adbb0) thrown at [./src/hotspot/share/classfile/systemDictionary.cpp, line 231]
Event: 69.997 Thread 0x0000017a93a0d000 Exception <a 'java/lang/ClassNotFoundException'{0x00000000ac6ea9d0}: java/lang/BooleanBeanInfo> (0x00000000ac6ea9d0) thrown at [./src/hotspot/share/classfile/systemDictionary.cpp, line 231]
Event: 70.001 Thread 0x0000017a93a0d000 Exception <a 'java/lang/ClassNotFoundException'{0x00000000ac6f7770}: java/lang/BooleanCustomizer> (0x00000000ac6f7770) thrown at [./src/hotspot/share/classfile/systemDictionary.cpp, line 231]
Event: 70.123 Thread 0x0000017a93a0e800 Exception <a 'java/lang/NoSuchMethodError'{0x00000000ac568d70}: 'void java.lang.invoke.DirectMethodHandle$Holder.invokeStatic(java.lang.Object, long)'> (0x00000000ac568d70) thrown at [./src/hotspot/share/interpreter/linkResolver.cpp, line 773]
Event: 70.124 Thread 0x0000017a93a0e800 Exception <a 'java/lang/NoSuchMethodError'{0x00000000ac56dce0}: 'java.lang.Object java.lang.invoke.DirectMethodHandle$Holder.invokeStatic(java.lang.Object, long)'> (0x00000000ac56dce0) thrown at [./src/hotspot/share/interpreter/linkResolver.cpp, line 773]
Event: 70.127 Thread 0x0000017a93a0e800 Exception <a 'java/lang/NoSuchMethodError'{0x00000000ac57c010}: 'java.lang.Object java.lang.invoke.DirectMethodHandle$Holder.invokeStaticInit(java.lang.Object, java.lang.Object, long, java.lang.Object)'> (0x00000000ac57c010) thrown at [./src/hotspot/share/interpreter/linkResolver.cpp, line 773]
Event: 70.128 Thread 0x0000017a93a0e800 Exception <a 'java/lang/NoSuchMethodError'{0x00000000ac582158}: 'java.lang.Object java.lang.invoke.DirectMethodHandle$Holder.invokeStatic(java.lang.Object, java.lang.Object, long)'> (0x00000000ac582158) thrown at [./src/hotspot/share/interpreter/linkResolver.cpp, line 773]
Event: 70.128 Thread 0x0000017a93a0e800 Exception <a 'java/lang/NoSuchMethodError'{0x00000000ac588428}: 'java.lang.Object java.lang.invoke.Invokers$Holder.linkToTargetMethod(java.lang.Object, long, java.lang.Object)'> (0x00000000ac588428) thrown at [./src/hotspot/share/interpreter/linkResolver.cpp, line 773]

Events (20 events):
Event: 70.129 Executing VM operation: Deoptimize
Event: 70.131 Executing VM operation: Deoptimize done
Event: 70.131 loading class org/gradle/process/internal/streams/ExecOutputHandleRunner
Event: 70.131 loading class org/gradle/process/internal/streams/ExecOutputHandleRunner done
Event: 70.135 Thread 0x0000017a93a0c000 Thread added: 0x0000017a93a0c000
Event: 70.135 Thread 0x0000017a93a0d800 Thread added: 0x0000017a93a0d800
Event: 70.421 Executing VM operation: CGC_Operation
Event: 70.421 Executing VM operation: CGC_Operation done
Event: 75.295 Executing VM operation: G1CollectForAllocation
Event: 75.304 Executing VM operation: G1CollectForAllocation done
Event: 79.491 loading class org/gradle/internal/logging/events/StyledTextOutputEvent$Span
Event: 79.491 loading class org/gradle/internal/logging/events/StyledTextOutputEvent$Span done
Event: 79.491 loading class org/gradle/internal/logging/events/operations/StyledTextBuildOperationProgressDetails$Span
Event: 79.491 loading class org/gradle/internal/logging/events/operations/StyledTextBuildOperationProgressDetails$Span done
Event: 79.491 loading class org/gradle/internal/operations/logging/StyledTextBuildOperationProgressDetails$Span
Event: 79.491 loading class org/gradle/internal/operations/logging/StyledTextBuildOperationProgressDetails$Span done
Event: 79.491 Executing VM operation: RevokeBias
Event: 79.492 Executing VM operation: RevokeBias done
Event: 79.492 Executing VM operation: RevokeBias
Event: 79.493 Executing VM operation: RevokeBias done


Dynamic libraries:
0x00007ff69d9a0000 - 0x00007ff69d9aa000 	D:\Downloads\Android-studio\jre\bin\java.exe
0x00007ff8ea630000 - 0x00007ff8ea828000 	C:\WINDOWS\SYSTEM32\ntdll.dll
0x00007ff8ea020000 - 0x00007ff8ea0df000 	C:\WINDOWS\System32\KERNEL32.DLL
0x00007ff8e7dd0000 - 0x00007ff8e80c6000 	C:\WINDOWS\System32\KERNELBASE.dll
0x00007ff8e80d0000 - 0x00007ff8e81d0000 	C:\WINDOWS\System32\ucrtbase.dll
0x00007ff8d0950000 - 0x00007ff8d0967000 	D:\Downloads\Android-studio\jre\bin\VCRUNTIME140.dll
0x00007ff8d20c0000 - 0x00007ff8d20d9000 	D:\Downloads\Android-studio\jre\bin\jli.dll
0x00007ff8e9620000 - 0x00007ff8e97bd000 	C:\WINDOWS\System32\USER32.dll
0x00007ff8e8540000 - 0x00007ff8e8562000 	C:\WINDOWS\System32\win32u.dll
0x00007ff8e8dc0000 - 0x00007ff8e8dec000 	C:\WINDOWS\System32\GDI32.dll
0x00007ff8e8570000 - 0x00007ff8e8685000 	C:\WINDOWS\System32\gdi32full.dll
0x00007ff8e8470000 - 0x00007ff8e850d000 	C:\WINDOWS\System32\msvcp_win.dll
0x00007ff8d3ac0000 - 0x00007ff8d3d5a000 	C:\WINDOWS\WinSxS\amd64_microsoft.windows.common-controls_6595b64144ccf1df_6.0.19041.1110_none_60b5254171f9507e\COMCTL32.dll
0x00007ff8e9580000 - 0x00007ff8e961e000 	C:\WINDOWS\System32\msvcrt.dll
0x00007ff8ea0e0000 - 0x00007ff8ea110000 	C:\WINDOWS\System32\IMM32.DLL
0x00007ff8be2a0000 - 0x00007ff8be33d000 	D:\Downloads\Android-studio\jre\bin\msvcp140.dll
0x00007ff8841b0000 - 0x00007ff884cb2000 	D:\Downloads\Android-studio\jre\bin\server\jvm.dll
0x00007ff8e8c00000 - 0x00007ff8e8caf000 	C:\WINDOWS\System32\ADVAPI32.dll
0x00007ff8e8b60000 - 0x00007ff8e8bfc000 	C:\WINDOWS\System32\sechost.dll
0x00007ff8e8df0000 - 0x00007ff8e8f16000 	C:\WINDOWS\System32\RPCRT4.dll
0x00007ff8e9430000 - 0x00007ff8e9438000 	C:\WINDOWS\System32\PSAPI.DLL
0x00007ff8bdfe0000 - 0x00007ff8be007000 	C:\WINDOWS\SYSTEM32\WINMM.dll
0x00007ff8dc450000 - 0x00007ff8dc45a000 	C:\WINDOWS\SYSTEM32\VERSION.dll
0x00007ff8e0340000 - 0x00007ff8e0349000 	C:\WINDOWS\SYSTEM32\WSOCK32.dll
0x00007ff8ea500000 - 0x00007ff8ea56b000 	C:\WINDOWS\System32\WS2_32.dll
0x00007ff8e6560000 - 0x00007ff8e6572000 	C:\WINDOWS\SYSTEM32\kernel.appcore.dll
0x00007ff8cece0000 - 0x00007ff8cecf1000 	D:\Downloads\Android-studio\jre\bin\verify.dll
0x00007ff8e5ba0000 - 0x00007ff8e5d84000 	C:\WINDOWS\SYSTEM32\DBGHELP.DLL
0x00007ff8cb810000 - 0x00007ff8cb844000 	C:\WINDOWS\SYSTEM32\dbgcore.DLL
0x00007ff8e81d0000 - 0x00007ff8e8252000 	C:\WINDOWS\System32\bcryptPrimitives.dll
0x00007ff8cecb0000 - 0x00007ff8cecd9000 	D:\Downloads\Android-studio\jre\bin\java.dll
0x00007ff8dd200000 - 0x00007ff8dd20b000 	D:\Downloads\Android-studio\jre\bin\jimage.dll
0x00007ff8cec90000 - 0x00007ff8ceca8000 	D:\Downloads\Android-studio\jre\bin\zip.dll
0x00007ff8e98d0000 - 0x00007ff8ea014000 	C:\WINDOWS\System32\SHELL32.dll
0x00007ff8e5d90000 - 0x00007ff8e6523000 	C:\WINDOWS\SYSTEM32\windows.storage.dll
0x00007ff8ea110000 - 0x00007ff8ea464000 	C:\WINDOWS\System32\combase.dll
0x00007ff8e7700000 - 0x00007ff8e772e000 	C:\WINDOWS\SYSTEM32\Wldp.dll
0x00007ff8e8d10000 - 0x00007ff8e8dbd000 	C:\WINDOWS\System32\SHCORE.dll
0x00007ff8e8cb0000 - 0x00007ff8e8d05000 	C:\WINDOWS\System32\shlwapi.dll
0x00007ff8e7c50000 - 0x00007ff8e7c6f000 	C:\WINDOWS\SYSTEM32\profapi.dll
0x00007ff8ca7a0000 - 0x00007ff8ca7ba000 	D:\Downloads\Android-studio\jre\bin\net.dll
0x00007ff8d6a60000 - 0x00007ff8d6b6a000 	C:\WINDOWS\SYSTEM32\WINHTTP.dll
0x00007ff8e7460000 - 0x00007ff8e74ca000 	C:\WINDOWS\system32\mswsock.dll
0x00007ff8c7700000 - 0x00007ff8c7714000 	D:\Downloads\Android-studio\jre\bin\nio.dll
0x00007ff8c6550000 - 0x00007ff8c6577000 	C:\Users\wiz tech\.gradle\native\e1d6ef7f7dcc3fd88c89a11ec53ec762bb8ba0a96d01ffa2cd45eb1d1d8dd5c5\windows-amd64\native-platform.dll
0x00007ff8b16d0000 - 0x00007ff8b1814000 	C:\Users\wiz tech\.gradle\native\0d407fdbe67a94daf76414ababcb853783967236a71b16ec16e742cd7a986fd3\windows-amd64\native-platform-file-events.dll
0x00007ff8d2e90000 - 0x00007ff8d2e9a000 	D:\Downloads\Android-studio\jre\bin\management.dll
0x00007ff8d2b40000 - 0x00007ff8d2b4d000 	D:\Downloads\Android-studio\jre\bin\management_ext.dll
0x00007ff8e7650000 - 0x00007ff8e7668000 	C:\WINDOWS\SYSTEM32\CRYPTSP.dll
0x00007ff8e6d80000 - 0x00007ff8e6db4000 	C:\WINDOWS\system32\rsaenh.dll
0x00007ff8e8510000 - 0x00007ff8e8537000 	C:\WINDOWS\System32\bcrypt.dll
0x00007ff8e7c10000 - 0x00007ff8e7c3e000 	C:\WINDOWS\SYSTEM32\USERENV.dll
0x00007ff8e7670000 - 0x00007ff8e767c000 	C:\WINDOWS\SYSTEM32\CRYPTBASE.dll
0x00007ff8e7150000 - 0x00007ff8e718c000 	C:\WINDOWS\SYSTEM32\IPHLPAPI.DLL
0x00007ff8e9570000 - 0x00007ff8e9578000 	C:\WINDOWS\System32\NSI.dll
0x00007ff8da3d0000 - 0x00007ff8da3e7000 	C:\WINDOWS\SYSTEM32\dhcpcsvc6.DLL
0x00007ff8da530000 - 0x00007ff8da54d000 	C:\WINDOWS\SYSTEM32\dhcpcsvc.DLL
0x00007ff8e7190000 - 0x00007ff8e725b000 	C:\WINDOWS\SYSTEM32\DNSAPI.dll
0x00007ff8c7650000 - 0x00007ff8c7667000 	C:\WINDOWS\system32\napinsp.dll
0x00007ff8c7670000 - 0x00007ff8c768b000 	C:\WINDOWS\system32\pnrpnsp.dll
0x00007ff8c7690000 - 0x00007ff8c76a5000 	C:\WINDOWS\system32\wshbth.dll
0x00007ff8e02b0000 - 0x00007ff8e02cd000 	C:\WINDOWS\system32\NLAapi.dll
0x00007ff8c7ae0000 - 0x00007ff8c7af2000 	C:\WINDOWS\System32\winrnr.dll
0x00007ff8d1f10000 - 0x00007ff8d1f1a000 	C:\Windows\System32\rasadhlp.dll
0x00007ff8d2e00000 - 0x00007ff8d2e82000 	C:\WINDOWS\System32\fwpuclnt.dll

dbghelp: loaded successfully - version: 4.0.5 - missing functions: none
symbol engine: initialized successfully - sym options: 0x614 - pdb path: .;D:\Downloads\Android-studio\jre\bin;C:\WINDOWS\SYSTEM32;C:\WINDOWS\WinSxS\amd64_microsoft.windows.common-controls_6595b64144ccf1df_6.0.19041.1110_none_60b5254171f9507e;D:\Downloads\Android-studio\jre\bin\server;C:\Users\wiz tech\.gradle\native\e1d6ef7f7dcc3fd88c89a11ec53ec762bb8ba0a96d01ffa2cd45eb1d1d8dd5c5\windows-amd64;C:\Users\wiz tech\.gradle\native\0d407fdbe67a94daf76414ababcb853783967236a71b16ec16e742cd7a986fd3\windows-amd64

VM Arguments:
jvm_args: --add-opens=java.base/java.util=ALL-UNNAMED --add-opens=java.base/java.lang=ALL-UNNAMED --add-opens=java.base/java.lang.invoke=ALL-UNNAMED --add-opens=java.base/java.util=ALL-UNNAMED --add-opens=java.prefs/java.util.prefs=ALL-UNNAMED --add-opens=java.prefs/java.util.prefs=ALL-UNNAMED --add-opens=java.base/java.nio.charset=ALL-UNNAMED --add-opens=java.base/java.net=ALL-UNNAMED --add-opens=java.base/java.util.concurrent.atomic=ALL-UNNAMED -Xmx1536M -Dfile.encoding=windows-1252 -Duser.country=US -Duser.language=en -Duser.variant 
java_command: org.gradle.launcher.daemon.bootstrap.GradleDaemon 7.4
java_class_path (initial): C:\Users\wiz tech\.gradle\wrapper\dists\gradle-7.4-all\aadb4xli5jkdsnukm30eibyiu\gradle-7.4\lib\gradle-launcher-7.4.jar
Launcher Type: SUN_STANDARD

[Global flags]
     intx CICompilerCount                          = 3                                         {product} {ergonomic}
     uint ConcGCThreads                            = 1                                         {product} {ergonomic}
     uint G1ConcRefinementThreads                  = 4                                         {product} {ergonomic}
   size_t G1HeapRegionSize                         = 1048576                                   {product} {ergonomic}
    uintx GCDrainStackTargetSize                   = 64                                        {product} {ergonomic}
   size_t InitialHeapSize                          = 134217728                                 {product} {ergonomic}
   size_t MarkStackSize                            = 4194304                                   {product} {ergonomic}
   size_t MaxHeapSize                              = 1610612736                                {product} {command line}
   size_t MaxNewSize                               = 965738496                                 {product} {ergonomic}
   size_t MinHeapDeltaBytes                        = 1048576                                   {product} {ergonomic}
    uintx NonNMethodCodeHeapSize                   = 5830732                                {pd product} {ergonomic}
    uintx NonProfiledCodeHeapSize                  = 122913754                              {pd product} {ergonomic}
    uintx ProfiledCodeHeapSize                     = 122913754                              {pd product} {ergonomic}
    uintx ReservedCodeCacheSize                    = 251658240                              {pd product} {ergonomic}
     bool SegmentedCodeCache                       = true                                      {product} {ergonomic}
     bool UseCompressedClassPointers               = true                                 {lp64_product} {ergonomic}
     bool UseCompressedOops                        = true                                 {lp64_product} {ergonomic}
     bool UseG1GC                                  = true                                      {product} {ergonomic}
     bool UseLargePagesIndividualAllocation        = false                                  {pd product} {ergonomic}

Logging:
Log output configuration:
 #0: stdout all=warning uptime,level,tags
 #1: stderr all=off uptime,level,tags

Environment Variables:
JAVA_HOME=D:\Downloads\Android-studio\jre
CLASSPATH=D:\Projects\Flutter Projects\GateKepeerApp-2-27-2023-main\android\\gradle\wrapper\gradle-wrapper.jar
PATH=C:\Program Files\Common Files\Oracle\Java\javapath;C:\WINDOWS\system32;C:\WINDOWS;C:\WINDOWS\System32\Wbem;C:\WINDOWS\System32\WindowsPowerShell\v1.0\;C:\WINDOWS\System32\OpenSSH\;C:\Program Files (x86)\Intel\Intel(R) Management Engine Components\DAL;C:\Program Files\Intel\Intel(R) Management Engine Components\DAL;D:\Downloads\xamp setup\php;C:\ProgramData\ComposerSetup\bin;C:\Users\wiz tech\AppData\Local\Microsoft\WindowsApps;D:\Downloads\flutter\bin;D:\Downloads\bin;D:\Downloads\visual studio\vscode\bin;D:\Downloads\Visual studio\bin;D:\Downloads\visual studio\visualcodesetup\bin;D:\Downloads\android-sdk\platform-tools;C:\Users\wiz tech\AppData\Local\Pub\Cache\bin;C:\Users\wiz tech\AppData\Local\Pub\Cache\bin;C:\Users\wiz tech\AppData\Roaming\Composer\vendor\bin;D:\Downloads\flutter\bin\mingit\cmd
USERNAME=Zarish
OS=Windows_NT
PROCESSOR_IDENTIFIER=Intel64 Family 6 Model 78 Stepping 3, GenuineIntel



---------------  S Y S T E M  ---------------

OS: Windows 10 , 64 bit Build 19041 (10.0.19041.2913)
OS uptime: 0 days 1:12 hours

CPU:total 4 (initial active 4) (2 cores per cpu, 2 threads per core) family 6 model 78 stepping 3 microcode 0xf0, cmov, cx8, fxsr, mmx, sse, sse2, sse3, ssse3, sse4.1, sse4.2, popcnt, avx, avx2, aes, clmul, erms, rtm, 3dnowpref, lzcnt, ht, tsc, tscinvbit, bmi1, bmi2, adx, fma

Memory: 4k page, system-wide physical 8072M (819M free)
TotalPageFile size 8072M (AvailPageFile size 216M)
current process WorkingSet (physical memory assigned to process): 456M, peak: 487M
current process commit charge ("private bytes"): 520M, peak: 552M

vm_info: OpenJDK 64-Bit Server VM (11.0.13+0-b1751.21-8125866) for windows-amd64 JRE (11.0.13+0-b1751.21-8125866), built on Feb  2 2022 03:00:22 by "builder" with MS VC++ 14.0 (VS2015)

END.
